24930 24930
43803 43803
45656 45656
68575 68575
82617 82617
83706 83706
85268 85268
98536 98536
130410 130410
141122 141122
162856 162856
170792 170792
199867 199867
228320 228320
244378 244378
260388 260388
284228 284228
295046 295046
327653 327653
353489 353489
383769 383769
410932 410932
414288 414288
415856 415856
423200 423200
430647 430647
444162 444162
457317 457317
487318 487318
490129 490129
505539 505539
506620 506620
522697 522697
532436 532436
564837 564837
569110 569110
598782 598782
629360 629360
643560 643560
668370 668370
671366 671366
682345 682345
710980 710980
741146 741146
769800 769800
801929 801929
818673 818673
838959 838959
870391 870391
875507 875507
901131 901131
906001 906001
910391 910391
942132 942132
956985 956985
971756 971756
983288 983288
1007037 1007037
1026872 1026872
1052514 1052514
1080249 1080249
1087178 1087178
1117211 1117211
1133269 1133269
1163905 1163905
1193665 1193665
1198651 1198651
1204120 1204120
1226055 1226055
1247742 1247742
1256405 1256405
1288464 1288464
1320837 1320837
1348874 1348874
1349209 1349209
1363401 1363401
1380612 1380612
1400391 1400391
1416553 1416553
1429112 1429112
1453264 1453264
1453326 1453326
1470856 1470856
1488367 1488367
1504607 1504607
1536312 1536312
1545596 1545596
1553665 1553665
1580268 1580268
1603096 1603096
1634645 1634645
1664335 1664335
1691892 1691892
1700837 1700837
1706549 1706549
1728019 1728019
1755130 1755130
1770139 1770139
1791418 1791418
1816014 1816014
1820773 1820773
1827135 1827135
1855519 1855519
1866735 1866735
1869722 1869722
1897630 1897630
1911816 1911816
1942879 1942879
1962050 1962050
1986678 1986678
2007813 2007813
2021131 2021131
2035395 2035395
2067987 2067987
2072000 2072000
2091350 2091350
2101990 2101990
2106203 2106203
2136795 2136795
2158457 2158457
2164140 2164140
2186561 2186561
2190203 2190203
2194900 2194900
2196054 2196054
2199739 2199739
2231441 2231441
2251323 2251323
2257314 2257314
2262296 2262296
2266049 2266049
2273566 2273566
2291238 2291238
2296519 2296519
2316033 2316033
2316977 2316977
2320625 2320625
2335130 2335130
2336237 2336237
2337535 2337535
2356558 2356558
2359658 2359658
2366402 2366402
2373612 2373612
2396860 2396860
2410550 2410550
2441486 2441486
2453545 2453545
2477077 2477077
2490542 2490542
2515984 2515984
2543127 2543127
2552549 2552549
2565165 2565165
2571975 2571975
2580889 2580889
2592239 2592239
2599714 2599714
2601389 2601389
2612181 2612181
2621927 2621927
2633454 2633454
2656813 2656813
2668526 2668526
2696024 2696024
2723886 2723886
2751419 2751419
2755486 2755486
2756792 2756792
2786420 2786420
2794151 2794151
2816720 2816720
2843574 2843574
2875001 2875001
2889630 2889630
2898210 2898210
2914474 2914474
2937774 2937774
2968274 2968274
2978897 2978897
2997055 2997055
3011150 3011150
3018207 3018207
3044006 3044006
3053384 3053384
3074773 3074773
3105625 3105625
3121219 3121219
3136717 3136717
3162097 3162097
3169034 3169034
3192425 3192425
3216954 3216954
3235797 3235797
3240415 3240415
3250086 3250086
3276747 3276747
3283466 3283466
3284109 3284109
3304447 3304447
3309346 3309346
3331239 3331239
3363800 3363800
3373053 3373053
3385868 3385868
3396604 3396604
3418521 3418521
3447219 3447219
3447676 3447676
3463089 3463089
3480937 3480937
3491506 3491506
3507630 3507630
3522636 3522636
3545090 3545090
3560936 3560936
3580033 3580033
3596333 3596333
3613773 3613773
3625080 3625080
3654396 3654396
3672828 3672828
3681569 3681569
3699832 3699832
3712773 3712773
3729024 3729024
3749554 3749554
3769513 3769513
3769930 3769930
3796975 3796975
3816113 3816113
3829781 3829781
3862358 3862358
3872929 3872929
3898903 3898903
3919012 3919012
3924440 3924440
3951941 3951941
3958701 3958701
3968931 3968931
3993884 3993884
4008563 4008563
4034096 4034096
4054833 4054833
4086705 4086705
4100542 4100542
4121911 4121911
4147108 4147108
4175678 4175678
4178474 4178474
4202433 4202433
4231133 4231133
4259722 4259722
4261657 4261657
4263795 4263795
4282252 4282252
4294584 4294584
4325544 4325544
4355974 4355974
4364895 4364895
4390053 4390053
4421748 4421748
4422246 4422246
4432679 4432679
4446085 4446085
4466141 4466079
4487431 4487034
4516336 4515522
4542380 4541109
4568236 4566467
4582107 4579695
4605947 4602591
4622973 4618536
4641069 4635543
4646279 4639646
4676791 4669004
4683928 4674843
4713661 4703270
4733758 4721805
4746913 4733392
4751149 4735953
4775364 4758315
4802261 4783277
4817690 4796568
4832391 4808473
4845087 4818358
4861052 4831336
4872232 4839520
4875968 4840156
4905728 4866560
4916790 4873980
4938540 4892082
4944809 4894666
4962608 4908729
4989676 4932044
4990846 4932044
5007583 4944768
5021905 4955023
5025604 4955023
5048326 4973532
5071637 4992607
5075847 4992607
5099297 5011784
5105343 5013440
5116809 5020288
5144594 5043376
5168842 5062865
5178663 5067816
5186222 5070476
5191260 5050584
5194451 5036610
5195939 5036610
5215996 5033748
5246703 5050413
5266852 5065663
5297619 5091448
5312256 5092817
5322981 5071668
5337534 5075509
5350870 5067111
5361037 5069342
5378368 5057598
5400483 5051260
5419128 5053847
5424932 5043641
5428919 5024783
5447295 5032341
5453405 5005844
5476239 5002842
5504241 5000564
5512813 4981973
5514763 4981973
5519008 4981973
5534250 4989871
5550970 4999144
5572340 5006999
5591855 5013359
5610072 5001575
5613654 5001575
5621094 4993605
5647168 5014697
5649072 5003602
5670834 5015625
5679726 4992116
5707862 5015270
5718175 4995911
5733195 4980353
5749420 4982378
5764863 4973011
5775163 4978325
5803951 4996134
5809941 4973489
5841032 4974414
5844507 4950746
5854120 4928230
5860006 4917372
5873123 4910203
5903519 4909167
5929564 4930096
5939209 4914117
5960386 4930308
5962930 4930308
5986077 4921714
5999141 4919925
6000603 4910140
6002669 4903590
6011367 4888539
6011555 4873603
6040415 4876821
6042169 4853845
6054798 4859545
6074719 4849433
6090401 4849057
6096083 4824103
6125726 4823986
6143950 4837224
6166511 4854316
6188239 4854109
6195693 4839876
6220624 4856144
6250393 4853854
6264831 4835919
6289877 4832928
6322546 4860838
6332196 4856296
6335306 4843844
6337829 4828762
6340895 4817218
6351285 4815049
6378879 4818491
6383298 4818491
6409161 4826824
6419623 4819775
6435210 4819122
6454515 4806722
6472056 4814979
6479698 4814552
6507298 4815549
6522721 4808144
6523595 4781014
6527231 4755569
6555873 4756654
6563014 4754850
6587375 4773499
6607894 4772548
6631124 4768667
6645582 4768116
6654849 4756104
6661485 4738144
6691951 4763851
6702753 4768291
6727775 4764929
6758100 4784038
6772991 4794684
6776487 4771021
6779244 4761071
6808522 4759286
6812032 4744328
6826486 4734154
6836806 4723339
6842215 4715430
6855404 4714355
6862576 4688935
6862821 4688935
6894190 4700954
6913011 4709135
6932112 4724023
6955055 4716374
6963352 4703009
6975782 4709756
6996974 4708527
7010172 4717489
7025673 4728293
7048851 4747226
7074664 4768620
7085831 4748085
7097848 4740220
7115218 4751599
7145608 4777007
7169878 4796659
7195527 4814791
7202684 4804276
7225740 4822051
7256453 4833250
7271878 4843776
7296792 4863652
7327658 4880013
7346833 4893978
7365615 4907351
7395448 4918161
7406334 4923619
7414662 4925203
7446218 4949549
7472511 4952594
7495972 4962365
7502242 4937699
7504964 4931068
7506784 4912945
7536016 4928712
7553389 4920643
7567928 4908039
7597642 4928331
7608966 4927039
7632821 4944084
7647075 4949424
7660157 4951156
7686603 4970127
7703431 4981546
7723407 4990730
7728606 4986393
7730181 4980076
7734285 4961916
7737317 4955241
7763175 4953601
7790024 4952588
7794020 4929954
7803000 4934035
7816733 4942730
7827800 4924169
7845729 4934367
7860219 4926288
7874274 4913489
7881748 4889536
7905599 4898758
7922344 4906923
7951561 4919876
7962266 4907281
7978309 4892824
7994710 4898602
8019527 4905261
8027792 4899431
8030039 4897412
8060351 4901925
8070627 4902823
8075559 4886366
8092029 4871984
8116476 4880837
8147670 4896533
8164685 4888168
8190291 4906837
8191783 4888345
8217099 4889132
8234113 4887303
8251754 4900045
8254259 4895273
8256164 4873031
8278385 4888533
8296865 4902594
8324598 4909989
8329440 4909932
8342316 4900915
8372578 4898616
8401756 4918541
8426102 4930072
8430616 4923850
8462040 4933357
8474831 4917450
8480609 4918714
8506255 4928947
8537618 4942462
8547280 4941555
8569372 4947523
8599853 4962998
8624915 4965606
8644539 4969384
8649289 4955037
8671441 4960889
8675803 4947963
8690115 4950968
8707284 4938821
8730189 4943294
8732500 4938972
8737298 4925507
8744053 4919321
8746944 4907432
8779321 4919279
8810790 4930789
8830384 4946021
8857003 4945595
8887015 4956469
8902741 4958527
8913215 4936424
8921003 4933641
8939806 4926470
8959108 4925663
8962029 4924597
8981740 4916807
9000635 4928942
9032209 4950286
9059041 4952165
9086789 4965234
9104979 4957891
9132260 4964435
9163608 4963911
9187336 4973802
9202889 4967986
9207741 4947641
9227476 4938806
9246083 4953051
9276630 4959639
9303463 4957772
9317552 4943272
9338923 4960224
9362290 4979077
9367710 4966040
9398832 4984830
9416317 4971355
9429054 4953662
9437288 4952975
9441789 4932331
9451153 4910000
9458905 4913238
9467039 4910939
9498636 4929130
9499728 4913588
9508378 4900948
9524448 4888113
9552635 4890256
9575276 4887041
9595468 4893362
9607737 4881791
9628636 4885664
9638904 4877836
9643852 4877574
9668799 4872009
9698674 4894747
9730239 4896579
9745312 4891555
9746514 4882901
9764312 4896198
9780794 4888465
9784691 4866069
9800597 4866546
9805213 4856461
9812291 4850843
9826960 4849547
9831447 4842854
9836370 4843290
9858167 4835327
9876543 4842641
9900712 4845060
9919105 4857184
9941824 4862104
9974300 4867512
9974497 4867512
9999644 4875922
10031512 4893468
10053338 4910793
10080476 4915209
10100309 4911731
10100596 4911731
10117616 4905301
10135574 4917213
10139113 4910248
10139367 4886950
10156357 4879692
10156687 4874290
10156766 4871093
10173422 4882711
10186170 4891097
10202886 4903394
10218666 4899117
10224882 4874626
10251703 4881298
10261882 4860710
10271185 4855376
10296050 4869516
10309779 4868692
10338507 4884084
10358511 4893921
10369130 4887209
10376704 4872668
10392723 4870042
10422578 4894093
10427863 4894891
10429528 4881002
10442283 4887647
10444614 4869232
10453761 4850377
10465508 4853552
10469350 4853552
10470321 4853552
10492899 4860888
10497293 4848562
10503541 4833440
10515356 4825740
10541133 4833300
10552192 4839965
10578048 4858381
10605841 4860100
10630451 4880291
10641471 4869549
10660967 4880153
10680224 4871274
10692266 4873003
10694312 4862402
10709060 4860925
10730114 4866536
10736023 4862145
10741858 4839192
10774023 4865367
10799901 4860154
10812435 4868269
10813511 4863075
10841557 4885235
10854148 4884709
10865521 4865686
10888239 4862359
10914951 4879426
10943581 4886879
10950406 4889285
10977468 4893200
10982507 4885175
11015046 4913289
11027976 4921797
11051199 4936510
11076886 4957880
11082633 4935012
11100009 4948026
11106085 4941760
11125078 4941162
11132104 4932841
11151826 4947298
11177010 4943296
11179760 4929688
11201658 4929668
11227231 4934387
11252124 4952770
11262311 4938997
11266359 4914352
11295144 4929780
11316410 4927089
11342510 4921612
11367731 4938290
11390959 4958056
11406342 4969859
11420568 4980489
11430231 4981060
11443325 4967866
11461603 4982764
11475919 4972705
11501615 4989431
11501615 4978686
11515095 4974423
11515095 4961680
11530529 4971040
11539743 4954229
11568252 4968980
11586713 4984318
11586713 4984318
11590891 4961608
11608110 4973506
11612310 4955198
11612493 4939477
11628718 4934377
11646920 4940056
11665012 4950831
11671645 4952874
11679755 4932584
11705212 4949326
11726009 4947239
11753957 4947109
11781605 4962177
11788940 4967045
11805467 4981235
11816820 4965833
11825536 4972241
11825883 4962639
11831217 4960410
16797777
