2477 2477
25277 25277
30243 30243
50234 50234
80788 80788
108496 108496
109911 109911
123223 123223
144468 144468
171726 171726
182884 182884
208158 208158
231283 231283
245393 245393
263282 263282
270048 270048
272535 272535
298834 298834
313688 313688
313770 313770
325885 325885
331339 331339
356003 356003
374047 374047
391384 391384
419216 419216
435732 435732
437256 437256
448420 448420
476950 476950
477323 477323
509847 509847
527980 527980
551400 551400
555612 555612
568912 568912
597754 597754
612496 612496
629796 629796
634285 634285
656126 656126
683953 683953
715518 715518
722284 722284
738844 738844
760775 760775
762670 762670
781196 781196
800243 800243
824611 824611
845884 845884
851964 851964
852748 852748
854287 854287
861570 861570
890622 890622
892355 892355
905002 905002
920099 920099
946481 946481
952852 952852
981483 981483
996220 996220
1026133 1026133
1037667 1037667
1065303 1065303
1083638 1083638
1099699 1099699
1100073 1100073
1111786 1111786
1129560 1129560
1161027 1161027
1172891 1172891
1204653 1204653
1233279 1233279
1265783 1265783
1285950 1285950
1315200 1315200
1343627 1343627
1352636 1352636
1362536 1362536
1370253 1370253
1389946 1389946
1418665 1418665
1445813 1445813
1460722 1460722
1466416 1466416
1485531 1485531
1487972 1487972
1510549 1510549
1521653 1521653
1526152 1526152
1536436 1536436
1540398 1540398
1541469 1541469
1566649 1566649
1574426 1574426
1575546 1575546
1602983 1602983
1633602 1633602
1645445 1645445
1668778 1668778
1698439 1698439
1720406 1720406
1740144 1740144
1767664 1767664
1780060 1780060
1795037 1795037
1804799 1804799
1823308 1823308
1850594 1850594
1850994 1850994
1865985 1865985
1894531 1894531
1920075 1920075
1949969 1949969
1967070 1967070
1980995 1980995
2005701 2005701
2020467 2020467
2034047 2034047
2051963 2051963
2052731 2052731
2073637 2073637
2079009 2079009
2094310 2094310
2108927 2108927
2133567 2133567
2162452 2162452
2179516 2179516
2196259 2196259
2207448 2207448
2219635 2219635
2234013 2234013
2236997 2236997
2240034 2240034
2245314 2245314
2258085 2258085
2288905 2288823
2304058 2303603
2311300 2310471
2341814 2340585
2357127 2355130
