1 3633
1 2420
2 1934
2 1262
2 3225
2 58
4 134
3 682
4 1358
5 306
5 181
7 626
8 179
9 179
6 384
6 120
8 386
9 123
10 80
11 80
9 147
11 80
11 80
11 782
8 221
11 33
10 7
11 620
11 139
12 188
11 674
12 297
10 354
14 226
14 297
14 339
14 169
15 169
15 169
13 189
10 98
16 169
15 169
14 188
14 61
17 6
17 6
17 6
13 251
17 396
15 239
15 251
19 277
16 61
17 61
17 31
20 447
15 30
20 154
20 154
15 114
18 61
16 114
20 172
20 127
19 269
22 154
20 241
23 154
22 154
23 413
23 266
23 32
21 114
22 13
24 14
20 6
24 14
24 14
19 146
19 118
24 81
20 86
10 24
21 99
26 359
24 444
26 359
26 359
21 152
24 444
26 386
23 49
27 135
27 178
29 251
29 251
29 444
26 482
22 150
26 113
30 146
30 146
24 186
27 379
29 479
25 188
30 242
29 329
30 71
28 136
27 11
25 6
24 12
28 63
27 204
27 17
25 35
27 63
27 63
30 11
27 85
30 11
25 107
28 255
28 298
30 11
27 11
30 298
30 276
27 276
29 63
29 63
29 63
24 181
28 72
27 158
28 72
27 158
27 37
24 387
27 141
27 158
28 72
28 158
23 422
29 83
30 31
30 11
31 31
28 37
28 135
23 40
29 99
30 172
32 31
29 72
29 83
25 37
29 281
32 31
33 31
33 31
33 31
29 58
33 97
29 7
23 31
29 7
28 29
33 165
33 165
34 165
29 7
29 7
34 165
29 7
27 11
34 131
34 25
27 7
34 25
34 25
20 6
33 9
26 7
23 35
26 26
26 81
33 45
27 115
33 113
27 254
27 146
24 1
33 113
33 113
33 113
33 26
27 109
23 32
33 113
33 113
25 14
27 74
24 54
27 74
26 78
26 120
30 220
24 35
30 159
30 159
23 56
25 113
29 139
28 74
28 74
21 53
29 139
24 141
28 61
26 262
29 6
32 26
31 38
32 26
17 61
31 121
32 26
32 26
29 54
24 68
30 74
26 7
22 30
27 27
29 74
26 8
29 74
28 95
12 86
18 152
32 159
26 40
32 159
22 106
28 8
25 139
28 88
30 46
31 46
32 46
32 46
29 25
26 88
32 17
23 230
32 159
32 159
32 159
32 159
26 88
32 159
23 218
29 44
32 18
30 219
29 30
32 159
32 159
26 88
31 159
29 99
31 128
31 159
25 224
25 47
31 148
25 122
34 113
35 156
19 4
35 44
35 156
35 156
28 2
26 37
35 156
34 102
32 30
32 115
32 128
33 54
27 58
33 54
33 54
28 10
27 3
33 50
34 50
34 50
33 54
36 50
36 60
27 68
12 2
34 165
34 89
36 54
32 69
35 165
28 282
32 69
37 54
29 67
33 219
36 210
33 69
33 217
37 200
29 295
31 26
33 25
31 26
32 44
35 95
31 82
34 210
34 54
33 156
34 52
32 82
32 38
30 37
32 136
31 108
30 38
31 108
34 54
24 39
29 146
33 25
27 15
33 25
31 2
17 8
30 13
33 110
34 117
30 108
37 54
37 54
34 5
34 25
29 252
37 54
32 14
36 54
29 176
36 54
30 108
34 160
35 112
35 160
34 1
31 22
32 92
35 52
32 160
31 173
35 52
32 92
26 69
36 112
31 59
31 59
32 101
37 112
28 28
33 59
31 74
35 14
31 104
33 143
33 74
33 305
34 101
37 112
32 69
35 82
37 112
32 59
33 236
38 112
34 8
33 14
33 85
21 33
34 11
38 43
35 58
40 43
34 349
40 43
39 101
34 11
35 11
39 41
42 43
35 145
41 43
32 29
41 43
32 16
33 124
35 9
31 110
42 43
30 117
30 94
40 14
35 104
38 70
30 7
29 1
42 44
40 14
42 37
34 131
42 37
43 37
43 37
43 37
43 37
35 1
41 31
33 319
36 197
44 37
42 37
35 156
34 76
40 19
42 37
33 57
31 449
31 446
32 49
40 37
33 49
33 433
41 34
38 19
32 391
40 37
32 15
39 44
34 180
34 19
35 42
36 44
35 75
31 13
36 93
32 151
35 56
34 42
38 44
34 29
34 97
37 44
37 24
34 68
36 53
34 49
35 53
34 26
35 53
35 53
33 31
35 80
35 106
35 80
32 149
35 196
34 98
35 235
35 235
34 80
33 14
35 235
35 235
34 109
35 235
32 109
33 109
33 131
35 236
35 343
35 343
30 16
33 4
31 141
34 118
33 647
33 509
34 327
33 4
34 327
35 87
33 4
32 29
34 16
36 327
37 327
33 29
33 53
36 3
38 119
38 119
35 37
38 119
37 47
36 5
31 43
38 119
37 236
37 29
37 29
36 26
34 154
37 68
38 29
39 29
40 29
39 29
39 29
34 40
35 434
34 168
35 135
35 21
38 29
39 29
39 29
39 77
39 48
24 35
40 48
39 29
37 60
40 29
40 29
39 29
36 251
38 253
38 594
38 29
38 594
39 29
39 29
38 71
40 29
35 2
38 88
38 174
28 15
38 151
37 291
38 101
39 256
36 36
38 285
38 285
38 386
38 175
38 134
38 134
34 442
36 134
36 134
36 134
37 134
27 17
35 495
33 2
34 128
36 134
35 41
36 117
34 97
31 15
31 127
38 76
26 17
34 15
37 120
34 4
34 227
32 15
33 124
34 4
29 23
32 40
30 57
33 148
31 125
30 37
33 23
33 148
28 80
34 148
33 104
36 3
36 3
35 15
34 132
37 3
36 81
