999 2
998 3
997 4
996 5
995 6
994 7
993 8
992 9
991 10
990 11
989 12
988 13
987 14
986 15
985 16
984 17
983 18
982 19
981 20
980 21
979 22
978 23
977 24
976 25
975 26
974 27
973 28
972 29
971 30
970 31
969 32
968 33
967 34
966 35
965 36
964 37
963 38
962 39
961 40
960 41
959 42
958 43
957 44
956 45
955 46
954 47
953 48
952 49
951 50
950 51
949 52
948 53
947 54
946 55
945 56
944 57
943 58
942 59
941 60
940 61
939 62
938 63
937 64
936 65
935 66
934 67
933 68
932 69
931 70
930 71
929 72
928 73
927 74
926 75
925 76
924 77
923 78
922 79
921 80
920 81
919 82
918 83
917 84
916 85
915 86
914 87
913 88
912 89
911 90
910 91
909 92
908 93
907 94
906 95
905 96
904 97
903 98
902 99
901 100
900 101
899 102
898 103
897 104
896 105
895 106
894 107
893 108
892 109
891 110
890 111
889 112
888 113
887 114
886 115
885 116
884 117
883 118
882 119
881 120
880 121
879 122
878 123
877 124
876 125
875 126
874 127
873 128
872 129
871 130
870 131
869 132
868 133
867 134
866 135
865 136
864 137
863 138
862 139
861 140
860 141
859 142
858 143
857 144
856 145
855 146
854 147
853 148
852 149
851 150
850 151
849 152
848 153
847 154
846 155
845 156
844 157
843 158
842 159
841 160
840 161
839 162
838 163
837 164
836 165
835 166
834 167
833 168
832 169
831 170
830 171
829 172
828 173
827 174
826 175
825 176
824 177
823 178
822 179
821 180
820 181
819 182
818 183
817 184
816 185
815 186
814 187
813 188
812 189
811 190
810 191
809 192
808 193
807 194
806 195
805 196
804 197
803 198
802 199
801 200
800 201
799 202
798 203
797 204
796 205
795 206
794 207
793 208
792 209
791 210
790 211
789 212
788 213
787 214
786 215
785 216
784 217
783 218
782 219
781 220
780 221
779 222
778 223
777 224
776 225
775 226
774 227
773 228
772 229
771 230
770 231
769 232
768 233
767 234
766 235
765 236
764 237
763 238
762 239
761 240
760 241
759 242
758 243
757 244
756 245
755 246
754 247
753 248
752 249
751 250
750 251
749 252
748 253
747 254
746 255
745 256
744 257
743 258
742 259
741 260
740 261
739 262
738 263
737 264
736 265
735 266
734 267
733 268
732 269
731 270
730 271
729 272
728 273
727 274
726 275
725 276
724 277
723 278
722 279
721 280
720 281
719 282
718 283
717 284
716 285
715 286
714 287
713 288
712 289
711 290
710 291
709 292
708 293
707 294
706 295
705 296
704 297
703 298
702 299
701 300
700 301
699 302
698 303
697 304
696 305
695 306
694 307
693 308
692 309
691 310
690 311
689 312
688 313
687 314
686 315
685 316
684 317
683 318
682 319
681 320
680 321
679 322
678 323
677 324
676 325
675 326
674 327
673 328
672 329
671 330
670 331
669 332
668 333
667 334
666 335
665 336
664 337
663 338
662 339
661 340
660 341
659 342
658 343
657 344
656 345
655 346
654 347
653 348
652 349
651 350
650 351
649 352
648 353
647 354
646 355
645 356
644 357
643 358
642 359
641 360
640 361
639 362
638 363
637 364
636 365
635 366
634 367
633 368
632 369
631 370
630 371
629 372
628 373
627 374
626 375
625 376
624 377
623 378
622 379
621 380
620 381
619 382
618 383
617 384
616 385
615 386
614 387
613 388
612 389
611 390
610 391
609 392
608 393
607 394
606 395
605 396
604 397
603 398
602 399
601 400
600 401
599 402
598 403
597 404
596 405
595 406
594 407
593 408
592 409
591 410
590 411
589 412
588 413
587 414
586 415
585 416
584 417
583 418
582 419
581 420
580 421
579 422
578 423
577 424
576 425
575 426
574 427
573 428
572 429
571 430
570 431
569 432
568 433
567 434
566 435
565 436
564 437
563 438
562 439
561 440
560 441
559 442
558 443
557 444
556 445
555 446
554 447
553 448
552 449
551 450
550 451
549 452
548 453
547 454
546 455
545 456
544 457
543 458
542 459
541 460
540 461
539 462
538 463
537 464
536 465
535 466
534 467
533 468
532 469
531 470
530 471
529 472
528 473
527 474
526 475
525 476
524 477
523 478
522 479
521 480
520 481
519 482
518 483
517 484
516 485
515 486
514 487
513 488
512 489
511 490
510 491
509 492
508 493
507 494
506 495
505 496
504 497
503 498
502 499
501 500
500 501
499 502
498 503
497 504
496 505
495 506
494 507
493 508
492 509
491 510
490 511
489 512
488 513
487 514
486 515
485 516
484 517
483 518
482 519
481 520
480 521
479 522
478 523
477 524
476 525
475 526
474 527
473 528
472 529
471 530
470 531
469 532
468 533
467 534
466 535
465 536
464 537
463 538
462 539
461 540
460 541
459 542
458 543
457 544
456 545
455 546
454 547
453 548
452 549
451 550
450 551
449 552
448 553
447 554
446 555
445 556
444 557
443 558
442 559
441 560
440 561
439 562
438 563
437 564
436 565
435 566
434 567
433 568
432 569
431 570
430 571
429 572
428 573
427 574
426 575
425 576
424 577
423 578
422 579
421 580
420 581
419 582
418 583
417 584
416 585
415 586
414 587
413 588
412 589
411 590
410 591
409 592
408 593
407 594
406 595
405 596
404 597
403 598
402 599
401 600
400 601
399 602
398 603
397 604
396 605
395 606
394 607
393 608
392 609
391 610
390 611
389 612
388 613
387 614
386 615
385 616
384 617
383 618
382 619
381 620
380 621
379 622
378 623
377 624
376 625
375 626
374 627
373 628
372 629
371 630
370 631
369 632
368 633
367 634
366 635
365 636
364 637
363 638
362 639
361 640
360 641
359 642
358 643
357 644
356 645
355 646
354 647
353 648
352 649
351 650
350 651
349 652
348 653
347 654
346 655
345 656
344 657
343 658
342 659
341 660
340 661
339 662
338 663
337 664
336 665
335 666
334 667
333 668
332 669
331 670
330 671
329 672
328 673
327 674
326 675
325 676
324 677
323 678
322 679
321 680
320 681
319 682
318 683
317 684
316 685
315 686
314 687
313 688
312 689
311 690
310 691
309 692
308 693
307 694
306 695
305 696
304 697
303 698
302 699
301 700
300 701
299 702
298 703
297 704
296 705
295 706
294 707
293 708
292 709
291 710
290 711
289 712
288 713
287 714
286 715
285 716
284 717
283 718
282 719
281 720
280 721
279 722
278 723
277 724
276 725
275 726
274 727
273 728
272 729
271 730
270 731
269 732
268 733
267 734
266 735
265 736
264 737
263 738
262 739
261 740
260 741
259 742
258 743
257 744
256 745
255 746
254 747
253 748
252 749
251 750
250 751
249 752
248 753
247 754
246 755
245 756
244 757
243 758
242 759
241 760
240 761
239 762
238 763
237 764
236 765
235 766
234 767
233 768
232 769
231 770
230 771
229 772
228 773
227 774
226 775
225 776
224 777
223 778
222 779
221 780
220 781
219 782
218 783
217 784
216 785
215 786
214 787
213 788
212 789
211 790
210 791
209 792
208 793
207 794
206 795
205 796
204 797
203 798
202 799
201 800
200 801
199 802
198 803
197 804
196 805
195 806
194 807
193 808
192 809
191 810
190 811
189 812
188 813
187 814
186 815
185 816
184 817
183 818
182 819
181 820
180 821
179 822
178 823
177 824
176 825
175 826
174 827
173 828
172 829
171 830
170 831
169 832
168 833
167 834
166 835
165 836
164 837
163 838
162 839
161 840
160 841
159 842
158 843
157 844
156 845
155 846
154 847
153 848
152 849
151 850
150 851
149 852
148 853
147 854
146 855
145 856
144 857
143 858
142 859
141 860
140 861
139 862
138 863
137 864
136 865
135 866
134 867
133 868
132 869
131 870
130 871
129 872
128 873
127 874
126 875
125 876
124 877
123 878
122 879
121 880
120 881
119 882
118 883
117 884
116 885
115 886
114 887
113 888
112 889
111 890
110 891
109 892
108 893
107 894
106 895
105 896
104 897
103 898
102 899
101 900
100 901
99 902
98 903
97 904
96 905
95 906
94 907
93 908
92 909
91 910
90 911
89 912
88 913
87 914
86 915
85 916
84 917
83 918
82 919
81 920
80 921
79 922
78 923
77 924
76 925
75 926
74 927
73 928
72 929
71 930
70 931
69 932
68 933
67 934
66 935
65 936
64 937
63 938
62 939
61 940
60 941
59 942
58 943
57 944
56 945
55 946
54 947
53 948
52 949
51 950
50 951
49 952
48 953
47 954
46 955
45 956
44 957
43 958
42 959
41 960
40 961
39 962
38 963
37 964
36 965
35 966
34 967
33 968
32 969
31 970
30 971
29 972
28 973
27 974
26 975
25 976
24 977
23 978
22 979
21 980
20 981
19 982
18 983
17 984
16 985
15 986
14 987
13 988
12 989
11 990
10 991
9 992
8 993
7 994
6 995
5 996
4 997
3 998
2 999
1 1000
0 -1
45 956
44 957
43 958
42 959
41 960
40 961
39 962
38 963
37 964
36 965
35 966
34 967
33 968
32 969
31 970
30 971
29 972
28 973
27 974
26 975
25 976
24 977
23 978
22 979
21 980
20 981
19 982
18 983
17 984
16 985
15 986
14 987
13 988
12 989
11 990
11 1037
10 991
9 992
8 993
7 994
6 995
5 996
4 997
3 998
2 999
1 1000
46 1001
45 1002
44 1003
43 1004
42 1005
41 1006
40 1007
39 1008
38 1009
37 1010
36 1011
35 1012
34 1013
33 1014
32 1015
31 1016
30 1017
29 1018
28 1019
27 1020
26 1021
25 1022
24 1023
23 1024
22 1025
21 1026
20 1027
19 1028
18 1029
17 1030
16 1031
15 1032
14 1033
13 1034
12 1035
13 1083
12 1036
11 1037
10 1038
9 1039
8 1040
7 1041
6 1042
5 1043
4 1044
3 1045
2 1046
47 1047
46 1048
45 1049
44 1050
43 1051
42 1052
41 1053
40 1054
39 1055
38 1056
37 1057
36 1058
35 1059
34 1060
33 1061
32 1062
31 1063
30 1064
29 1065
28 1066
27 1067
26 1068
25 1069
24 1070
23 1071
22 1072
21 1073
20 1074
19 1075
18 1076
17 1077
16 1078
15 1079
14 1080
13 1081
15 1130
14 1082
13 1083
12 1084
11 1085
10 1086
9 1087
8 1088
7 1089
6 1090
5 1091
4 1092
3 1093
48 1094
47 1095
46 1096
45 1097
44 1098
43 1099
42 1100
41 1101
40 1102
39 1103
38 1104
37 1105
36 1106
35 1107
34 1108
33 1109
32 1110
31 1111
30 1112
29 1113
28 1114
27 1115
26 1116
25 1117
24 1118
23 1119
22 1120
21 1121
20 1122
19 1123
18 1124
17 1125
16 1126
15 1127
14 1128
17 1178
16 1129
15 1130
14 1131
13 1132
12 1133
11 1134
10 1135
9 1136
8 1137
7 1138
6 1139
5 1140
4 1141
49 1142
48 1143
47 1144
46 1145
45 1146
44 1147
43 1148
42 1149
41 1150
40 1151
39 1152
38 1153
37 1154
36 1155
35 1156
34 1157
33 1158
32 1159
31 1160
30 1161
29 1162
28 1163
27 1164
26 1165
25 1166
24 1167
23 1168
22 1169
21 1170
20 1171
19 1172
18 1173
17 1174
16 1175
15 1176
19 1227
18 1177
17 1178
16 1179
15 1180
14 1181
13 1182
12 1183
11 1184
10 1185
9 1186
8 1187
7 1188
6 1189
5 1190
50 1191
49 1192
48 1193
47 1194
46 1195
45 1196
44 1197
43 1198
42 1199
41 1200
40 1201
39 1202
38 1203
37 1204
36 1205
35 1206
34 1207
33 1208
32 1209
31 1210
30 1211
29 1212
28 1213
27 1214
26 1215
25 1216
24 1217
23 1218
22 1219
21 1220
20 1221
19 1222
18 1223
17 1224
16 1225
21 1277
20 1226
19 1227
18 1228
17 1229
16 1230
15 1231
14 1232
13 1233
12 1234
11 1235
10 1236
9 1237
8 1238
7 1239
6 1240
51 1241
50 1242
49 1243
48 1244
47 1245
46 1246
45 1247
44 1248
43 1249
42 1250
41 1251
40 1252
39 1253
38 1254
37 1255
36 1256
35 1257
34 1258
33 1259
32 1260
31 1261
30 1262
29 1263
28 1264
27 1265
26 1266
25 1267
24 1268
23 1269
22 1270
21 1271
20 1272
19 1273
18 1274
17 1275
23 1328
22 1276
21 1277
20 1278
19 1279
18 1280
17 1281
16 1282
15 1283
14 1284
13 1285
12 1286
11 1287
10 1288
9 1289
8 1290
7 1291
52 1292
51 1293
50 1294
49 1295
48 1296
47 1297
46 1298
45 1299
44 1300
43 1301
42 1302
41 1303
40 1304
39 1305
38 1306
37 1307
36 1308
35 1309
34 1310
33 1311
32 1312
31 1313
30 1314
29 1315
28 1316
27 1317
26 1318
25 1319
24 1320
23 1321
22 1322
21 1323
20 1324
19 1325
18 1326
25 1380
24 1327
23 1328
22 1329
21 1330
20 1331
19 1332
18 1333
17 1334
16 1335
15 1336
14 1337
13 1338
12 1339
11 1340
10 1341
9 1342
8 1343
53 1344
52 1345
51 1346
50 1347
49 1348
48 1349
47 1350
46 1351
45 1352
44 1353
43 1354
42 1355
41 1356
40 1357
39 1358
38 1359
37 1360
36 1361
35 1362
34 1363
33 1364
32 1365
31 1366
30 1367
29 1368
28 1369
27 1370
26 1371
25 1372
24 1373
23 1374
22 1375
21 1376
20 1377
19 1378
27 1433
26 1379
25 1380
24 1381
23 1382
22 1383
21 1384
20 1385
19 1386
18 1387
17 1388
16 1389
15 1390
14 1391
13 1392
12 1393
11 1394
10 1395
9 1396
54 1397
53 1398
52 1399
51 1400
50 1401
49 1402
48 1403
47 1404
46 1405
45 1406
44 1407
43 1408
42 1409
41 1410
40 1411
39 1412
38 1413
37 1414
36 1415
35 1416
34 1417
33 1418
32 1419
31 1420
30 1421
29 1422
28 1423
27 1424
26 1425
25 1426
24 1427
23 1428
22 1429
21 1430
20 1431
29 1487
28 1432
27 1433
26 1434
25 1435
24 1436
23 1437
22 1438
21 1439
20 1440
19 1441
18 1442
17 1443
16 1444
15 1445
14 1446
13 1447
12 1448
11 1449
10 1450
55 1451
54 1452
53 1453
52 1454
51 1455
50 1456
49 1457
48 1458
47 1459
46 1460
45 1461
44 1462
43 1463
42 1464
41 1465
40 1466
39 1467
38 1468
37 1469
36 1470
35 1471
34 1472
33 1473
32 1474
31 1475
30 1476
29 1477
28 1478
27 1479
26 1480
25 1481
24 1482
23 1483
22 1484
21 1485
31 1542
30 1486
29 1487
28 1488
27 1489
26 1490
25 1491
24 1492
23 1493
22 1494
21 1495
20 1496
19 1497
18 1498
17 1499
16 1500
15 1501
14 1502
13 1503
12 1504
11 1505
56 1506
55 1507
54 1508
53 1509
52 1510
51 1511
50 1512
49 1513
48 1514
47 1515
46 1516
45 1517
44 1518
43 1519
42 1520
41 1521
40 1522
39 1523
38 1524
37 1525
36 1526
35 1527
34 1528
33 1529
32 1530
31 1531
30 1532
29 1533
28 1534
27 1535
26 1536
25 1537
24 1538
23 1539
22 1540
33 1598
32 1541
31 1542
30 1543
29 1544
28 1545
27 1546
26 1547
25 1548
24 1549
23 1550
22 1551
21 1552
20 1553
19 1554
18 1555
17 1556
16 1557
15 1558
14 1559
13 1560
12 1561
57 1562
56 1563
55 1564
54 1565
53 1566
52 1567
51 1568
50 1569
49 1570
48 1571
47 1572
46 1573
45 1574
44 1575
43 1576
42 1577
41 1578
40 1579
39 1580
38 1581
37 1582
36 1583
35 1584
34 1585
33 1586
32 1587
31 1588
30 1589
29 1590
28 1591
27 1592
26 1593
25 1594
24 1595
23 1596
35 1655
34 1597
33 1598
32 1599
31 1600
30 1601
29 1602
28 1603
27 1604
26 1605
25 1606
24 1607
23 1608
22 1609
21 1610
20 1611
19 1612
18 1613
17 1614
16 1615
15 1616
14 1617
13 1618
58 1619
57 1620
56 1621
55 1622
54 1623
53 1624
52 1625
51 1626
50 1627
49 1628
48 1629
47 1630
46 1631
45 1632
44 1633
43 1634
42 1635
41 1636
40 1637
39 1638
38 1639
37 1640
36 1641
35 1642
34 1643
33 1644
32 1645
31 1646
30 1647
29 1648
28 1649
27 1650
26 1651
25 1652
24 1653
37 1713
36 1654
35 1655
34 1656
33 1657
32 1658
31 1659
30 1660
29 1661
28 1662
27 1663
26 1664
25 1665
24 1666
23 1667
22 1668
21 1669
20 1670
19 1671
18 1672
17 1673
16 1674
15 1675
14 1676
59 1677
58 1678
57 1679
56 1680
55 1681
54 1682
53 1683
52 1684
51 1685
50 1686
49 1687
48 1688
47 1689
46 1690
45 1691
44 1692
43 1693
42 1694
41 1695
40 1696
39 1697
38 1698
37 1699
36 1700
35 1701
34 1702
33 1703
32 1704
31 1705
30 1706
29 1707
28 1708
27 1709
26 1710
25 1711
39 1772
38 1712
37 1713
36 1714
35 1715
34 1716
33 1717
32 1718
31 1719
30 1720
29 1721
28 1722
27 1723
26 1724
25 1725
24 1726
23 1727
22 1728
21 1729
20 1730
19 1731
18 1732
17 1733
16 1734
15 1735
60 1736
59 1737
58 1738
57 1739
56 1740
55 1741
54 1742
53 1743
52 1744
51 1745
50 1746
49 1747
48 1748
47 1749
46 1750
45 1751
44 1752
43 1753
42 1754
41 1755
40 1756
39 1757
38 1758
37 1759
36 1760
35 1761
34 1762
33 1763
32 1764
31 1765
30 1766
29 1767
28 1768
27 1769
26 1770
41 1832
40 1771
39 1772
38 1773
37 1774
36 1775
35 1776
34 1777
33 1778
32 1779
31 1780
30 1781
29 1782
28 1783
27 1784
26 1785
25 1786
24 1787
23 1788
22 1789
21 1790
20 1791
19 1792
18 1793
17 1794
16 1795
61 1796
60 1797
59 1798
58 1799
57 1800
56 1801
55 1802
54 1803
53 1804
52 1805
51 1806
50 1807
49 1808
48 1809
47 1810
46 1811
45 1812
44 1813
43 1814
42 1815
41 1816
40 1817
39 1818
38 1819
37 1820
36 1821
35 1822
34 1823
33 1824
32 1825
31 1826
30 1827
29 1828
28 1829
27 1830
43 1893
42 1831
41 1832
40 1833
39 1834
38 1835
37 1836
36 1837
35 1838
34 1839
33 1840
32 1841
31 1842
30 1843
29 1844
28 1845
27 1846
26 1847
25 1848
24 1849
23 1850
22 1851
21 1852
20 1853
19 1854
18 1855
17 1856
62 1857
61 1858
60 1859
59 1860
58 1861
57 1862
56 1863
55 1864
54 1865
53 1866
52 1867
51 1868
50 1869
49 1870
48 1871
47 1872
46 1873
45 1874
44 1875
43 1876
42 1877
41 1878
40 1879
39 1880
38 1881
37 1882
36 1883
35 1884
34 1885
33 1886
32 1887
31 1888
30 1889
29 1890
28 1891
45 1955
44 1892
43 1893
42 1894
41 1895
40 1896
39 1897
38 1898
37 1899
36 1900
35 1901
34 1902
33 1903
32 1904
31 1905
30 1906
29 1907
28 1908
27 1909
26 1910
25 1911
24 1912
23 1913
22 1914
21 1915
20 1916
19 1917
18 1918
63 1919
62 1920
61 1921
60 1922
59 1923
58 1924
57 1925
56 1926
55 1927
54 1928
53 1929
52 1930
51 1931
50 1932
49 1933
48 1934
47 1935
46 1936
45 1937
44 1938
43 1939
42 1940
41 1941
40 1942
39 1943
38 1944
37 1945
36 1946
35 1947
34 1948
33 1949
32 1950
31 1951
30 1952
29 1953
47 2018
46 1954
45 1955
44 1956
43 1957
42 1958
41 1959
40 1960
39 1961
38 1962
37 1963
36 1964
35 1965
34 1966
33 1967
32 1968
31 1969
30 1970
29 1971
28 1972
27 1973
26 1974
25 1975
24 1976
23 1977
22 1978
21 1979
20 1980
19 1981
64 1982
63 1983
62 1984
61 1985
60 1986
59 1987
58 1988
57 1989
56 1990
55 1991
54 1992
53 1993
52 1994
51 1995
50 1996
49 1997
48 1998
47 1999
46 2000
45 2001
44 2002
43 2003
42 2004
41 2005
40 2006
39 2007
38 2008
37 2009
36 2010
35 2011
34 2012
33 2013
32 2014
31 2015
30 2016
49 2082
48 2017
47 2018
46 2019
45 2020
44 2021
43 2022
42 2023
41 2024
40 2025
39 2026
38 2027
37 2028
36 2029
35 2030
34 2031
33 2032
32 2033
31 2034
30 2035
29 2036
28 2037
27 2038
26 2039
25 2040
24 2041
23 2042
22 2043
21 2044
20 2045
65 2046
64 2047
63 2048
62 2049
61 2050
60 2051
59 2052
58 2053
57 2054
56 2055
55 2056
54 2057
53 2058
52 2059
51 2060
50 2061
49 2062
48 2063
47 2064
46 2065
45 2066
44 2067
43 2068
42 2069
41 2070
40 2071
39 2072
38 2073
37 2074
36 2075
35 2076
34 2077
33 2078
32 2079
31 2080
51 2147
50 2081
49 2082
48 2083
47 2084
46 2085
45 2086
44 2087
43 2088
42 2089
41 2090
40 2091
39 2092
38 2093
37 2094
36 2095
35 2096
34 2097
33 2098
32 2099
31 2100
30 2101
29 2102
28 2103
27 2104
26 2105
25 2106
24 2107
23 2108
22 2109
21 2110
66 2111
65 2112
64 2113
63 2114
62 2115
61 2116
60 2117
59 2118
58 2119
57 2120
56 2121
55 2122
54 2123
53 2124
52 2125
51 2126
50 2127
49 2128
48 2129
47 2130
46 2131
45 2132
44 2133
43 2134
42 2135
41 2136
40 2137
39 2138
38 2139
37 2140
36 2141
35 2142
34 2143
33 2144
32 2145
53 2213
52 2146
51 2147
50 2148
49 2149
48 2150
47 2151
46 2152
45 2153
44 2154
43 2155
42 2156
41 2157
40 2158
39 2159
38 2160
37 2161
36 2162
35 2163
34 2164
33 2165
32 2166
31 2167
30 2168
29 2169
28 2170
27 2171
26 2172
25 2173
24 2174
23 2175
22 2176
67 2177
66 2178
65 2179
64 2180
63 2181
62 2182
61 2183
60 2184
59 2185
58 2186
57 2187
56 2188
55 2189
54 2190
53 2191
52 2192
51 2193
50 2194
49 2195
48 2196
47 2197
46 2198
45 2199
44 2200
43 2201
42 2202
41 2203
40 2204
39 2205
38 2206
37 2207
36 2208
35 2209
34 2210
33 2211
55 2280
54 2212
53 2213
52 2214
51 2215
50 2216
49 2217
48 2218
47 2219
46 2220
45 2221
44 2222
43 2223
42 2224
41 2225
40 2226
39 2227
38 2228
37 2229
36 2230
35 2231
34 2232
33 2233
32 2234
31 2235
30 2236
29 2237
28 2238
27 2239
26 2240
25 2241
24 2242
23 2243
68 2244
67 2245
66 2246
65 2247
64 2248
63 2249
62 2250
61 2251
60 2252
59 2253
58 2254
57 2255
56 2256
55 2257
54 2258
53 2259
52 2260
51 2261
50 2262
49 2263
48 2264
47 2265
46 2266
45 2267
44 2268
43 2269
42 2270
41 2271
40 2272
39 2273
38 2274
37 2275
36 2276
35 2277
34 2278
57 2348
56 2279
55 2280
54 2281
53 2282
52 2283
51 2284
50 2285
49 2286
48 2287
47 2288
46 2289
45 2290
44 2291
43 2292
42 2293
41 2294
40 2295
39 2296
38 2297
37 2298
36 2299
35 2300
34 2301
33 2302
32 2303
31 2304
30 2305
29 2306
28 2307
27 2308
26 2309
25 2310
24 2311
69 2312
68 2313
67 2314
66 2315
65 2316
64 2317
63 2318
62 2319
61 2320
60 2321
59 2322
58 2323
57 2324
56 2325
55 2326
54 2327
53 2328
52 2329
51 2330
50 2331
49 2332
48 2333
47 2334
46 2335
45 2336
44 2337
43 2338
42 2339
41 2340
40 2341
39 2342
38 2343
37 2344
36 2345
35 2346
59 2417
58 2347
57 2348
56 2349
55 2350
54 2351
53 2352
52 2353
51 2354
50 2355
49 2356
48 2357
47 2358
46 2359
45 2360
44 2361
43 2362
42 2363
41 2364
40 2365
39 2366
38 2367
37 2368
36 2369
35 2370
34 2371
33 2372
32 2373
31 2374
30 2375
29 2376
28 2377
27 2378
26 2379
25 2380
70 2381
69 2382
68 2383
67 2384
66 2385
65 2386
64 2387
63 2388
62 2389
61 2390
60 2391
59 2392
58 2393
57 2394
56 2395
55 2396
54 2397
53 2398
52 2399
51 2400
50 2401
49 2402
48 2403
47 2404
46 2405
45 2406
44 2407
43 2408
42 2409
41 2410
40 2411
39 2412
38 2413
37 2414
36 2415
61 2487
60 2416
59 2417
58 2418
57 2419
56 2420
55 2421
54 2422
53 2423
52 2424
51 2425
50 2426
49 2427
48 2428
47 2429
46 2430
45 2431
44 2432
43 2433
42 2434
41 2435
40 2436
39 2437
38 2438
37 2439
36 2440
35 2441
34 2442
33 2443
32 2444
31 2445
30 2446
29 2447
28 2448
27 2449
26 2450
71 2451
70 2452
69 2453
68 2454
67 2455
66 2456
65 2457
64 2458
63 2459
62 2460
61 2461
60 2462
59 2463
58 2464
57 2465
56 2466
55 2467
54 2468
53 2469
52 2470
51 2471
50 2472
49 2473
48 2474
47 2475
46 2476
45 2477
44 2478
43 2479
42 2480
41 2481
40 2482
39 2483
38 2484
37 2485
63 2558
62 2486
61 2487
60 2488
59 2489
58 2490
57 2491
56 2492
55 2493
54 2494
53 2495
52 2496
51 2497
50 2498
49 2499
48 2500
47 2501
46 2502
45 2503
44 2504
43 2505
42 2506
41 2507
40 2508
39 2509
38 2510
37 2511
36 2512
35 2513
34 2514
33 2515
32 2516
31 2517
30 2518
29 2519
28 2520
27 2521
72 2522
71 2523
70 2524
69 2525
68 2526
67 2527
66 2528
65 2529
64 2530
63 2531
62 2532
61 2533
60 2534
59 2535
58 2536
57 2537
56 2538
55 2539
54 2540
53 2541
52 2542
51 2543
50 2544
49 2545
48 2546
47 2547
46 2548
45 2549
44 2550
43 2551
42 2552
41 2553
40 2554
39 2555
38 2556
65 2630
64 2557
63 2558
62 2559
61 2560
60 2561
59 2562
58 2563
57 2564
56 2565
55 2566
54 2567
53 2568
52 2569
51 2570
50 2571
49 2572
48 2573
47 2574
46 2575
45 2576
44 2577
43 2578
42 2579
41 2580
40 2581
39 2582
38 2583
37 2584
36 2585
35 2586
34 2587
33 2588
32 2589
31 2590
30 2591
29 2592
28 2593
73 2594
72 2595
71 2596
70 2597
69 2598
68 2599
67 2600
66 2601
65 2602
64 2603
63 2604
62 2605
61 2606
60 2607
59 2608
58 2609
57 2610
56 2611
55 2612
54 2613
53 2614
52 2615
51 2616
50 2617
49 2618
48 2619
47 2620
46 2621
45 2622
44 2623
43 2624
42 2625
41 2626
40 2627
39 2628
67 2703
66 2629
65 2630
64 2631
63 2632
62 2633
61 2634
60 2635
59 2636
58 2637
57 2638
56 2639
55 2640
54 2641
53 2642
52 2643
51 2644
50 2645
49 2646
48 2647
47 2648
46 2649
45 2650
44 2651
43 2652
42 2653
41 2654
40 2655
39 2656
38 2657
37 2658
36 2659
35 2660
34 2661
33 2662
32 2663
31 2664
30 2665
29 2666
74 2667
73 2668
72 2669
71 2670
70 2671
69 2672
68 2673
67 2674
66 2675
65 2676
64 2677
63 2678
62 2679
61 2680
60 2681
59 2682
58 2683
57 2684
56 2685
55 2686
54 2687
53 2688
52 2689
51 2690
50 2691
49 2692
48 2693
47 2694
46 2695
45 2696
44 2697
43 2698
42 2699
41 2700
40 2701
69 2777
68 2702
67 2703
66 2704
65 2705
64 2706
63 2707
62 2708
61 2709
60 2710
59 2711
58 2712
57 2713
56 2714
55 2715
54 2716
53 2717
52 2718
51 2719
50 2720
49 2721
48 2722
47 2723
46 2724
45 2725
44 2726
43 2727
42 2728
41 2729
40 2730
39 2731
38 2732
37 2733
36 2734
35 2735
34 2736
33 2737
32 2738
31 2739
30 2740
75 2741
74 2742
73 2743
72 2744
71 2745
70 2746
69 2747
68 2748
67 2749
66 2750
65 2751
64 2752
63 2753
62 2754
61 2755
60 2756
59 2757
58 2758
57 2759
56 2760
55 2761
54 2762
53 2763
52 2764
51 2765
50 2766
49 2767
48 2768
47 2769
46 2770
45 2771
44 2772
43 2773
42 2774
41 2775
71 2852
70 2776
69 2777
68 2778
67 2779
66 2780
65 2781
64 2782
63 2783
62 2784
61 2785
60 2786
59 2787
58 2788
57 2789
56 2790
55 2791
54 2792
53 2793
52 2794
51 2795
50 2796
49 2797
48 2798
47 2799
46 2800
45 2801
44 2802
43 2803
42 2804
41 2805
40 2806
39 2807
38 2808
37 2809
36 2810
35 2811
34 2812
33 2813
32 2814
31 2815
76 2816
75 2817
74 2818
73 2819
72 2820
71 2821
70 2822
69 2823
68 2824
67 2825
66 2826
65 2827
64 2828
63 2829
62 2830
61 2831
60 2832
59 2833
58 2834
57 2835
56 2836
55 2837
54 2838
53 2839
52 2840
51 2841
50 2842
49 2843
48 2844
47 2845
46 2846
45 2847
44 2848
43 2849
42 2850
73 2928
72 2851
71 2852
70 2853
69 2854
68 2855
67 2856
66 2857
65 2858
64 2859
63 2860
62 2861
61 2862
60 2863
59 2864
58 2865
57 2866
56 2867
55 2868
54 2869
53 2870
52 2871
51 2872
50 2873
49 2874
48 2875
47 2876
46 2877
45 2878
44 2879
43 2880
42 2881
41 2882
40 2883
39 2884
38 2885
37 2886
36 2887
35 2888
34 2889
33 2890
32 2891
77 2892
76 2893
75 2894
74 2895
73 2896
72 2897
71 2898
70 2899
69 2900
68 2901
67 2902
66 2903
65 2904
64 2905
63 2906
62 2907
61 2908
60 2909
59 2910
58 2911
57 2912
56 2913
55 2914
54 2915
53 2916
52 2917
51 2918
50 2919
49 2920
48 2921
47 2922
46 2923
45 2924
44 2925
43 2926
75 3005
74 2927
73 2928
72 2929
71 2930
70 2931
69 2932
68 2933
67 2934
66 2935
65 2936
64 2937
63 2938
62 2939
61 2940
60 2941
59 2942
58 2943
57 2944
56 2945
55 2946
54 2947
53 2948
52 2949
51 2950
50 2951
49 2952
48 2953
47 2954
46 2955
45 2956
44 2957
43 2958
42 2959
41 2960
40 2961
39 2962
38 2963
37 2964
36 2965
35 2966
34 2967
33 2968
78 2969
77 2970
76 2971
75 2972
74 2973
73 2974
72 2975
71 2976
70 2977
69 2978
68 2979
67 2980
66 2981
65 2982
64 2983
63 2984
62 2985
61 2986
60 2987
59 2988
58 2989
57 2990
56 2991
55 2992
54 2993
53 2994
52 2995
51 2996
50 2997
49 2998
48 2999
47 3000
46 3001
45 3002
44 3003
77 3083
76 3004
75 3005
74 3006
73 3007
72 3008
71 3009
70 3010
69 3011
68 3012
67 3013
66 3014
65 3015
64 3016
63 3017
62 3018
61 3019
60 3020
59 3021
58 3022
57 3023
56 3024
55 3025
54 3026
53 3027
52 3028
51 3029
50 3030
49 3031
48 3032
47 3033
46 3034
45 3035
44 3036
43 3037
42 3038
41 3039
40 3040
39 3041
38 3042
37 3043
36 3044
35 3045
34 3046
79 3047
78 3048
77 3049
76 3050
75 3051
74 3052
73 3053
72 3054
71 3055
70 3056
69 3057
68 3058
67 3059
66 3060
65 3061
64 3062
63 3063
62 3064
61 3065
60 3066
59 3067
58 3068
57 3069
56 3070
55 3071
54 3072
53 3073
52 3074
51 3075
50 3076
49 3077
48 3078
47 3079
46 3080
45 3081
79 3162
78 3082
77 3083
76 3084
75 3085
74 3086
73 3087
72 3088
71 3089
70 3090
69 3091
68 3092
67 3093
66 3094
65 3095
64 3096
63 3097
62 3098
61 3099
60 3100
59 3101
58 3102
57 3103
56 3104
55 3105
54 3106
53 3107
52 3108
51 3109
50 3110
49 3111
48 3112
47 3113
46 3114
45 3115
44 3116
43 3117
42 3118
41 3119
40 3120
39 3121
38 3122
37 3123
36 3124
35 3125
80 3126
79 3127
78 3128
77 3129
76 3130
75 3131
74 3132
73 3133
72 3134
71 3135
70 3136
69 3137
68 3138
67 3139
66 3140
65 3141
64 3142
63 3143
62 3144
61 3145
60 3146
59 3147
58 3148
57 3149
56 3150
55 3151
54 3152
53 3153
52 3154
51 3155
50 3156
49 3157
48 3158
47 3159
46 3160
81 3242
80 3161
79 3162
78 3163
77 3164
76 3165
75 3166
74 3167
73 3168
72 3169
71 3170
70 3171
69 3172
68 3173
67 3174
66 3175
65 3176
64 3177
63 3178
62 3179
61 3180
60 3181
59 3182
58 3183
57 3184
56 3185
55 3186
54 3187
53 3188
52 3189
51 3190
50 3191
49 3192
48 3193
47 3194
46 3195
45 3196
44 3197
43 3198
42 3199
41 3200
40 3201
39 3202
38 3203
37 3204
36 3205
81 3206
80 3207
79 3208
78 3209
77 3210
76 3211
75 3212
74 3213
73 3214
72 3215
71 3216
70 3217
69 3218
68 3219
67 3220
66 3221
65 3222
64 3223
63 3224
62 3225
61 3226
60 3227
59 3228
58 3229
57 3230
56 3231
55 3232
54 3233
53 3234
52 3235
51 3236
50 3237
49 3238
48 3239
47 3240
83 3323
82 3241
81 3242
80 3243
79 3244
78 3245
77 3246
76 3247
75 3248
74 3249
73 3250
72 3251
71 3252
70 3253
69 3254
68 3255
67 3256
66 3257
65 3258
64 3259
63 3260
62 3261
61 3262
60 3263
59 3264
58 3265
57 3266
56 3267
55 3268
54 3269
53 3270
52 3271
51 3272
50 3273
49 3274
48 3275
47 3276
46 3277
45 3278
44 3279
43 3280
42 3281
41 3282
40 3283
39 3284
38 3285
37 3286
82 3287
81 3288
80 3289
79 3290
78 3291
77 3292
76 3293
75 3294
74 3295
73 3296
72 3297
71 3298
70 3299
69 3300
68 3301
67 3302
66 3303
65 3304
64 3305
63 3306
62 3307
61 3308
60 3309
59 3310
58 3311
57 3312
56 3313
55 3314
54 3315
53 3316
52 3317
51 3318
50 3319
49 3320
48 3321
85 3405
84 3322
83 3323
82 3324
81 3325
80 3326
79 3327
78 3328
77 3329
76 3330
75 3331
74 3332
73 3333
72 3334
71 3335
70 3336
69 3337
68 3338
67 3339
66 3340
65 3341
64 3342
63 3343
62 3344
61 3345
60 3346
59 3347
58 3348
57 3349
56 3350
55 3351
54 3352
53 3353
52 3354
51 3355
50 3356
49 3357
48 3358
47 3359
46 3360
45 3361
44 3362
43 3363
42 3364
41 3365
40 3366
39 3367
38 3368
83 3369
82 3370
81 3371
80 3372
79 3373
78 3374
77 3375
76 3376
75 3377
74 3378
73 3379
72 3380
71 3381
70 3382
69 3383
68 3384
67 3385
66 3386
65 3387
64 3388
63 3389
62 3390
61 3391
60 3392
59 3393
58 3394
57 3395
56 3396
55 3397
54 3398
53 3399
52 3400
51 3401
50 3402
49 3403
87 3488
86 3404
85 3405
84 3406
83 3407
82 3408
81 3409
80 3410
79 3411
78 3412
77 3413
76 3414
75 3415
74 3416
73 3417
72 3418
71 3419
70 3420
69 3421
68 3422
67 3423
66 3424
65 3425
64 3426
63 3427
62 3428
61 3429
60 3430
59 3431
58 3432
57 3433
56 3434
55 3435
54 3436
53 3437
52 3438
51 3439
50 3440
49 3441
48 3442
47 3443
46 3444
45 3445
44 3446
43 3447
42 3448
41 3449
40 3450
39 3451
84 3452
83 3453
82 3454
81 3455
80 3456
79 3457
78 3458
77 3459
76 3460
75 3461
74 3462
73 3463
72 3464
71 3465
70 3466
69 3467
68 3468
67 3469
66 3470
65 3471
64 3472
63 3473
62 3474
61 3475
60 3476
59 3477
58 3478
57 3479
56 3480
55 3481
54 3482
53 3483
52 3484
51 3485
50 3486
89 3572
88 3487
87 3488
86 3489
85 3490
84 3491
83 3492
82 3493
81 3494
80 3495
79 3496
78 3497
77 3498
76 3499
75 3500
74 3501
73 3502
72 3503
71 3504
70 3505
69 3506
68 3507
67 3508
66 3509
65 3510
64 3511
63 3512
62 3513
61 3514
60 3515
59 3516
58 3517
57 3518
56 3519
55 3520
54 3521
53 3522
52 3523
51 3524
50 3525
49 3526
48 3527
47 3528
46 3529
45 3530
44 3531
43 3532
42 3533
41 3534
40 3535
85 3536
84 3537
83 3538
82 3539
81 3540
80 3541
79 3542
78 3543
77 3544
76 3545
75 3546
74 3547
73 3548
72 3549
71 3550
70 3551
69 3552
68 3553
67 3554
66 3555
65 3556
64 3557
63 3558
62 3559
61 3560
60 3561
59 3562
58 3563
57 3564
56 3565
55 3566
54 3567
53 3568
52 3569
51 3570
91 3657
90 3571
89 3572
88 3573
87 3574
86 3575
85 3576
84 3577
83 3578
82 3579
81 3580
80 3581
79 3582
78 3583
77 3584
76 3585
75 3586
74 3587
73 3588
72 3589
71 3590
70 3591
69 3592
68 3593
67 3594
66 3595
65 3596
64 3597
63 3598
62 3599
61 3600
60 3601
59 3602
58 3603
57 3604
56 3605
55 3606
54 3607
53 3608
52 3609
51 3610
50 3611
49 3612
48 3613
47 3614
46 3615
45 3616
44 3617
43 3618
42 3619
41 3620
86 3621
85 3622
84 3623
83 3624
82 3625
81 3626
80 3627
79 3628
78 3629
77 3630
76 3631
75 3632
74 3633
73 3634
72 3635
71 3636
70 3637
69 3638
68 3639
67 3640
66 3641
65 3642
64 3643
63 3644
62 3645
61 3646
60 3647
59 3648
58 3649
57 3650
56 3651
55 3652
54 3653
53 3654
52 3655
93 3743
92 3656
91 3657
90 3658
89 3659
88 3660
87 3661
86 3662
85 3663
84 3664
83 3665
82 3666
81 3667
80 3668
79 3669
78 3670
77 3671
76 3672
75 3673
74 3674
73 3675
72 3676
71 3677
70 3678
69 3679
68 3680
67 3681
66 3682
65 3683
64 3684
63 3685
62 3686
61 3687
60 3688
59 3689
58 3690
57 3691
56 3692
55 3693
54 3694
53 3695
52 3696
51 3697
50 3698
49 3699
48 3700
47 3701
46 3702
45 3703
44 3704
43 3705
42 3706
87 3707
86 3708
85 3709
84 3710
83 3711
82 3712
81 3713
80 3714
79 3715
78 3716
77 3717
76 3718
75 3719
74 3720
73 3721
72 3722
71 3723
70 3724
69 3725
68 3726
67 3727
66 3728
65 3729
64 3730
63 3731
62 3732
61 3733
60 3734
59 3735
58 3736
57 3737
56 3738
55 3739
54 3740
53 3741
95 3830
94 3742
93 3743
92 3744
91 3745
90 3746
89 3747
88 3748
87 3749
86 3750
85 3751
84 3752
83 3753
82 3754
81 3755
80 3756
79 3757
78 3758
77 3759
76 3760
75 3761
74 3762
73 3763
72 3764
71 3765
70 3766
69 3767
68 3768
67 3769
66 3770
65 3771
64 3772
63 3773
62 3774
61 3775
60 3776
59 3777
58 3778
57 3779
56 3780
55 3781
54 3782
53 3783
52 3784
51 3785
50 3786
49 3787
48 3788
47 3789
46 3790
45 3791
44 3792
43 3793
88 3794
87 3795
86 3796
85 3797
84 3798
83 3799
82 3800
81 3801
80 3802
79 3803
78 3804
77 3805
76 3806
75 3807
74 3808
73 3809
72 3810
71 3811
70 3812
69 3813
68 3814
67 3815
66 3816
65 3817
64 3818
63 3819
62 3820
61 3821
60 3822
59 3823
58 3824
57 3825
56 3826
55 3827
54 3828
97 3918
96 3829
95 3830
94 3831
93 3832
92 3833
91 3834
90 3835
89 3836
88 3837
87 3838
86 3839
85 3840
84 3841
83 3842
82 3843
81 3844
80 3845
79 3846
78 3847
77 3848
76 3849
75 3850
74 3851
73 3852
72 3853
71 3854
70 3855
69 3856
68 3857
67 3858
66 3859
65 3860
64 3861
63 3862
62 3863
61 3864
60 3865
59 3866
58 3867
57 3868
56 3869
55 3870
54 3871
53 3872
52 3873
51 3874
50 3875
49 3876
48 3877
47 3878
46 3879
45 3880
44 3881
89 3882
88 3883
87 3884
86 3885
85 3886
84 3887
83 3888
82 3889
81 3890
80 3891
79 3892
78 3893
77 3894
76 3895
75 3896
74 3897
73 3898
72 3899
71 3900
70 3901
69 3902
68 3903
67 3904
66 3905
65 3906
64 3907
63 3908
62 3909
61 3910
60 3911
59 3912
58 3913
57 3914
56 3915
55 3916
99 4007
98 3917
97 3918
96 3919
95 3920
94 3921
93 3922
92 3923
91 3924
90 3925
89 3926
88 3927
87 3928
86 3929
85 3930
84 3931
83 3932
82 3933
81 3934
80 3935
79 3936
78 3937
77 3938
76 3939
75 3940
74 3941
73 3942
72 3943
71 3944
70 3945
69 3946
68 3947
67 3948
66 3949
65 3950
64 3951
63 3952
62 3953
61 3954
60 3955
59 3956
58 3957
57 3958
56 3959
55 3960
54 3961
53 3962
52 3963
51 3964
50 3965
49 3966
48 3967
47 3968
46 3969
45 3970
90 3971
89 3972
88 3973
87 3974
86 3975
85 3976
84 3977
83 3978
82 3979
81 3980
80 3981
79 3982
78 3983
77 3984
76 3985
75 3986
74 3987
73 3988
72 3989
71 3990
70 3991
69 3992
68 3993
67 3994
66 3995
65 3996
64 3997
63 3998
62 3999
61 4000
60 4001
59 4002
58 4003
57 4004
56 4005
101 4097
100 4006
99 4007
98 4008
97 4009
96 4010
95 4011
94 4012
93 4013
92 4014
91 4015
90 4016
89 4017
88 4018
87 4019
86 4020
85 4021
84 4022
83 4023
82 4024
81 4025
80 4026
79 4027
78 4028
77 4029
76 4030
75 4031
74 4032
73 4033
72 4034
71 4035
70 4036
69 4037
68 4038
67 4039
66 4040
65 4041
64 4042
63 4043
62 4044
61 4045
60 4046
59 4047
58 4048
57 4049
56 4050
55 4051
54 4052
53 4053
52 4054
51 4055
50 4056
49 4057
48 4058
47 4059
46 4060
91 4061
90 4062
89 4063
88 4064
87 4065
86 4066
85 4067
84 4068
83 4069
82 4070
81 4071
80 4072
79 4073
78 4074
77 4075
76 4076
75 4077
74 4078
73 4079
72 4080
71 4081
70 4082
69 4083
68 4084
67 4085
66 4086
65 4087
64 4088
63 4089
62 4090
61 4091
60 4092
59 4093
58 4094
57 4095
103 4188
102 4096
101 4097
100 4098
99 4099
98 4100
97 4101
96 4102
95 4103
94 4104
93 4105
92 4106
91 4107
90 4108
89 4109
88 4110
87 4111
86 4112
85 4113
84 4114
83 4115
82 4116
81 4117
80 4118
79 4119
78 4120
77 4121
76 4122
75 4123
74 4124
73 4125
72 4126
71 4127
70 4128
69 4129
68 4130
67 4131
66 4132
65 4133
64 4134
63 4135
62 4136
61 4137
60 4138
59 4139
58 4140
57 4141
56 4142
55 4143
54 4144
53 4145
52 4146
51 4147
50 4148
49 4149
48 4150
47 4151
92 4152
91 4153
90 4154
89 4155
88 4156
87 4157
86 4158
85 4159
84 4160
83 4161
82 4162
81 4163
80 4164
79 4165
78 4166
77 4167
76 4168
75 4169
74 4170
73 4171
72 4172
71 4173
70 4174
69 4175
68 4176
67 4177
66 4178
65 4179
64 4180
63 4181
62 4182
61 4183
60 4184
59 4185
58 4186
105 4280
104 4187
103 4188
102 4189
101 4190
100 4191
99 4192
98 4193
97 4194
96 4195
95 4196
94 4197
93 4198
92 4199
91 4200
90 4201
89 4202
88 4203
87 4204
86 4205
85 4206
84 4207
83 4208
82 4209
81 4210
80 4211
79 4212
78 4213
77 4214
76 4215
75 4216
74 4217
73 4218
72 4219
71 4220
70 4221
69 4222
68 4223
67 4224
66 4225
65 4226
64 4227
63 4228
62 4229
61 4230
60 4231
59 4232
58 4233
57 4234
56 4235
55 4236
54 4237
53 4238
52 4239
51 4240
50 4241
49 4242
48 4243
93 4244
92 4245
91 4246
90 4247
89 4248
88 4249
87 4250
86 4251
85 4252
84 4253
83 4254
82 4255
81 4256
80 4257
79 4258
78 4259
77 4260
76 4261
75 4262
74 4263
73 4264
72 4265
71 4266
70 4267
69 4268
68 4269
67 4270
66 4271
65 4272
64 4273
63 4274
62 4275
61 4276
60 4277
59 4278
107 4373
106 4279
105 4280
104 4281
103 4282
102 4283
101 4284
100 4285
99 4286
98 4287
97 4288
96 4289
95 4290
94 4291
93 4292
92 4293
91 4294
90 4295
89 4296
88 4297
87 4298
86 4299
85 4300
84 4301
83 4302
82 4303
81 4304
80 4305
79 4306
78 4307
77 4308
76 4309
75 4310
74 4311
73 4312
72 4313
71 4314
70 4315
69 4316
68 4317
67 4318
66 4319
65 4320
64 4321
63 4322
62 4323
61 4324
60 4325
59 4326
58 4327
57 4328
56 4329
55 4330
54 4331
53 4332
52 4333
51 4334
50 4335
49 4336
94 4337
93 4338
92 4339
91 4340
90 4341
89 4342
88 4343
87 4344
86 4345
85 4346
84 4347
83 4348
82 4349
81 4350
80 4351
79 4352
78 4353
77 4354
76 4355
75 4356
74 4357
73 4358
72 4359
71 4360
70 4361
69 4362
68 4363
67 4364
66 4365
65 4366
64 4367
63 4368
62 4369
61 4370
60 4371
109 4467
108 4372
107 4373
106 4374
105 4375
104 4376
103 4377
102 4378
101 4379
100 4380
99 4381
98 4382
97 4383
96 4384
95 4385
94 4386
93 4387
92 4388
91 4389
90 4390
89 4391
88 4392
87 4393
86 4394
85 4395
84 4396
83 4397
82 4398
81 4399
80 4400
79 4401
78 4402
77 4403
76 4404
75 4405
74 4406
73 4407
72 4408
71 4409
70 4410
69 4411
68 4412
67 4413
66 4414
65 4415
64 4416
63 4417
62 4418
61 4419
60 4420
59 4421
58 4422
57 4423
56 4424
55 4425
54 4426
53 4427
52 4428
51 4429
50 4430
95 4431
94 4432
93 4433
92 4434
91 4435
90 4436
89 4437
88 4438
87 4439
86 4440
85 4441
84 4442
83 4443
82 4444
81 4445
80 4446
79 4447
78 4448
77 4449
76 4450
75 4451
74 4452
73 4453
72 4454
71 4455
70 4456
69 4457
68 4458
67 4459
66 4460
65 4461
64 4462
63 4463
62 4464
61 4465
111 4562
110 4466
109 4467
108 4468
107 4469
106 4470
105 4471
104 4472
103 4473
102 4474
101 4475
100 4476
99 4477
98 4478
97 4479
96 4480
95 4481
94 4482
93 4483
92 4484
91 4485
90 4486
89 4487
88 4488
87 4489
86 4490
85 4491
84 4492
83 4493
82 4494
81 4495
80 4496
79 4497
78 4498
77 4499
76 4500
75 4501
74 4502
73 4503
72 4504
71 4505
70 4506
69 4507
68 4508
67 4509
66 4510
65 4511
64 4512
63 4513
62 4514
61 4515
60 4516
59 4517
58 4518
57 4519
56 4520
55 4521
54 4522
53 4523
52 4524
51 4525
96 4526
95 4527
94 4528
93 4529
92 4530
91 4531
90 4532
89 4533
88 4534
87 4535
86 4536
85 4537
84 4538
83 4539
82 4540
81 4541
80 4542
79 4543
78 4544
77 4545
76 4546
75 4547
74 4548
73 4549
72 4550
71 4551
70 4552
69 4553
68 4554
67 4555
66 4556
65 4557
64 4558
63 4559
62 4560
113 4658
112 4561
111 4562
110 4563
109 4564
108 4565
107 4566
106 4567
105 4568
104 4569
103 4570
102 4571
101 4572
100 4573
99 4574
98 4575
97 4576
96 4577
95 4578
94 4579
93 4580
92 4581
91 4582
90 4583
89 4584
88 4585
87 4586
86 4587
85 4588
84 4589
83 4590
82 4591
81 4592
80 4593
79 4594
78 4595
77 4596
76 4597
75 4598
74 4599
73 4600
72 4601
71 4602
70 4603
69 4604
68 4605
67 4606
66 4607
65 4608
64 4609
63 4610
62 4611
61 4612
60 4613
59 4614
58 4615
57 4616
56 4617
55 4618
54 4619
53 4620
52 4621
97 4622
96 4623
95 4624
94 4625
93 4626
92 4627
91 4628
90 4629
89 4630
88 4631
87 4632
86 4633
85 4634
84 4635
83 4636
82 4637
81 4638
80 4639
79 4640
78 4641
77 4642
76 4643
75 4644
74 4645
73 4646
72 4647
71 4648
70 4649
69 4650
68 4651
67 4652
66 4653
65 4654
64 4655
63 4656
115 4755
114 4657
113 4658
112 4659
111 4660
110 4661
109 4662
108 4663
107 4664
106 4665
105 4666
104 4667
103 4668
102 4669
101 4670
100 4671
99 4672
98 4673
97 4674
96 4675
95 4676
94 4677
93 4678
92 4679
91 4680
90 4681
89 4682
88 4683
87 4684
86 4685
85 4686
84 4687
83 4688
82 4689
81 4690
80 4691
79 4692
78 4693
77 4694
76 4695
75 4696
74 4697
73 4698
72 4699
71 4700
70 4701
69 4702
68 4703
67 4704
66 4705
65 4706
64 4707
63 4708
62 4709
61 4710
60 4711
59 4712
58 4713
57 4714
56 4715
55 4716
54 4717
53 4718
98 4719
97 4720
96 4721
95 4722
94 4723
93 4724
92 4725
91 4726
90 4727
89 4728
88 4729
87 4730
86 4731
85 4732
84 4733
83 4734
82 4735
81 4736
80 4737
79 4738
78 4739
77 4740
76 4741
75 4742
74 4743
73 4744
72 4745
71 4746
70 4747
69 4748
68 4749
67 4750
66 4751
65 4752
64 4753
117 4853
116 4754
115 4755
114 4756
113 4757
112 4758
111 4759
110 4760
109 4761
108 4762
107 4763
106 4764
105 4765
104 4766
103 4767
102 4768
101 4769
100 4770
99 4771
98 4772
97 4773
96 4774
95 4775
94 4776
93 4777
92 4778
91 4779
90 4780
89 4781
88 4782
87 4783
86 4784
85 4785
84 4786
83 4787
82 4788
81 4789
80 4790
79 4791
78 4792
77 4793
76 4794
75 4795
74 4796
73 4797
72 4798
71 4799
70 4800
69 4801
68 4802
67 4803
66 4804
65 4805
64 4806
63 4807
62 4808
61 4809
60 4810
59 4811
58 4812
57 4813
56 4814
55 4815
54 4816
99 4817
98 4818
97 4819
96 4820
95 4821
94 4822
93 4823
92 4824
91 4825
90 4826
89 4827
88 4828
87 4829
86 4830
85 4831
84 4832
83 4833
82 4834
81 4835
80 4836
79 4837
78 4838
77 4839
76 4840
75 4841
74 4842
73 4843
72 4844
71 4845
70 4846
69 4847
68 4848
67 4849
66 4850
65 4851
119 4952
118 4852
117 4853
116 4854
115 4855
114 4856
113 4857
112 4858
111 4859
110 4860
109 4861
108 4862
107 4863
106 4864
105 4865
104 4866
103 4867
102 4868
101 4869
100 4870
99 4871
98 4872
97 4873
96 4874
95 4875
94 4876
93 4877
92 4878
91 4879
90 4880
89 4881
88 4882
87 4883
86 4884
85 4885
84 4886
83 4887
82 4888
81 4889
80 4890
79 4891
78 4892
77 4893
76 4894
75 4895
74 4896
73 4897
72 4898
71 4899
70 4900
69 4901
68 4902
67 4903
66 4904
65 4905
64 4906
63 4907
62 4908
61 4909
60 4910
59 4911
58 4912
57 4913
56 4914
55 4915
100 4916
99 4917
98 4918
97 4919
96 4920
95 4921
94 4922
93 4923
92 4924
91 4925
90 4926
89 4927
88 4928
87 4929
86 4930
85 4931
84 4932
83 4933
82 4934
81 4935
80 4936
79 4937
78 4938
77 4939
76 4940
75 4941
74 4942
73 4943
72 4944
71 4945
70 4946
69 4947
68 4948
67 4949
66 4950
121 5052
120 4951
119 4952
118 4953
117 4954
116 4955
115 4956
114 4957
113 4958
112 4959
111 4960
110 4961
109 4962
108 4963
107 4964
106 4965
105 4966
104 4967
103 4968
102 4969
101 4970
100 4971
99 4972
98 4973
97 4974
96 4975
95 4976
94 4977
93 4978
92 4979
91 4980
90 4981
89 4982
88 4983
87 4984
86 4985
85 4986
84 4987
83 4988
82 4989
81 4990
80 4991
79 4992
78 4993
77 4994
76 4995
75 4996
74 4997
73 4998
72 4999
71 5000
70 5001
69 5002
68 5003
67 5004
66 5005
65 5006
64 5007
63 5008
62 5009
61 5010
60 5011
59 5012
58 5013
57 5014
56 5015
101 5016
100 5017
99 5018
98 5019
97 5020
96 5021
95 5022
94 5023
93 5024
92 5025
91 5026
90 5027
89 5028
88 5029
87 5030
86 5031
85 5032
84 5033
83 5034
82 5035
81 5036
80 5037
79 5038
78 5039
77 5040
76 5041
75 5042
74 5043
73 5044
72 5045
71 5046
70 5047
69 5048
68 5049
67 5050
123 5153
122 5051
121 5052
120 5053
119 5054
118 5055
117 5056
116 5057
115 5058
114 5059
113 5060
112 5061
111 5062
110 5063
109 5064
108 5065
107 5066
106 5067
105 5068
104 5069
103 5070
102 5071
101 5072
100 5073
99 5074
98 5075
97 5076
96 5077
95 5078
94 5079
93 5080
92 5081
91 5082
90 5083
89 5084
88 5085
87 5086
86 5087
85 5088
84 5089
83 5090
82 5091
81 5092
80 5093
79 5094
78 5095
77 5096
76 5097
75 5098
74 5099
73 5100
72 5101
71 5102
70 5103
69 5104
68 5105
67 5106
66 5107
65 5108
64 5109
63 5110
62 5111
61 5112
60 5113
59 5114
58 5115
57 5116
102 5117
101 5118
100 5119
99 5120
98 5121
97 5122
96 5123
95 5124
94 5125
93 5126
92 5127
91 5128
90 5129
89 5130
88 5131
87 5132
86 5133
85 5134
84 5135
83 5136
82 5137
81 5138
80 5139
79 5140
78 5141
77 5142
76 5143
75 5144
74 5145
73 5146
72 5147
71 5148
70 5149
69 5150
68 5151
125 5255
124 5152
123 5153
122 5154
121 5155
120 5156
119 5157
118 5158
117 5159
116 5160
115 5161
114 5162
113 5163
112 5164
111 5165
110 5166
109 5167
108 5168
107 5169
106 5170
105 5171
104 5172
103 5173
102 5174
101 5175
100 5176
99 5177
98 5178
97 5179
96 5180
95 5181
94 5182
93 5183
92 5184
91 5185
90 5186
89 5187
88 5188
87 5189
86 5190
85 5191
84 5192
83 5193
82 5194
81 5195
80 5196
79 5197
78 5198
77 5199
76 5200
75 5201
74 5202
73 5203
72 5204
71 5205
70 5206
69 5207
68 5208
67 5209
66 5210
65 5211
64 5212
63 5213
62 5214
61 5215
60 5216
59 5217
58 5218
103 5219
102 5220
101 5221
100 5222
99 5223
98 5224
97 5225
96 5226
95 5227
94 5228
93 5229
92 5230
91 5231
90 5232
89 5233
88 5234
87 5235
86 5236
85 5237
84 5238
83 5239
82 5240
81 5241
80 5242
79 5243
78 5244
77 5245
76 5246
75 5247
74 5248
73 5249
72 5250
71 5251
70 5252
69 5253
127 5358
126 5254
125 5255
124 5256
123 5257
122 5258
121 5259
120 5260
119 5261
118 5262
117 5263
116 5264
115 5265
114 5266
113 5267
112 5268
111 5269
110 5270
109 5271
108 5272
107 5273
106 5274
105 5275
104 5276
103 5277
102 5278
101 5279
100 5280
99 5281
98 5282
97 5283
96 5284
95 5285
94 5286
93 5287
92 5288
91 5289
90 5290
89 5291
88 5292
87 5293
86 5294
85 5295
84 5296
83 5297
82 5298
81 5299
80 5300
79 5301
78 5302
77 5303
76 5304
75 5305
74 5306
73 5307
72 5308
71 5309
70 5310
69 5311
68 5312
67 5313
66 5314
65 5315
64 5316
63 5317
62 5318
61 5319
60 5320
59 5321
104 5322
103 5323
102 5324
101 5325
100 5326
99 5327
98 5328
97 5329
96 5330
95 5331
94 5332
93 5333
92 5334
91 5335
90 5336
89 5337
88 5338
87 5339
86 5340
85 5341
84 5342
83 5343
82 5344
81 5345
80 5346
79 5347
78 5348
77 5349
76 5350
75 5351
74 5352
73 5353
72 5354
71 5355
70 5356
129 5462
128 5357
127 5358
126 5359
125 5360
124 5361
123 5362
122 5363
121 5364
120 5365
119 5366
118 5367
117 5368
116 5369
115 5370
114 5371
113 5372
112 5373
111 5374
110 5375
109 5376
108 5377
107 5378
106 5379
105 5380
104 5381
103 5382
102 5383
101 5384
100 5385
99 5386
98 5387
97 5388
96 5389
95 5390
94 5391
93 5392
92 5393
91 5394
90 5395
89 5396
88 5397
87 5398
86 5399
85 5400
84 5401
83 5402
82 5403
81 5404
80 5405
79 5406
78 5407
77 5408
76 5409
75 5410
74 5411
73 5412
72 5413
71 5414
70 5415
69 5416
68 5417
67 5418
66 5419
65 5420
64 5421
63 5422
62 5423
61 5424
60 5425
105 5426
104 5427
103 5428
102 5429
101 5430
100 5431
99 5432
98 5433
97 5434
96 5435
95 5436
94 5437
93 5438
92 5439
91 5440
90 5441
89 5442
88 5443
87 5444
86 5445
85 5446
84 5447
83 5448
82 5449
81 5450
80 5451
79 5452
78 5453
77 5454
76 5455
75 5456
74 5457
73 5458
72 5459
71 5460
131 5567
130 5461
129 5462
128 5463
127 5464
126 5465
125 5466
124 5467
123 5468
122 5469
121 5470
120 5471
119 5472
118 5473
117 5474
116 5475
115 5476
114 5477
113 5478
112 5479
111 5480
110 5481
109 5482
108 5483
107 5484
106 5485
105 5486
104 5487
103 5488
102 5489
101 5490
100 5491
99 5492
98 5493
97 5494
96 5495
95 5496
94 5497
93 5498
92 5499
91 5500
90 5501
89 5502
88 5503
87 5504
86 5505
85 5506
84 5507
83 5508
82 5509
81 5510
80 5511
79 5512
78 5513
77 5514
76 5515
75 5516
74 5517
73 5518
72 5519
71 5520
70 5521
69 5522
68 5523
67 5524
66 5525
65 5526
64 5527
63 5528
62 5529
61 5530
106 5531
105 5532
104 5533
103 5534
102 5535
101 5536
100 5537
99 5538
98 5539
97 5540
96 5541
95 5542
94 5543
93 5544
92 5545
91 5546
90 5547
89 5548
88 5549
87 5550
86 5551
85 5552
84 5553
83 5554
82 5555
81 5556
80 5557
79 5558
78 5559
77 5560
76 5561
75 5562
74 5563
73 5564
72 5565
133 5673
132 5566
131 5567
130 5568
129 5569
128 5570
127 5571
126 5572
125 5573
124 5574
123 5575
122 5576
121 5577
120 5578
119 5579
118 5580
117 5581
116 5582
115 5583
114 5584
113 5585
112 5586
111 5587
110 5588
109 5589
108 5590
107 5591
106 5592
105 5593
104 5594
103 5595
102 5596
101 5597
100 5598
99 5599
98 5600
97 5601
96 5602
95 5603
94 5604
93 5605
92 5606
91 5607
90 5608
89 5609
88 5610
87 5611
86 5612
85 5613
84 5614
83 5615
82 5616
81 5617
80 5618
79 5619
78 5620
77 5621
76 5622
75 5623
74 5624
73 5625
72 5626
71 5627
70 5628
69 5629
68 5630
67 5631
66 5632
65 5633
64 5634
63 5635
62 5636
107 5637
106 5638
105 5639
104 5640
103 5641
102 5642
101 5643
100 5644
99 5645
98 5646
97 5647
96 5648
95 5649
94 5650
93 5651
92 5652
91 5653
90 5654
89 5655
88 5656
87 5657
86 5658
85 5659
84 5660
83 5661
82 5662
81 5663
80 5664
79 5665
78 5666
77 5667
76 5668
75 5669
74 5670
73 5671
135 5780
134 5672
133 5673
132 5674
131 5675
130 5676
129 5677
128 5678
127 5679
126 5680
125 5681
124 5682
123 5683
122 5684
121 5685
120 5686
119 5687
118 5688
117 5689
116 5690
115 5691
114 5692
113 5693
112 5694
111 5695
110 5696
109 5697
108 5698
107 5699
106 5700
105 5701
104 5702
103 5703
102 5704
101 5705
100 5706
99 5707
98 5708
97 5709
96 5710
95 5711
94 5712
93 5713
92 5714
91 5715
90 5716
89 5717
88 5718
87 5719
86 5720
85 5721
84 5722
83 5723
82 5724
81 5725
80 5726
79 5727
78 5728
77 5729
76 5730
75 5731
74 5732
73 5733
72 5734
71 5735
70 5736
69 5737
68 5738
67 5739
66 5740
65 5741
64 5742
63 5743
108 5744
107 5745
106 5746
105 5747
104 5748
103 5749
102 5750
101 5751
100 5752
99 5753
98 5754
97 5755
96 5756
95 5757
94 5758
93 5759
92 5760
91 5761
90 5762
89 5763
88 5764
87 5765
86 5766
85 5767
84 5768
83 5769
82 5770
81 5771
80 5772
79 5773
78 5774
77 5775
76 5776
75 5777
74 5778
137 5888
136 5779
135 5780
134 5781
133 5782
132 5783
131 5784
130 5785
129 5786
128 5787
127 5788
126 5789
125 5790
124 5791
123 5792
122 5793
121 5794
120 5795
119 5796
118 5797
117 5798
116 5799
115 5800
114 5801
113 5802
112 5803
111 5804
110 5805
109 5806
108 5807
107 5808
106 5809
105 5810
104 5811
103 5812
102 5813
101 5814
100 5815
99 5816
98 5817
97 5818
96 5819
95 5820
94 5821
93 5822
92 5823
91 5824
90 5825
89 5826
88 5827
87 5828
86 5829
85 5830
84 5831
83 5832
82 5833
81 5834
80 5835
79 5836
78 5837
77 5838
76 5839
75 5840
74 5841
73 5842
72 5843
71 5844
70 5845
69 5846
68 5847
67 5848
66 5849
65 5850
64 5851
109 5852
108 5853
107 5854
106 5855
105 5856
104 5857
103 5858
102 5859
101 5860
100 5861
99 5862
98 5863
97 5864
96 5865
95 5866
94 5867
93 5868
92 5869
91 5870
90 5871
89 5872
88 5873
87 5874
86 5875
85 5876
84 5877
83 5878
82 5879
81 5880
80 5881
79 5882
78 5883
77 5884
76 5885
75 5886
139 5997
138 5887
137 5888
136 5889
135 5890
134 5891
133 5892
132 5893
131 5894
130 5895
129 5896
128 5897
127 5898
126 5899
125 5900
124 5901
123 5902
122 5903
121 5904
120 5905
119 5906
118 5907
117 5908
116 5909
115 5910
114 5911
113 5912
112 5913
111 5914
110 5915
109 5916
108 5917
107 5918
106 5919
105 5920
104 5921
103 5922
102 5923
101 5924
100 5925
99 5926
98 5927
97 5928
96 5929
95 5930
94 5931
93 5932
92 5933
91 5934
90 5935
89 5936
88 5937
87 5938
86 5939
85 5940
84 5941
83 5942
82 5943
81 5944
80 5945
79 5946
78 5947
77 5948
76 5949
75 5950
74 5951
73 5952
72 5953
71 5954
70 5955
69 5956
68 5957
67 5958
66 5959
65 5960
110 5961
109 5962
108 5963
107 5964
106 5965
105 5966
104 5967
103 5968
102 5969
101 5970
100 5971
99 5972
98 5973
97 5974
96 5975
95 5976
94 5977
93 5978
92 5979
91 5980
90 5981
89 5982
88 5983
87 5984
86 5985
85 5986
84 5987
83 5988
82 5989
81 5990
80 5991
79 5992
78 5993
77 5994
76 5995
141 6107
140 5996
139 5997
138 5998
137 5999
136 6000
135 6001
134 6002
133 6003
132 6004
131 6005
130 6006
129 6007
128 6008
127 6009
126 6010
125 6011
124 6012
123 6013
122 6014
121 6015
120 6016
119 6017
118 6018
117 6019
116 6020
115 6021
114 6022
113 6023
112 6024
111 6025
110 6026
109 6027
108 6028
107 6029
106 6030
105 6031
104 6032
103 6033
102 6034
101 6035
100 6036
99 6037
98 6038
97 6039
96 6040
95 6041
94 6042
93 6043
92 6044
91 6045
90 6046
89 6047
88 6048
87 6049
86 6050
85 6051
84 6052
83 6053
82 6054
81 6055
80 6056
79 6057
78 6058
77 6059
76 6060
75 6061
74 6062
73 6063
72 6064
71 6065
70 6066
69 6067
68 6068
67 6069
66 6070
111 6071
110 6072
109 6073
108 6074
107 6075
106 6076
105 6077
104 6078
103 6079
102 6080
101 6081
100 6082
99 6083
98 6084
97 6085
96 6086
95 6087
94 6088
93 6089
92 6090
91 6091
90 6092
89 6093
88 6094
87 6095
86 6096
85 6097
84 6098
83 6099
82 6100
81 6101
80 6102
79 6103
78 6104
77 6105
143 6218
142 6106
141 6107
140 6108
139 6109
138 6110
137 6111
136 6112
135 6113
134 6114
133 6115
132 6116
131 6117
130 6118
129 6119
128 6120
127 6121
126 6122
125 6123
124 6124
123 6125
122 6126
121 6127
120 6128
119 6129
118 6130
117 6131
116 6132
115 6133
114 6134
113 6135
112 6136
111 6137
110 6138
109 6139
108 6140
107 6141
106 6142
105 6143
104 6144
103 6145
102 6146
101 6147
100 6148
99 6149
98 6150
97 6151
96 6152
95 6153
94 6154
93 6155
92 6156
91 6157
90 6158
89 6159
88 6160
87 6161
86 6162
85 6163
84 6164
83 6165
82 6166
81 6167
80 6168
79 6169
78 6170
77 6171
76 6172
75 6173
74 6174
73 6175
72 6176
71 6177
70 6178
69 6179
68 6180
67 6181
112 6182
111 6183
110 6184
109 6185
108 6186
107 6187
106 6188
105 6189
104 6190
103 6191
102 6192
101 6193
100 6194
99 6195
98 6196
97 6197
96 6198
95 6199
94 6200
93 6201
92 6202
91 6203
90 6204
89 6205
88 6206
87 6207
86 6208
85 6209
84 6210
83 6211
82 6212
81 6213
80 6214
79 6215
78 6216
145 6330
144 6217
143 6218
142 6219
141 6220
140 6221
139 6222
138 6223
137 6224
136 6225
135 6226
134 6227
133 6228
132 6229
131 6230
130 6231
129 6232
128 6233
127 6234
126 6235
125 6236
124 6237
123 6238
122 6239
121 6240
120 6241
119 6242
118 6243
117 6244
116 6245
115 6246
114 6247
113 6248
112 6249
111 6250
110 6251
109 6252
108 6253
107 6254
106 6255
105 6256
104 6257
103 6258
102 6259
101 6260
100 6261
99 6262
98 6263
97 6264
96 6265
95 6266
94 6267
93 6268
92 6269
91 6270
90 6271
89 6272
88 6273
87 6274
86 6275
85 6276
84 6277
83 6278
82 6279
81 6280
80 6281
79 6282
78 6283
77 6284
76 6285
75 6286
74 6287
73 6288
72 6289
71 6290
70 6291
69 6292
68 6293
113 6294
112 6295
111 6296
110 6297
109 6298
108 6299
107 6300
106 6301
105 6302
104 6303
103 6304
102 6305
101 6306
100 6307
99 6308
98 6309
97 6310
96 6311
95 6312
94 6313
93 6314
92 6315
91 6316
90 6317
89 6318
88 6319
87 6320
86 6321
85 6322
84 6323
83 6324
82 6325
81 6326
80 6327
79 6328
147 6443
146 6329
145 6330
144 6331
143 6332
142 6333
141 6334
140 6335
139 6336
138 6337
137 6338
136 6339
135 6340
134 6341
133 6342
132 6343
131 6344
130 6345
129 6346
128 6347
127 6348
126 6349
125 6350
124 6351
123 6352
122 6353
121 6354
120 6355
119 6356
118 6357
117 6358
116 6359
115 6360
114 6361
113 6362
112 6363
111 6364
110 6365
109 6366
108 6367
107 6368
106 6369
105 6370
104 6371
103 6372
102 6373
101 6374
100 6375
99 6376
98 6377
97 6378
96 6379
95 6380
94 6381
93 6382
92 6383
91 6384
90 6385
89 6386
88 6387
87 6388
86 6389
85 6390
84 6391
83 6392
82 6393
81 6394
80 6395
79 6396
78 6397
77 6398
76 6399
75 6400
74 6401
73 6402
72 6403
71 6404
70 6405
69 6406
114 6407
113 6408
112 6409
111 6410
110 6411
109 6412
108 6413
107 6414
106 6415
105 6416
104 6417
103 6418
102 6419
101 6420
100 6421
99 6422
98 6423
97 6424
96 6425
95 6426
94 6427
93 6428
92 6429
91 6430
90 6431
89 6432
88 6433
87 6434
86 6435
85 6436
84 6437
83 6438
82 6439
81 6440
80 6441
149 6557
148 6442
147 6443
146 6444
145 6445
144 6446
143 6447
142 6448
141 6449
140 6450
139 6451
138 6452
137 6453
136 6454
135 6455
134 6456
133 6457
132 6458
131 6459
130 6460
129 6461
128 6462
127 6463
126 6464
125 6465
124 6466
123 6467
122 6468
121 6469
120 6470
119 6471
118 6472
117 6473
116 6474
115 6475
114 6476
113 6477
112 6478
111 6479
110 6480
109 6481
108 6482
107 6483
106 6484
105 6485
104 6486
103 6487
102 6488
101 6489
100 6490
99 6491
98 6492
97 6493
96 6494
95 6495
94 6496
93 6497
92 6498
91 6499
90 6500
89 6501
88 6502
87 6503
86 6504
85 6505
84 6506
83 6507
82 6508
81 6509
80 6510
79 6511
78 6512
77 6513
76 6514
75 6515
74 6516
73 6517
72 6518
71 6519
70 6520
115 6521
114 6522
113 6523
112 6524
111 6525
110 6526
109 6527
108 6528
107 6529
106 6530
105 6531
104 6532
103 6533
102 6534
101 6535
100 6536
99 6537
98 6538
97 6539
96 6540
95 6541
94 6542
93 6543
92 6544
91 6545
90 6546
89 6547
88 6548
87 6549
86 6550
85 6551
84 6552
83 6553
82 6554
81 6555
151 6672
150 6556
149 6557
148 6558
147 6559
146 6560
145 6561
144 6562
143 6563
142 6564
141 6565
140 6566
139 6567
138 6568
137 6569
136 6570
135 6571
134 6572
133 6573
132 6574
131 6575
130 6576
129 6577
128 6578
127 6579
126 6580
125 6581
124 6582
123 6583
122 6584
121 6585
120 6586
119 6587
118 6588
117 6589
116 6590
115 6591
114 6592
113 6593
112 6594
111 6595
110 6596
109 6597
108 6598
107 6599
106 6600
105 6601
104 6602
103 6603
102 6604
101 6605
100 6606
99 6607
98 6608
97 6609
96 6610
95 6611
94 6612
93 6613
92 6614
91 6615
90 6616
89 6617
88 6618
87 6619
86 6620
85 6621
84 6622
83 6623
82 6624
81 6625
80 6626
79 6627
78 6628
77 6629
76 6630
75 6631
74 6632
73 6633
72 6634
71 6635
116 6636
115 6637
114 6638
113 6639
112 6640
111 6641
110 6642
109 6643
108 6644
107 6645
106 6646
105 6647
104 6648
103 6649
102 6650
101 6651
100 6652
99 6653
98 6654
97 6655
96 6656
95 6657
94 6658
93 6659
92 6660
91 6661
90 6662
89 6663
88 6664
87 6665
86 6666
85 6667
84 6668
83 6669
82 6670
153 6788
152 6671
151 6672
150 6673
149 6674
148 6675
147 6676
146 6677
145 6678
144 6679
143 6680
142 6681
141 6682
140 6683
139 6684
138 6685
137 6686
136 6687
135 6688
134 6689
133 6690
132 6691
131 6692
130 6693
129 6694
128 6695
127 6696
126 6697
125 6698
124 6699
123 6700
122 6701
121 6702
120 6703
119 6704
118 6705
117 6706
116 6707
115 6708
114 6709
113 6710
112 6711
111 6712
110 6713
109 6714
108 6715
107 6716
106 6717
105 6718
104 6719
103 6720
102 6721
101 6722
100 6723
99 6724
98 6725
97 6726
96 6727
95 6728
94 6729
93 6730
92 6731
91 6732
90 6733
89 6734
88 6735
87 6736
86 6737
85 6738
84 6739
83 6740
82 6741
81 6742
80 6743
79 6744
78 6745
77 6746
76 6747
75 6748
74 6749
73 6750
72 6751
117 6752
116 6753
115 6754
114 6755
113 6756
112 6757
111 6758
110 6759
109 6760
108 6761
107 6762
106 6763
105 6764
104 6765
103 6766
102 6767
101 6768
100 6769
99 6770
98 6771
97 6772
96 6773
95 6774
94 6775
93 6776
92 6777
91 6778
90 6779
89 6780
88 6781
87 6782
86 6783
85 6784
84 6785
83 6786
155 6905
154 6787
153 6788
152 6789
151 6790
150 6791
149 6792
148 6793
147 6794
146 6795
145 6796
144 6797
143 6798
142 6799
141 6800
140 6801
139 6802
138 6803
137 6804
136 6805
135 6806
134 6807
133 6808
132 6809
131 6810
130 6811
129 6812
128 6813
127 6814
126 6815
125 6816
124 6817
123 6818
122 6819
121 6820
120 6821
119 6822
118 6823
117 6824
116 6825
115 6826
114 6827
113 6828
112 6829
111 6830
110 6831
109 6832
108 6833
107 6834
106 6835
105 6836
104 6837
103 6838
102 6839
101 6840
100 6841
99 6842
98 6843
97 6844
96 6845
95 6846
94 6847
93 6848
92 6849
91 6850
90 6851
89 6852
88 6853
87 6854
86 6855
85 6856
84 6857
83 6858
82 6859
81 6860
80 6861
79 6862
78 6863
77 6864
76 6865
75 6866
74 6867
73 6868
118 6869
117 6870
116 6871
115 6872
114 6873
113 6874
112 6875
111 6876
110 6877
109 6878
108 6879
107 6880
106 6881
105 6882
104 6883
103 6884
102 6885
101 6886
100 6887
99 6888
98 6889
97 6890
96 6891
95 6892
94 6893
93 6894
92 6895
91 6896
90 6897
89 6898
88 6899
87 6900
86 6901
85 6902
84 6903
157 7023
156 6904
155 6905
154 6906
153 6907
152 6908
151 6909
150 6910
149 6911
148 6912
147 6913
146 6914
145 6915
144 6916
143 6917
142 6918
141 6919
140 6920
139 6921
138 6922
137 6923
136 6924
135 6925
134 6926
133 6927
132 6928
131 6929
130 6930
129 6931
128 6932
127 6933
126 6934
125 6935
124 6936
123 6937
122 6938
121 6939
120 6940
119 6941
118 6942
117 6943
116 6944
115 6945
114 6946
113 6947
112 6948
111 6949
110 6950
109 6951
108 6952
107 6953
106 6954
105 6955
104 6956
103 6957
102 6958
101 6959
100 6960
99 6961
98 6962
97 6963
96 6964
95 6965
94 6966
93 6967
92 6968
91 6969
90 6970
89 6971
88 6972
87 6973
86 6974
85 6975
84 6976
83 6977
82 6978
81 6979
80 6980
79 6981
78 6982
77 6983
76 6984
75 6985
74 6986
119 6987
118 6988
117 6989
116 6990
115 6991
114 6992
113 6993
112 6994
111 6995
110 6996
109 6997
108 6998
107 6999
106 7000
105 7001
104 7002
103 7003
102 7004
101 7005
100 7006
99 7007
98 7008
97 7009
96 7010
95 7011
94 7012
93 7013
92 7014
91 7015
90 7016
89 7017
88 7018
87 7019
86 7020
85 7021
159 7142
158 7022
157 7023
156 7024
155 7025
154 7026
153 7027
152 7028
151 7029
150 7030
149 7031
148 7032
147 7033
146 7034
145 7035
144 7036
143 7037
142 7038
141 7039
140 7040
139 7041
138 7042
137 7043
136 7044
135 7045
134 7046
133 7047
132 7048
131 7049
130 7050
129 7051
128 7052
127 7053
126 7054
125 7055
124 7056
123 7057
122 7058
121 7059
120 7060
119 7061
118 7062
117 7063
116 7064
115 7065
114 7066
113 7067
112 7068
111 7069
110 7070
109 7071
108 7072
107 7073
106 7074
105 7075
104 7076
103 7077
102 7078
101 7079
100 7080
99 7081
98 7082
97 7083
96 7084
95 7085
94 7086
93 7087
92 7088
91 7089
90 7090
89 7091
88 7092
87 7093
86 7094
85 7095
84 7096
83 7097
82 7098
81 7099
80 7100
79 7101
78 7102
77 7103
76 7104
75 7105
120 7106
119 7107
118 7108
117 7109
116 7110
115 7111
114 7112
113 7113
112 7114
111 7115
110 7116
109 7117
108 7118
107 7119
106 7120
105 7121
104 7122
103 7123
102 7124
101 7125
100 7126
99 7127
98 7128
97 7129
96 7130
95 7131
94 7132
93 7133
92 7134
91 7135
90 7136
89 7137
88 7138
87 7139
86 7140
161 7262
160 7141
159 7142
158 7143
157 7144
156 7145
155 7146
154 7147
153 7148
152 7149
151 7150
150 7151
149 7152
148 7153
147 7154
146 7155
145 7156
144 7157
143 7158
142 7159
141 7160
140 7161
139 7162
138 7163
137 7164
136 7165
135 7166
134 7167
133 7168
132 7169
131 7170
130 7171
129 7172
128 7173
127 7174
126 7175
125 7176
124 7177
123 7178
122 7179
121 7180
120 7181
119 7182
118 7183
117 7184
116 7185
115 7186
114 7187
113 7188
112 7189
111 7190
110 7191
109 7192
108 7193
107 7194
106 7195
105 7196
104 7197
103 7198
102 7199
101 7200
100 7201
99 7202
98 7203
97 7204
96 7205
95 7206
94 7207
93 7208
92 7209
91 7210
90 7211
89 7212
88 7213
87 7214
86 7215
85 7216
84 7217
83 7218
82 7219
81 7220
80 7221
79 7222
78 7223
77 7224
76 7225
121 7226
120 7227
119 7228
118 7229
117 7230
116 7231
115 7232
114 7233
113 7234
112 7235
111 7236
110 7237
109 7238
108 7239
107 7240
106 7241
105 7242
104 7243
103 7244
102 7245
101 7246
100 7247
99 7248
98 7249
97 7250
96 7251
95 7252
94 7253
93 7254
92 7255
91 7256
90 7257
89 7258
88 7259
87 7260
163 7383
162 7261
161 7262
160 7263
159 7264
158 7265
157 7266
156 7267
155 7268
154 7269
153 7270
152 7271
151 7272
150 7273
149 7274
148 7275
147 7276
146 7277
145 7278
144 7279
143 7280
142 7281
141 7282
140 7283
139 7284
138 7285
137 7286
136 7287
135 7288
134 7289
133 7290
132 7291
131 7292
130 7293
129 7294
128 7295
127 7296
126 7297
125 7298
124 7299
123 7300
122 7301
121 7302
120 7303
119 7304
118 7305
117 7306
116 7307
115 7308
114 7309
113 7310
112 7311
111 7312
110 7313
109 7314
108 7315
107 7316
106 7317
105 7318
104 7319
103 7320
102 7321
101 7322
100 7323
99 7324
98 7325
97 7326
96 7327
95 7328
94 7329
93 7330
92 7331
91 7332
90 7333
89 7334
88 7335
87 7336
86 7337
85 7338
84 7339
83 7340
82 7341
81 7342
80 7343
79 7344
78 7345
77 7346
122 7347
121 7348
120 7349
119 7350
118 7351
117 7352
116 7353
115 7354
114 7355
113 7356
112 7357
111 7358
110 7359
109 7360
108 7361
107 7362
106 7363
105 7364
104 7365
103 7366
102 7367
101 7368
100 7369
99 7370
98 7371
97 7372
96 7373
95 7374
94 7375
93 7376
92 7377
91 7378
90 7379
89 7380
88 7381
165 7505
164 7382
163 7383
162 7384
161 7385
160 7386
159 7387
158 7388
157 7389
156 7390
155 7391
154 7392
153 7393
152 7394
151 7395
150 7396
149 7397
148 7398
147 7399
146 7400
145 7401
144 7402
143 7403
142 7404
141 7405
140 7406
139 7407
138 7408
137 7409
136 7410
135 7411
134 7412
133 7413
132 7414
131 7415
130 7416
129 7417
128 7418
127 7419
126 7420
125 7421
124 7422
123 7423
122 7424
121 7425
120 7426
119 7427
118 7428
117 7429
116 7430
115 7431
114 7432
113 7433
112 7434
111 7435
110 7436
109 7437
108 7438
107 7439
106 7440
105 7441
104 7442
103 7443
102 7444
101 7445
100 7446
99 7447
98 7448
97 7449
96 7450
95 7451
94 7452
93 7453
92 7454
91 7455
90 7456
89 7457
88 7458
87 7459
86 7460
85 7461
84 7462
83 7463
82 7464
81 7465
80 7466
79 7467
78 7468
123 7469
122 7470
121 7471
120 7472
119 7473
118 7474
117 7475
116 7476
115 7477
114 7478
113 7479
112 7480
111 7481
110 7482
109 7483
108 7484
107 7485
106 7486
105 7487
104 7488
103 7489
102 7490
101 7491
100 7492
99 7493
98 7494
97 7495
96 7496
95 7497
94 7498
93 7499
92 7500
91 7501
90 7502
89 7503
167 7628
166 7504
165 7505
164 7506
163 7507
162 7508
161 7509
160 7510
159 7511
158 7512
157 7513
156 7514
155 7515
154 7516
153 7517
152 7518
151 7519
150 7520
149 7521
148 7522
147 7523
146 7524
145 7525
144 7526
143 7527
142 7528
141 7529
140 7530
139 7531
138 7532
137 7533
136 7534
135 7535
134 7536
133 7537
132 7538
131 7539
130 7540
129 7541
128 7542
127 7543
126 7544
125 7545
124 7546
123 7547
122 7548
121 7549
120 7550
119 7551
118 7552
117 7553
116 7554
115 7555
114 7556
113 7557
112 7558
111 7559
110 7560
109 7561
108 7562
107 7563
106 7564
105 7565
104 7566
103 7567
102 7568
101 7569
100 7570
99 7571
98 7572
97 7573
96 7574
95 7575
94 7576
93 7577
92 7578
91 7579
90 7580
89 7581
88 7582
87 7583
86 7584
85 7585
84 7586
83 7587
82 7588
81 7589
80 7590
79 7591
124 7592
123 7593
122 7594
121 7595
120 7596
119 7597
118 7598
117 7599
116 7600
115 7601
114 7602
113 7603
112 7604
111 7605
110 7606
109 7607
108 7608
107 7609
106 7610
105 7611
104 7612
103 7613
102 7614
101 7615
100 7616
99 7617
98 7618
97 7619
96 7620
95 7621
94 7622
93 7623
92 7624
91 7625
90 7626
169 7752
168 7627
167 7628
166 7629
165 7630
164 7631
163 7632
162 7633
161 7634
160 7635
159 7636
158 7637
157 7638
156 7639
155 7640
154 7641
153 7642
152 7643
151 7644
150 7645
149 7646
148 7647
147 7648
146 7649
145 7650
144 7651
143 7652
142 7653
141 7654
140 7655
139 7656
138 7657
137 7658
136 7659
135 7660
134 7661
133 7662
132 7663
131 7664
130 7665
129 7666
128 7667
127 7668
126 7669
125 7670
124 7671
123 7672
122 7673
121 7674
120 7675
119 7676
118 7677
117 7678
116 7679
115 7680
114 7681
113 7682
112 7683
111 7684
110 7685
109 7686
108 7687
107 7688
106 7689
105 7690
104 7691
103 7692
102 7693
101 7694
100 7695
99 7696
98 7697
97 7698
96 7699
95 7700
94 7701
93 7702
92 7703
91 7704
90 7705
89 7706
88 7707
87 7708
86 7709
85 7710
84 7711
83 7712
82 7713
81 7714
80 7715
125 7716
124 7717
123 7718
122 7719
121 7720
120 7721
119 7722
118 7723
117 7724
116 7725
115 7726
114 7727
113 7728
112 7729
111 7730
110 7731
109 7732
108 7733
107 7734
106 7735
105 7736
104 7737
103 7738
102 7739
101 7740
100 7741
99 7742
98 7743
97 7744
96 7745
95 7746
94 7747
93 7748
92 7749
91 7750
171 7877
170 7751
169 7752
168 7753
167 7754
166 7755
165 7756
164 7757
163 7758
162 7759
161 7760
160 7761
159 7762
158 7763
157 7764
156 7765
155 7766
154 7767
153 7768
152 7769
151 7770
150 7771
149 7772
148 7773
147 7774
146 7775
145 7776
144 7777
143 7778
142 7779
141 7780
140 7781
139 7782
138 7783
137 7784
136 7785
135 7786
134 7787
133 7788
132 7789
131 7790
130 7791
129 7792
128 7793
127 7794
126 7795
125 7796
124 7797
123 7798
122 7799
121 7800
120 7801
119 7802
118 7803
117 7804
116 7805
115 7806
114 7807
113 7808
112 7809
111 7810
110 7811
109 7812
108 7813
107 7814
106 7815
105 7816
104 7817
103 7818
102 7819
101 7820
100 7821
99 7822
98 7823
97 7824
96 7825
95 7826
94 7827
93 7828
92 7829
91 7830
90 7831
89 7832
88 7833
87 7834
86 7835
85 7836
84 7837
83 7838
82 7839
81 7840
126 7841
125 7842
124 7843
123 7844
122 7845
121 7846
120 7847
119 7848
118 7849
117 7850
116 7851
115 7852
114 7853
113 7854
112 7855
111 7856
110 7857
109 7858
108 7859
107 7860
106 7861
105 7862
104 7863
103 7864
102 7865
101 7866
100 7867
99 7868
98 7869
97 7870
96 7871
95 7872
94 7873
93 7874
92 7875
173 8003
172 7876
171 7877
170 7878
169 7879
168 7880
167 7881
166 7882
165 7883
164 7884
163 7885
162 7886
161 7887
160 7888
159 7889
158 7890
157 7891
156 7892
155 7893
154 7894
153 7895
152 7896
151 7897
150 7898
149 7899
148 7900
147 7901
146 7902
145 7903
144 7904
143 7905
142 7906
141 7907
140 7908
139 7909
138 7910
137 7911
136 7912
135 7913
134 7914
133 7915
132 7916
131 7917
130 7918
129 7919
128 7920
127 7921
126 7922
125 7923
124 7924
123 7925
122 7926
121 7927
120 7928
119 7929
118 7930
117 7931
116 7932
115 7933
114 7934
113 7935
112 7936
111 7937
110 7938
109 7939
108 7940
107 7941
106 7942
105 7943
104 7944
103 7945
102 7946
101 7947
100 7948
99 7949
98 7950
97 7951
96 7952
95 7953
94 7954
93 7955
92 7956
91 7957
90 7958
89 7959
88 7960
87 7961
86 7962
85 7963
84 7964
83 7965
82 7966
127 7967
126 7968
125 7969
124 7970
123 7971
122 7972
121 7973
120 7974
119 7975
118 7976
117 7977
116 7978
115 7979
114 7980
113 7981
112 7982
111 7983
110 7984
109 7985
108 7986
107 7987
106 7988
105 7989
104 7990
103 7991
102 7992
101 7993
100 7994
99 7995
98 7996
97 7997
96 7998
95 7999
94 8000
93 8001
175 8130
174 8002
173 8003
172 8004
171 8005
170 8006
169 8007
168 8008
167 8009
166 8010
165 8011
164 8012
163 8013
162 8014
161 8015
160 8016
159 8017
158 8018
157 8019
156 8020
155 8021
154 8022
153 8023
152 8024
151 8025
150 8026
149 8027
148 8028
147 8029
146 8030
145 8031
144 8032
143 8033
142 8034
141 8035
140 8036
139 8037
138 8038
137 8039
136 8040
135 8041
134 8042
133 8043
132 8044
131 8045
130 8046
129 8047
128 8048
127 8049
126 8050
125 8051
124 8052
123 8053
122 8054
121 8055
120 8056
119 8057
118 8058
117 8059
116 8060
115 8061
114 8062
113 8063
112 8064
111 8065
110 8066
109 8067
108 8068
107 8069
106 8070
105 8071
104 8072
103 8073
102 8074
101 8075
100 8076
99 8077
98 8078
97 8079
96 8080
95 8081
94 8082
93 8083
92 8084
91 8085
90 8086
89 8087
88 8088
87 8089
86 8090
85 8091
84 8092
83 8093
128 8094
127 8095
126 8096
125 8097
124 8098
123 8099
122 8100
121 8101
120 8102
119 8103
118 8104
117 8105
116 8106
115 8107
114 8108
113 8109
112 8110
111 8111
110 8112
109 8113
108 8114
107 8115
106 8116
105 8117
104 8118
103 8119
102 8120
101 8121
100 8122
99 8123
98 8124
97 8125
96 8126
95 8127
94 8128
177 8258
176 8129
175 8130
174 8131
173 8132
172 8133
171 8134
170 8135
169 8136
168 8137
167 8138
166 8139
165 8140
164 8141
163 8142
162 8143
161 8144
160 8145
159 8146
158 8147
157 8148
156 8149
155 8150
154 8151
153 8152
152 8153
151 8154
150 8155
149 8156
148 8157
147 8158
146 8159
145 8160
144 8161
143 8162
142 8163
141 8164
140 8165
139 8166
138 8167
137 8168
136 8169
135 8170
134 8171
133 8172
132 8173
131 8174
130 8175
129 8176
128 8177
127 8178
126 8179
125 8180
124 8181
123 8182
122 8183
121 8184
120 8185
119 8186
118 8187
117 8188
116 8189
115 8190
114 8191
113 8192
112 8193
111 8194
110 8195
109 8196
108 8197
107 8198
106 8199
105 8200
104 8201
103 8202
102 8203
101 8204
100 8205
99 8206
98 8207
97 8208
96 8209
95 8210
94 8211
93 8212
92 8213
91 8214
90 8215
89 8216
88 8217
87 8218
86 8219
85 8220
84 8221
129 8222
128 8223
127 8224
126 8225
125 8226
124 8227
123 8228
122 8229
121 8230
120 8231
119 8232
118 8233
117 8234
116 8235
115 8236
114 8237
113 8238
112 8239
111 8240
110 8241
109 8242
108 8243
107 8244
106 8245
105 8246
104 8247
103 8248
102 8249
101 8250
100 8251
99 8252
98 8253
97 8254
96 8255
95 8256
179 8387
178 8257
177 8258
176 8259
175 8260
174 8261
173 8262
172 8263
171 8264
170 8265
169 8266
168 8267
167 8268
166 8269
165 8270
164 8271
163 8272
162 8273
161 8274
160 8275
159 8276
158 8277
157 8278
156 8279
155 8280
154 8281
153 8282
152 8283
151 8284
150 8285
149 8286
148 8287
147 8288
146 8289
145 8290
144 8291
143 8292
142 8293
141 8294
140 8295
139 8296
138 8297
137 8298
136 8299
135 8300
134 8301
133 8302
132 8303
131 8304
130 8305
129 8306
128 8307
127 8308
126 8309
125 8310
124 8311
123 8312
122 8313
121 8314
120 8315
119 8316
118 8317
117 8318
116 8319
115 8320
114 8321
113 8322
112 8323
111 8324
110 8325
109 8326
108 8327
107 8328
106 8329
105 8330
104 8331
103 8332
102 8333
101 8334
100 8335
99 8336
98 8337
97 8338
96 8339
95 8340
94 8341
93 8342
92 8343
91 8344
90 8345
89 8346
88 8347
87 8348
86 8349
85 8350
130 8351
129 8352
128 8353
127 8354
126 8355
125 8356
124 8357
123 8358
122 8359
121 8360
120 8361
119 8362
118 8363
117 8364
116 8365
115 8366
114 8367
113 8368
112 8369
111 8370
110 8371
109 8372
108 8373
107 8374
106 8375
105 8376
104 8377
103 8378
102 8379
101 8380
100 8381
99 8382
98 8383
97 8384
96 8385
181 8517
180 8386
179 8387
178 8388
177 8389
176 8390
175 8391
174 8392
173 8393
172 8394
171 8395
170 8396
169 8397
168 8398
167 8399
166 8400
165 8401
164 8402
163 8403
162 8404
161 8405
160 8406
159 8407
158 8408
157 8409
156 8410
155 8411
154 8412
153 8413
152 8414
151 8415
150 8416
149 8417
148 8418
147 8419
146 8420
145 8421
144 8422
143 8423
142 8424
141 8425
140 8426
139 8427
138 8428
137 8429
136 8430
135 8431
134 8432
133 8433
132 8434
131 8435
130 8436
129 8437
128 8438
127 8439
126 8440
125 8441
124 8442
123 8443
122 8444
121 8445
120 8446
119 8447
118 8448
117 8449
116 8450
115 8451
114 8452
113 8453
112 8454
111 8455
110 8456
109 8457
108 8458
107 8459
106 8460
105 8461
104 8462
103 8463
102 8464
101 8465
100 8466
99 8467
98 8468
97 8469
96 8470
95 8471
94 8472
93 8473
92 8474
91 8475
90 8476
89 8477
88 8478
87 8479
86 8480
131 8481
130 8482
129 8483
128 8484
127 8485
126 8486
125 8487
124 8488
123 8489
122 8490
121 8491
120 8492
119 8493
118 8494
117 8495
116 8496
115 8497
114 8498
113 8499
112 8500
111 8501
110 8502
109 8503
108 8504
107 8505
106 8506
105 8507
104 8508
103 8509
102 8510
101 8511
100 8512
99 8513
98 8514
97 8515
183 8648
182 8516
181 8517
180 8518
179 8519
178 8520
177 8521
176 8522
175 8523
174 8524
173 8525
172 8526
171 8527
170 8528
169 8529
168 8530
167 8531
166 8532
165 8533
164 8534
163 8535
162 8536
161 8537
160 8538
159 8539
158 8540
157 8541
156 8542
155 8543
154 8544
153 8545
152 8546
151 8547
150 8548
149 8549
148 8550
147 8551
146 8552
145 8553
144 8554
143 8555
142 8556
141 8557
140 8558
139 8559
138 8560
137 8561
136 8562
135 8563
134 8564
133 8565
132 8566
131 8567
130 8568
129 8569
128 8570
127 8571
126 8572
125 8573
124 8574
123 8575
122 8576
121 8577
120 8578
119 8579
118 8580
117 8581
116 8582
115 8583
114 8584
113 8585
112 8586
111 8587
110 8588
109 8589
108 8590
107 8591
106 8592
105 8593
104 8594
103 8595
102 8596
101 8597
100 8598
99 8599
98 8600
97 8601
96 8602
95 8603
94 8604
93 8605
92 8606
91 8607
90 8608
89 8609
88 8610
87 8611
132 8612
131 8613
130 8614
129 8615
128 8616
127 8617
126 8618
125 8619
124 8620
123 8621
122 8622
121 8623
120 8624
119 8625
118 8626
117 8627
116 8628
115 8629
114 8630
113 8631
112 8632
111 8633
110 8634
109 8635
108 8636
107 8637
106 8638
105 8639
104 8640
103 8641
102 8642
101 8643
100 8644
99 8645
98 8646
185 8780
184 8647
183 8648
182 8649
181 8650
180 8651
179 8652
178 8653
177 8654
176 8655
175 8656
174 8657
173 8658
172 8659
171 8660
170 8661
169 8662
168 8663
167 8664
166 8665
165 8666
164 8667
163 8668
162 8669
161 8670
160 8671
159 8672
158 8673
157 8674
156 8675
155 8676
154 8677
153 8678
152 8679
151 8680
150 8681
149 8682
148 8683
147 8684
146 8685
145 8686
144 8687
143 8688
142 8689
141 8690
140 8691
139 8692
138 8693
137 8694
136 8695
135 8696
134 8697
133 8698
132 8699
131 8700
130 8701
129 8702
128 8703
127 8704
126 8705
125 8706
124 8707
123 8708
122 8709
121 8710
120 8711
119 8712
118 8713
117 8714
116 8715
115 8716
114 8717
113 8718
112 8719
111 8720
110 8721
109 8722
108 8723
107 8724
106 8725
105 8726
104 8727
103 8728
102 8729
101 8730
100 8731
99 8732
98 8733
97 8734
96 8735
95 8736
94 8737
93 8738
92 8739
91 8740
90 8741
89 8742
88 8743
133 8744
132 8745
131 8746
130 8747
129 8748
128 8749
127 8750
126 8751
125 8752
124 8753
123 8754
122 8755
121 8756
120 8757
119 8758
118 8759
117 8760
116 8761
115 8762
114 8763
113 8764
112 8765
111 8766
110 8767
109 8768
108 8769
107 8770
106 8771
105 8772
104 8773
103 8774
102 8775
101 8776
100 8777
99 8778
187 8913
186 8779
185 8780
184 8781
183 8782
182 8783
181 8784
180 8785
179 8786
178 8787
177 8788
176 8789
175 8790
174 8791
173 8792
172 8793
171 8794
170 8795
169 8796
168 8797
167 8798
166 8799
165 8800
164 8801
163 8802
162 8803
161 8804
160 8805
159 8806
158 8807
157 8808
156 8809
155 8810
154 8811
153 8812
152 8813
151 8814
150 8815
149 8816
148 8817
147 8818
146 8819
145 8820
144 8821
143 8822
142 8823
141 8824
140 8825
139 8826
138 8827
137 8828
136 8829
135 8830
134 8831
133 8832
132 8833
131 8834
130 8835
129 8836
128 8837
127 8838
126 8839
125 8840
124 8841
123 8842
122 8843
121 8844
120 8845
119 8846
118 8847
117 8848
116 8849
115 8850
114 8851
113 8852
112 8853
111 8854
110 8855
109 8856
108 8857
107 8858
106 8859
105 8860
104 8861
103 8862
102 8863
101 8864
100 8865
99 8866
98 8867
97 8868
96 8869
95 8870
94 8871
93 8872
92 8873
91 8874
90 8875
89 8876
134 8877
133 8878
132 8879
131 8880
130 8881
129 8882
128 8883
127 8884
126 8885
125 8886
124 8887
123 8888
122 8889
121 8890
120 8891
119 8892
118 8893
117 8894
116 8895
115 8896
114 8897
113 8898
112 8899
111 8900
110 8901
109 8902
108 8903
107 8904
106 8905
105 8906
104 8907
103 8908
102 8909
101 8910
100 8911
189 9047
188 8912
187 8913
186 8914
185 8915
184 8916
183 8917
182 8918
181 8919
180 8920
179 8921
178 8922
177 8923
176 8924
175 8925
174 8926
173 8927
172 8928
171 8929
170 8930
169 8931
168 8932
167 8933
166 8934
165 8935
164 8936
163 8937
162 8938
161 8939
160 8940
159 8941
158 8942
157 8943
156 8944
155 8945
154 8946
153 8947
152 8948
151 8949
150 8950
149 8951
148 8952
147 8953
146 8954
145 8955
144 8956
143 8957
142 8958
141 8959
140 8960
139 8961
138 8962
137 8963
136 8964
135 8965
134 8966
133 8967
132 8968
131 8969
130 8970
129 8971
128 8972
127 8973
126 8974
125 8975
124 8976
123 8977
122 8978
121 8979
120 8980
119 8981
118 8982
117 8983
116 8984
115 8985
114 8986
113 8987
112 8988
111 8989
110 8990
109 8991
108 8992
107 8993
106 8994
105 8995
104 8996
103 8997
102 8998
101 8999
100 9000
99 9001
98 9002
97 9003
96 9004
95 9005
94 9006
93 9007
92 9008
91 9009
90 9010
135 9011
134 9012
133 9013
132 9014
131 9015
130 9016
129 9017
128 9018
127 9019
126 9020
125 9021
124 9022
123 9023
122 9024
121 9025
120 9026
119 9027
118 9028
117 9029
116 9030
115 9031
114 9032
113 9033
112 9034
111 9035
110 9036
109 9037
108 9038
107 9039
106 9040
105 9041
104 9042
103 9043
102 9044
101 9045
191 9182
190 9046
189 9047
188 9048
187 9049
186 9050
185 9051
184 9052
183 9053
182 9054
181 9055
180 9056
179 9057
178 9058
177 9059
176 9060
175 9061
174 9062
173 9063
172 9064
171 9065
170 9066
169 9067
168 9068
167 9069
166 9070
165 9071
164 9072
163 9073
162 9074
161 9075
160 9076
159 9077
158 9078
157 9079
156 9080
155 9081
154 9082
153 9083
152 9084
151 9085
150 9086
149 9087
148 9088
147 9089
146 9090
145 9091
144 9092
143 9093
142 9094
141 9095
140 9096
139 9097
138 9098
137 9099
136 9100
135 9101
134 9102
133 9103
132 9104
131 9105
130 9106
129 9107
128 9108
127 9109
126 9110
125 9111
124 9112
123 9113
122 9114
121 9115
120 9116
119 9117
118 9118
117 9119
116 9120
115 9121
114 9122
113 9123
112 9124
111 9125
110 9126
109 9127
108 9128
107 9129
106 9130
105 9131
104 9132
103 9133
102 9134
101 9135
100 9136
99 9137
98 9138
97 9139
96 9140
95 9141
94 9142
93 9143
92 9144
91 9145
136 9146
135 9147
134 9148
133 9149
132 9150
131 9151
130 9152
129 9153
128 9154
127 9155
126 9156
125 9157
124 9158
123 9159
122 9160
121 9161
120 9162
119 9163
118 9164
117 9165
116 9166
115 9167
114 9168
113 9169
112 9170
111 9171
110 9172
109 9173
108 9174
107 9175
106 9176
105 9177
104 9178
103 9179
102 9180
193 9318
192 9181
191 9182
190 9183
189 9184
188 9185
187 9186
186 9187
185 9188
184 9189
183 9190
182 9191
181 9192
180 9193
179 9194
178 9195
177 9196
176 9197
175 9198
174 9199
173 9200
172 9201
171 9202
170 9203
169 9204
168 9205
167 9206
166 9207
165 9208
164 9209
163 9210
162 9211
161 9212
160 9213
159 9214
158 9215
157 9216
156 9217
155 9218
154 9219
153 9220
152 9221
151 9222
150 9223
149 9224
148 9225
147 9226
146 9227
145 9228
144 9229
143 9230
142 9231
141 9232
140 9233
139 9234
138 9235
137 9236
136 9237
135 9238
134 9239
133 9240
132 9241
131 9242
130 9243
129 9244
128 9245
127 9246
126 9247
125 9248
124 9249
123 9250
122 9251
121 9252
120 9253
119 9254
118 9255
117 9256
116 9257
115 9258
114 9259
113 9260
112 9261
111 9262
110 9263
109 9264
108 9265
107 9266
106 9267
105 9268
104 9269
103 9270
102 9271
101 9272
100 9273
99 9274
98 9275
97 9276
96 9277
95 9278
94 9279
93 9280
92 9281
137 9282
136 9283
135 9284
134 9285
133 9286
132 9287
131 9288
130 9289
129 9290
128 9291
127 9292
126 9293
125 9294
124 9295
123 9296
122 9297
121 9298
120 9299
119 9300
118 9301
117 9302
116 9303
115 9304
114 9305
113 9306
112 9307
111 9308
110 9309
109 9310
108 9311
107 9312
106 9313
105 9314
104 9315
103 9316
195 9455
194 9317
193 9318
192 9319
191 9320
190 9321
189 9322
188 9323
187 9324
186 9325
185 9326
184 9327
183 9328
182 9329
181 9330
180 9331
179 9332
178 9333
177 9334
176 9335
175 9336
174 9337
173 9338
172 9339
171 9340
170 9341
169 9342
168 9343
167 9344
166 9345
165 9346
164 9347
163 9348
162 9349
161 9350
160 9351
159 9352
158 9353
157 9354
156 9355
155 9356
154 9357
153 9358
152 9359
151 9360
150 9361
149 9362
148 9363
147 9364
146 9365
145 9366
144 9367
143 9368
142 9369
141 9370
140 9371
139 9372
138 9373
137 9374
136 9375
135 9376
134 9377
133 9378
132 9379
131 9380
130 9381
129 9382
128 9383
127 9384
126 9385
125 9386
124 9387
123 9388
122 9389
121 9390
120 9391
119 9392
118 9393
117 9394
116 9395
115 9396
114 9397
113 9398
112 9399
111 9400
110 9401
109 9402
108 9403
107 9404
106 9405
105 9406
104 9407
103 9408
102 9409
101 9410
100 9411
99 9412
98 9413
97 9414
96 9415
95 9416
94 9417
93 9418
138 9419
137 9420
136 9421
135 9422
134 9423
133 9424
132 9425
131 9426
130 9427
129 9428
128 9429
127 9430
126 9431
125 9432
124 9433
123 9434
122 9435
121 9436
120 9437
119 9438
118 9439
117 9440
116 9441
115 9442
114 9443
113 9444
112 9445
111 9446
110 9447
109 9448
108 9449
107 9450
106 9451
105 9452
104 9453
197 9593
196 9454
195 9455
194 9456
193 9457
192 9458
191 9459
190 9460
189 9461
188 9462
187 9463
186 9464
185 9465
184 9466
183 9467
182 9468
181 9469
180 9470
179 9471
178 9472
177 9473
176 9474
175 9475
174 9476
173 9477
172 9478
171 9479
170 9480
169 9481
168 9482
167 9483
166 9484
165 9485
164 9486
163 9487
162 9488
161 9489
160 9490
159 9491
158 9492
157 9493
156 9494
155 9495
154 9496
153 9497
152 9498
151 9499
150 9500
149 9501
148 9502
147 9503
146 9504
145 9505
144 9506
143 9507
142 9508
141 9509
140 9510
139 9511
138 9512
137 9513
136 9514
135 9515
134 9516
133 9517
132 9518
131 9519
130 9520
129 9521
128 9522
127 9523
126 9524
125 9525
124 9526
123 9527
122 9528
121 9529
120 9530
119 9531
118 9532
117 9533
116 9534
115 9535
114 9536
113 9537
112 9538
111 9539
110 9540
109 9541
108 9542
107 9543
106 9544
105 9545
104 9546
103 9547
102 9548
101 9549
100 9550
99 9551
98 9552
97 9553
96 9554
95 9555
94 9556
139 9557
138 9558
137 9559
136 9560
135 9561
134 9562
133 9563
132 9564
131 9565
130 9566
129 9567
128 9568
127 9569
126 9570
125 9571
124 9572
123 9573
122 9574
121 9575
120 9576
119 9577
118 9578
117 9579
116 9580
115 9581
114 9582
113 9583
112 9584
111 9585
110 9586
109 9587
108 9588
107 9589
106 9590
105 9591
199 9732
198 9592
197 9593
196 9594
195 9595
194 9596
193 9597
192 9598
191 9599
190 9600
189 9601
188 9602
187 9603
186 9604
185 9605
184 9606
183 9607
182 9608
181 9609
180 9610
179 9611
178 9612
177 9613
176 9614
175 9615
174 9616
173 9617
172 9618
171 9619
170 9620
169 9621
168 9622
167 9623
166 9624
165 9625
164 9626
163 9627
162 9628
161 9629
160 9630
159 9631
158 9632
157 9633
156 9634
155 9635
154 9636
153 9637
152 9638
151 9639
150 9640
149 9641
148 9642
147 9643
146 9644
145 9645
144 9646
143 9647
142 9648
141 9649
140 9650
139 9651
138 9652
137 9653
136 9654
135 9655
134 9656
133 9657
132 9658
131 9659
130 9660
129 9661
128 9662
127 9663
126 9664
125 9665
124 9666
123 9667
122 9668
121 9669
120 9670
119 9671
118 9672
117 9673
116 9674
115 9675
114 9676
113 9677
112 9678
111 9679
110 9680
109 9681
108 9682
107 9683
106 9684
105 9685
104 9686
103 9687
102 9688
101 9689
100 9690
99 9691
98 9692
97 9693
96 9694
95 9695
140 9696
139 9697
138 9698
137 9699
136 9700
135 9701
134 9702
133 9703
132 9704
131 9705
130 9706
129 9707
128 9708
127 9709
126 9710
125 9711
124 9712
123 9713
122 9714
121 9715
120 9716
119 9717
118 9718
117 9719
116 9720
115 9721
114 9722
113 9723
112 9724
111 9725
110 9726
109 9727
108 9728
107 9729
106 9730
201 9872
200 9731
199 9732
198 9733
197 9734
196 9735
195 9736
194 9737
193 9738
192 9739
191 9740
190 9741
189 9742
188 9743
187 9744
186 9745
185 9746
184 9747
183 9748
182 9749
181 9750
180 9751
179 9752
178 9753
177 9754
176 9755
175 9756
174 9757
173 9758
172 9759
171 9760
170 9761
169 9762
168 9763
167 9764
166 9765
165 9766
164 9767
163 9768
162 9769
161 9770
160 9771
159 9772
158 9773
157 9774
156 9775
155 9776
154 9777
153 9778
152 9779
151 9780
150 9781
149 9782
148 9783
147 9784
146 9785
145 9786
144 9787
143 9788
142 9789
141 9790
140 9791
139 9792
138 9793
137 9794
136 9795
135 9796
134 9797
133 9798
132 9799
131 9800
130 9801
129 9802
128 9803
127 9804
126 9805
125 9806
124 9807
123 9808
122 9809
121 9810
120 9811
119 9812
118 9813
117 9814
116 9815
115 9816
114 9817
113 9818
112 9819
111 9820
110 9821
109 9822
108 9823
107 9824
106 9825
105 9826
104 9827
103 9828
102 9829
101 9830
100 9831
99 9832
98 9833
97 9834
96 9835
141 9836
140 9837
139 9838
138 9839
137 9840
136 9841
135 9842
134 9843
133 9844
132 9845
131 9846
130 9847
129 9848
128 9849
127 9850
126 9851
125 9852
124 9853
123 9854
122 9855
121 9856
120 9857
119 9858
118 9859
