1 : 0
2 : 1
3 : 1
4 : 0
5 : 1
6 : 1
7 : 0
8 : 1
9 : 1
10 : 0
11 : 1
12 : 1
13 : 0
14 : 1
15 : 1
16 : 0
17 : 1
18 : 1
19 : 0
20 : 1
21 : 1
22 : 0
23 : 1
24 : 1
25 : 0
26 : 1
27 : 1
28 : 0
29 : 1
30 : 1
31 : 0
32 : 1
33 : 1
34 : 0
35 : 1
36 : 1
37 : 0
38 : 1
39 : 1
40 : 0
41 : 1
42 : 1
43 : 0
44 : 1
45 : 1
46 : 0
47 : 1
48 : 1
49 : 0
50 : 1
51 : 1
52 : 0
53 : 1
54 : 1
55 : 0
56 : 1
57 : 1
58 : 0
59 : 1
60 : 1
61 : 0
62 : 1
63 : 1
64 : 0
65 : 1
66 : 1
67 : 0
68 : 1
69 : 1
70 : 0
71 : 1
72 : 1
73 : 0
74 : 1
75 : 1
76 : 0
77 : 1
78 : 1
79 : 0
80 : 1
81 : 1
82 : 0
83 : 1
84 : 1
85 : 0
86 : 1
87 : 1
88 : 0
89 : 1
90 : 1
91 : 0
92 : 1
93 : 1
94 : 0
95 : 1
96 : 1
97 : 0
98 : 1
99 : 1
100 : 0
101 : 1
102 : 1
103 : 0
104 : 1
105 : 1
106 : 0
107 : 1
108 : 1
109 : 0
110 : 1
111 : 1
112 : 0
113 : 1
114 : 1
115 : 0
116 : 1
117 : 1
118 : 0
119 : 1
120 : 1
121 : 0
122 : 1
123 : 1
124 : 0
125 : 1
126 : 1
127 : 0
128 : 1
129 : 1
130 : 0
131 : 1
132 : 1
133 : 0
134 : 1
135 : 1
136 : 0
137 : 1
138 : 1
139 : 0
140 : 1
141 : 1
142 : 0
143 : 1
144 : 1
145 : 0
146 : 1
147 : 1
148 : 0
149 : 1
150 : 1
151 : 0
152 : 1
153 : 1
154 : 0
155 : 1
156 : 1
157 : 0
158 : 1
159 : 1
160 : 0
161 : 1
162 : 1
163 : 0
164 : 1
165 : 1
166 : 0
167 : 1
168 : 1
169 : 0
170 : 1
171 : 1
172 : 0
173 : 1
174 : 1
175 : 0
176 : 1
177 : 1
178 : 0
179 : 1
180 : 1
181 : 0
182 : 1
183 : 1
184 : 0
185 : 1
186 : 1
187 : 0
188 : 1
189 : 1
190 : 0
191 : 1
192 : 1
193 : 0
194 : 1
195 : 1
196 : 0
197 : 1
198 : 1
199 : 0
200 : 1
201 : 1
202 : 0
203 : 1
204 : 1
205 : 0
206 : 1
207 : 1
208 : 0
209 : 1
210 : 1
211 : 0
212 : 1
213 : 1
214 : 0
215 : 1
216 : 1
217 : 0
218 : 1
219 : 1
220 : 0
221 : 1
222 : 1
223 : 0
224 : 1
225 : 1
226 : 0
227 : 1
228 : 1
229 : 0
230 : 1
231 : 1
232 : 0
233 : 1
234 : 1
235 : 0
236 : 1
237 : 1
238 : 0
239 : 1
240 : 1
241 : 0
242 : 1
243 : 1
244 : 0
245 : 1
246 : 1
247 : 0
248 : 1
249 : 1
250 : 0
251 : 1
252 : 1
253 : 0
254 : 1
255 : 1
256 : 0
257 : 1
258 : 1
259 : 0
260 : 1
261 : 1
262 : 0
263 : 1
264 : 1
265 : 0
266 : 1
267 : 1
268 : 0
269 : 1
270 : 1
271 : 0
272 : 1
273 : 1
274 : 0
275 : 1
276 : 1
277 : 0
278 : 1
279 : 1
280 : 0
281 : 1
282 : 1
283 : 0
284 : 1
285 : 1
286 : 0
287 : 1
288 : 1
289 : 0
290 : 1
291 : 1
292 : 0
293 : 1
294 : 1
295 : 0
296 : 1
297 : 1
298 : 0
299 : 1
300 : 1
301 : 0
302 : 1
303 : 1
304 : 0
305 : 1
306 : 1
307 : 0
308 : 1
309 : 1
310 : 0
311 : 1
312 : 1
313 : 0
314 : 1
315 : 1
316 : 0
317 : 1
318 : 1
319 : 0
320 : 1
321 : 1
322 : 0
323 : 1
324 : 1
325 : 0
326 : 1
327 : 1
328 : 0
329 : 1
330 : 1
331 : 0
332 : 1
333 : 1
334 : 0
335 : 1
336 : 1
337 : 0
338 : 1
339 : 1
340 : 0
341 : 1
342 : 1
343 : 0
344 : 1
345 : 1
346 : 0
347 : 1
348 : 1
349 : 0
350 : 1
351 : 1
352 : 0
353 : 1
354 : 1
355 : 0
356 : 1
357 : 1
358 : 0
359 : 1
360 : 1
361 : 0
362 : 1
363 : 1
364 : 0
365 : 1
366 : 1
367 : 0
368 : 1
369 : 1
370 : 0
371 : 1
372 : 1
373 : 0
374 : 1
375 : 1
376 : 0
377 : 1
378 : 1
379 : 0
380 : 1
381 : 1
382 : 0
383 : 1
384 : 1
385 : 0
386 : 1
387 : 1
388 : 0
389 : 1
390 : 1
391 : 0
392 : 1
393 : 1
394 : 0
395 : 1
396 : 1
397 : 0
398 : 1
399 : 1
400 : 0
401 : 1
402 : 1
403 : 0
404 : 1
405 : 1
406 : 0
407 : 1
408 : 1
409 : 0
410 : 1
411 : 1
412 : 0
413 : 1
414 : 1
415 : 0
416 : 1
417 : 1
418 : 0
419 : 1
420 : 1
421 : 0
422 : 1
423 : 1
424 : 0
425 : 1
426 : 1
427 : 0
428 : 1
429 : 1
430 : 0
431 : 1
432 : 1
433 : 0
434 : 1
435 : 1
436 : 0
437 : 1
438 : 1
439 : 0
440 : 1
441 : 1
442 : 0
443 : 1
444 : 1
445 : 0
446 : 1
447 : 1
448 : 0
449 : 1
450 : 1
451 : 0
452 : 1
453 : 1
454 : 0
455 : 1
456 : 1
457 : 0
458 : 1
459 : 1
460 : 0
461 : 1
462 : 1
463 : 0
464 : 1
465 : 1
466 : 0
467 : 1
468 : 1
469 : 0
470 : 1
471 : 1
472 : 0
473 : 1
474 : 1
475 : 0
476 : 1
477 : 1
478 : 0
479 : 1
480 : 1
481 : 0
482 : 1
483 : 1
484 : 0
485 : 1
486 : 1
487 : 0
488 : 1
489 : 1
490 : 0
491 : 1
492 : 1
493 : 0
494 : 1
495 : 1
496 : 0
497 : 1
498 : 1
499 : 0
500 : 1
501 : 1
502 : 0
503 : 1
504 : 1
505 : 0
506 : 1
507 : 1
508 : 0
509 : 1
510 : 1
511 : 0
512 : 1
513 : 1
514 : 0
515 : 1
516 : 1
517 : 0
518 : 1
519 : 1
520 : 0
521 : 1
522 : 1
523 : 0
524 : 1
525 : 1
526 : 0
527 : 1
528 : 1
529 : 0
530 : 1
531 : 1
532 : 0
533 : 1
534 : 1
535 : 0
536 : 1
537 : 1
538 : 0
539 : 1
540 : 1
541 : 0
542 : 1
543 : 1
544 : 0
545 : 1
546 : 1
547 : 0
548 : 1
549 : 1
550 : 0
551 : 1
552 : 1
553 : 0
554 : 1
555 : 1
556 : 0
557 : 1
558 : 1
559 : 0
560 : 1
561 : 1
562 : 0
563 : 1
564 : 1
565 : 0
566 : 1
567 : 1
568 : 0
569 : 1
570 : 1
571 : 0
572 : 1
573 : 1
574 : 0
575 : 1
576 : 1
577 : 0
578 : 1
579 : 1
580 : 0
581 : 1
582 : 1
583 : 0
584 : 1
585 : 1
586 : 0
587 : 1
588 : 1
589 : 0
590 : 1
591 : 1
592 : 0
593 : 1
594 : 1
595 : 0
596 : 1
597 : 1
598 : 0
599 : 1
600 : 1
601 : 0
602 : 1
603 : 1
604 : 0
605 : 1
606 : 1
607 : 0
608 : 1
609 : 1
610 : 0
611 : 1
612 : 1
613 : 0
614 : 1
615 : 1
616 : 0
617 : 1
618 : 1
619 : 0
620 : 1
621 : 1
622 : 0
623 : 1
624 : 1
625 : 0
626 : 1
627 : 1
628 : 0
629 : 1
630 : 1
631 : 0
632 : 1
633 : 1
634 : 0
635 : 1
636 : 1
637 : 0
638 : 1
639 : 1
640 : 0
641 : 1
642 : 1
643 : 0
644 : 1
645 : 1
646 : 0
647 : 1
648 : 1
649 : 0
650 : 1
651 : 1
652 : 0
653 : 1
654 : 1
655 : 0
656 : 1
657 : 1
658 : 0
659 : 1
660 : 1
661 : 0
662 : 1
663 : 1
664 : 0
665 : 1
666 : 1
667 : 0
668 : 1
669 : 1
670 : 0
671 : 1
672 : 1
673 : 0
674 : 1
675 : 1
676 : 0
677 : 1
678 : 1
679 : 0
680 : 1
681 : 1
682 : 0
683 : 1
684 : 1
685 : 0
686 : 1
687 : 1
688 : 0
689 : 1
690 : 1
691 : 0
692 : 1
693 : 1
694 : 0
695 : 1
696 : 1
697 : 0
698 : 1
699 : 1
700 : 0
701 : 1
702 : 1
703 : 0
704 : 1
705 : 1
706 : 0
707 : 1
708 : 1
709 : 0
710 : 1
711 : 1
712 : 0
713 : 1
714 : 1
715 : 0
716 : 1
717 : 1
718 : 0
719 : 1
720 : 1
721 : 0
722 : 1
723 : 1
724 : 0
725 : 1
726 : 1
727 : 0
728 : 1
729 : 1
730 : 0
731 : 1
732 : 1
733 : 0
734 : 1
735 : 1
736 : 0
737 : 1
738 : 1
739 : 0
740 : 1
741 : 1
742 : 0
743 : 1
744 : 1
745 : 0
746 : 1
747 : 1
748 : 0
749 : 1
750 : 1
751 : 0
752 : 1
753 : 1
754 : 0
755 : 1
756 : 1
757 : 0
758 : 1
759 : 1
760 : 0
761 : 1
762 : 1
763 : 0
764 : 1
765 : 1
766 : 0
767 : 1
768 : 1
769 : 0
770 : 1
771 : 1
772 : 0
773 : 1
774 : 1
775 : 0
776 : 1
777 : 1
778 : 0
779 : 1
780 : 1
781 : 0
782 : 1
783 : 1
784 : 0
785 : 1
786 : 1
787 : 0
788 : 1
789 : 1
790 : 0
791 : 1
792 : 1
793 : 0
794 : 1
795 : 1
796 : 0
797 : 1
798 : 1
799 : 0
800 : 1
801 : 1
802 : 0
803 : 1
804 : 1
805 : 0
806 : 1
807 : 1
808 : 0
809 : 1
810 : 1
811 : 0
812 : 1
813 : 1
814 : 0
815 : 1
816 : 1
817 : 0
818 : 1
819 : 1
820 : 0
821 : 1
822 : 1
823 : 0
824 : 1
825 : 1
826 : 0
827 : 1
828 : 1
829 : 0
830 : 1
831 : 1
832 : 0
833 : 1
834 : 1
835 : 0
836 : 1
837 : 1
838 : 0
839 : 1
840 : 1
841 : 0
842 : 1
843 : 1
844 : 0
845 : 1
846 : 1
847 : 0
848 : 1
849 : 1
850 : 0
851 : 1
852 : 1
853 : 0
854 : 1
855 : 1
856 : 0
857 : 1
858 : 1
859 : 0
860 : 1
861 : 1
862 : 0
863 : 1
864 : 1
865 : 0
866 : 1
867 : 1
868 : 0
869 : 1
870 : 1
871 : 0
872 : 1
873 : 1
874 : 0
875 : 1
876 : 1
877 : 0
878 : 1
879 : 1
880 : 0
881 : 1
882 : 1
883 : 0
884 : 1
885 : 1
886 : 0
887 : 1
888 : 1
889 : 0
890 : 1
891 : 1
892 : 0
893 : 1
894 : 1
895 : 0
896 : 1
897 : 1
898 : 0
899 : 1
900 : 1
901 : 0
902 : 1
903 : 1
904 : 0
905 : 1
906 : 1
907 : 0
908 : 1
909 : 1
910 : 0
911 : 1
912 : 1
913 : 0
914 : 1
915 : 1
916 : 0
917 : 1
918 : 1
919 : 0
920 : 1
921 : 1
922 : 0
923 : 1
924 : 1
925 : 0
926 : 1
927 : 1
928 : 0
929 : 1
930 : 1
931 : 0
932 : 1
933 : 1
934 : 0
935 : 1
936 : 1
937 : 0
938 : 1
939 : 1
940 : 0
941 : 1
942 : 1
943 : 0
944 : 1
945 : 1
946 : 0
947 : 1
948 : 1
949 : 0
950 : 1
951 : 1
952 : 0
953 : 1
954 : 1
955 : 0
956 : 1
957 : 1
958 : 0
959 : 1
960 : 1
961 : 0
962 : 1
963 : 1
964 : 0
965 : 1
966 : 1
967 : 0
968 : 1
969 : 1
970 : 0
971 : 1
972 : 1
973 : 0
974 : 1
975 : 1
976 : 0
977 : 1
978 : 1
979 : 0
980 : 1
981 : 1
982 : 0
983 : 1
984 : 1
985 : 0
986 : 1
987 : 1
988 : 0
989 : 1
990 : 1
991 : 0
992 : 1
993 : 1
994 : 0
995 : 1
996 : 1
997 : 0
998 : 1
999 : 1
1000 : 0
1001 : 1
1002 : 1
1003 : 0
1004 : 1
1005 : 1
1006 : 0
1007 : 1
1008 : 1
1009 : 0
1010 : 1
1011 : 1
1012 : 0
1013 : 1
1014 : 1
1015 : 0
1016 : 1
1017 : 1
1018 : 0
1019 : 1
1020 : 1
1021 : 0
1022 : 1
1023 : 1
1024 : 0
1025 : 1
1026 : 1
1027 : 0
1028 : 1
1029 : 1
1030 : 0
1031 : 1
1032 : 1
1033 : 0
1034 : 1
1035 : 1
1036 : 0
1037 : 1
1038 : 1
1039 : 0
1040 : 1
1041 : 1
1042 : 0
1043 : 1
1044 : 1
1045 : 0
1046 : 1
1047 : 1
1048 : 0
1049 : 1
1050 : 1
1051 : 0
1052 : 1
1053 : 1
1054 : 0
1055 : 1
1056 : 1
1057 : 0
1058 : 1
1059 : 1
1060 : 0
1061 : 1
1062 : 1
1063 : 0
1064 : 1
1065 : 1
1066 : 0
1067 : 1
1068 : 1
1069 : 0
1070 : 1
1071 : 1
1072 : 0
1073 : 1
1074 : 1
1075 : 0
1076 : 1
1077 : 1
1078 : 0
1079 : 1
1080 : 1
1081 : 0
1082 : 1
1083 : 1
1084 : 0
1085 : 1
1086 : 1
1087 : 0
1088 : 1
1089 : 1
1090 : 0
1091 : 1
1092 : 1
1093 : 0
1094 : 1
1095 : 1
1096 : 0
1097 : 1
1098 : 1
1099 : 0
1100 : 1
1101 : 1
1102 : 0
1103 : 1
1104 : 1
1105 : 0
1106 : 1
1107 : 1
1108 : 0
1109 : 1
1110 : 1
1111 : 0
1112 : 1
1113 : 1
1114 : 0
1115 : 1
1116 : 1
1117 : 0
1118 : 1
1119 : 1
1120 : 0
1121 : 1
1122 : 1
1123 : 0
1124 : 1
1125 : 1
1126 : 0
1127 : 1
1128 : 1
1129 : 0
1130 : 1
1131 : 1
1132 : 0
1133 : 1
1134 : 1
1135 : 0
1136 : 1
1137 : 1
1138 : 0
1139 : 1
1140 : 1
1141 : 0
1142 : 1
1143 : 1
1144 : 0
1145 : 1
1146 : 1
1147 : 0
1148 : 1
1149 : 1
1150 : 0
1151 : 1
1152 : 1
1153 : 0
1154 : 1
1155 : 1
1156 : 0
1157 : 1
1158 : 1
1159 : 0
1160 : 1
1161 : 1
1162 : 0
1163 : 1
1164 : 1
1165 : 0
1166 : 1
1167 : 1
1168 : 0
1169 : 1
1170 : 1
1171 : 0
1172 : 1
1173 : 1
1174 : 0
1175 : 1
1176 : 1
1177 : 0
1178 : 1
1179 : 1
1180 : 0
1181 : 1
1182 : 1
1183 : 0
1184 : 1
1185 : 1
1186 : 0
1187 : 1
1188 : 1
1189 : 0
1190 : 1
1191 : 1
1192 : 0
1193 : 1
1194 : 1
1195 : 0
1196 : 1
1197 : 1
1198 : 0
1199 : 1
1200 : 1
1201 : 0
1202 : 1
1203 : 1
1204 : 0
1205 : 1
1206 : 1
1207 : 0
1208 : 1
1209 : 1
1210 : 0
1211 : 1
1212 : 1
1213 : 0
1214 : 1
1215 : 1
1216 : 0
1217 : 1
1218 : 1
1219 : 0
1220 : 1
1221 : 1
1222 : 0
1223 : 1
1224 : 1
1225 : 0
1226 : 1
1227 : 1
1228 : 0
1229 : 1
1230 : 1
1231 : 0
1232 : 1
1233 : 1
1234 : 0
1235 : 1
1236 : 1
1237 : 0
1238 : 1
1239 : 1
1240 : 0
1241 : 1
1242 : 1
1243 : 0
1244 : 1
1245 : 1
1246 : 0
1247 : 1
1248 : 1
1249 : 0
1250 : 1
1251 : 1
1252 : 0
1253 : 1
1254 : 1
1255 : 0
1256 : 1
1257 : 1
1258 : 0
1259 : 1
1260 : 1
1261 : 0
1262 : 1
1263 : 1
1264 : 0
1265 : 1
1266 : 1
1267 : 0
1268 : 1
1269 : 1
1270 : 0
1271 : 1
1272 : 1
1273 : 0
1274 : 1
1275 : 1
1276 : 0
1277 : 1
1278 : 1
1279 : 0
1280 : 1
1281 : 1
1282 : 0
1283 : 1
1284 : 1
1285 : 0
1286 : 1
1287 : 1
1288 : 0
1289 : 1
1290 : 1
1291 : 0
1292 : 1
1293 : 1
1294 : 0
1295 : 1
1296 : 1
1297 : 0
1298 : 1
1299 : 1
1300 : 0
1301 : 1
1302 : 1
1303 : 0
1304 : 1
1305 : 1
1306 : 0
1307 : 1
1308 : 1
1309 : 0
1310 : 1
1311 : 1
1312 : 0
1313 : 1
1314 : 1
1315 : 0
1316 : 1
1317 : 1
1318 : 0
1319 : 1
1320 : 1
1321 : 0
1322 : 1
1323 : 1
1324 : 0
1325 : 1
1326 : 1
1327 : 0
1328 : 1
1329 : 1
1330 : 0
1331 : 1
1332 : 1
1333 : 0
1334 : 1
1335 : 1
1336 : 0
1337 : 1
1338 : 1
1339 : 0
1340 : 1
1341 : 1
1342 : 0
1343 : 1
1344 : 1
1345 : 0
1346 : 1
1347 : 1
1348 : 0
1349 : 1
1350 : 1
1351 : 0
1352 : 1
1353 : 1
1354 : 0
1355 : 1
1356 : 1
1357 : 0
1358 : 1
1359 : 1
1360 : 0
1361 : 1
1362 : 1
1363 : 0
1364 : 1
1365 : 1
1366 : 0
1367 : 1
1368 : 1
1369 : 0
1370 : 1
1371 : 1
1372 : 0
1373 : 1
1374 : 1
1375 : 0
1376 : 1
1377 : 1
1378 : 0
1379 : 1
1380 : 1
1381 : 0
1382 : 1
1383 : 1
1384 : 0
1385 : 1
1386 : 1
1387 : 0
1388 : 1
1389 : 1
1390 : 0
1391 : 1
1392 : 1
1393 : 0
1394 : 1
1395 : 1
1396 : 0
1397 : 1
1398 : 1
1399 : 0
1400 : 1
1401 : 1
1402 : 0
1403 : 1
1404 : 1
1405 : 0
1406 : 1
1407 : 1
1408 : 0
1409 : 1
1410 : 1
1411 : 0
1412 : 1
1413 : 1
1414 : 0
1415 : 1
1416 : 1
1417 : 0
1418 : 1
1419 : 1
1420 : 0
1421 : 1
1422 : 1
1423 : 0
1424 : 1
1425 : 1
1426 : 0
1427 : 1
1428 : 1
1429 : 0
1430 : 1
1431 : 1
1432 : 0
1433 : 1
1434 : 1
1435 : 0
1436 : 1
1437 : 1
1438 : 0
1439 : 1
1440 : 1
1441 : 0
1442 : 1
1443 : 1
1444 : 0
1445 : 1
1446 : 1
1447 : 0
1448 : 1
1449 : 1
1450 : 0
1451 : 1
1452 : 1
1453 : 0
1454 : 1
1455 : 1
1456 : 0
1457 : 1
1458 : 1
1459 : 0
1460 : 1
1461 : 1
1462 : 0
1463 : 1
1464 : 1
1465 : 0
1466 : 1
1467 : 1
1468 : 0
1469 : 1
1470 : 1
1471 : 0
1472 : 1
1473 : 1
1474 : 0
1475 : 1
1476 : 1
1477 : 0
1478 : 1
1479 : 1
1480 : 0
1481 : 1
1482 : 1
1483 : 0
1484 : 1
1485 : 1
1486 : 0
1487 : 1
1488 : 1
1489 : 0
1490 : 1
1491 : 1
1492 : 0
1493 : 1
1494 : 1
1495 : 0
1496 : 1
1497 : 1
1498 : 0
1499 : 1
1500 : 1
1501 : 0
1502 : 1
1503 : 1
1504 : 0
1505 : 1
1506 : 1
1507 : 0
1508 : 1
1509 : 1
1510 : 0
1511 : 1
1512 : 1
1513 : 0
1514 : 1
1515 : 1
1516 : 0
1517 : 1
1518 : 1
1519 : 0
1520 : 1
1521 : 1
1522 : 0
1523 : 1
1524 : 1
1525 : 0
1526 : 1
1527 : 1
1528 : 0
1529 : 1
1530 : 1
1531 : 0
1532 : 1
1533 : 1
1534 : 0
1535 : 1
1536 : 1
1537 : 0
1538 : 1
1539 : 1
1540 : 0
1541 : 1
1542 : 1
1543 : 0
1544 : 1
1545 : 1
1546 : 0
1547 : 1
1548 : 1
1549 : 0
1550 : 1
1551 : 1
1552 : 0
1553 : 1
1554 : 1
1555 : 0
1556 : 1
1557 : 1
1558 : 0
1559 : 1
1560 : 1
1561 : 0
1562 : 1
1563 : 1
1564 : 0
1565 : 1
1566 : 1
1567 : 0
1568 : 1
1569 : 1
1570 : 0
1571 : 1
1572 : 1
1573 : 0
1574 : 1
1575 : 1
1576 : 0
1577 : 1
1578 : 1
1579 : 0
1580 : 1
1581 : 1
1582 : 0
1583 : 1
1584 : 1
1585 : 0
1586 : 1
1587 : 1
1588 : 0
1589 : 1
1590 : 1
1591 : 0
1592 : 1
1593 : 1
1594 : 0
1595 : 1
1596 : 1
1597 : 0
1598 : 1
1599 : 1
1600 : 0
1601 : 1
1602 : 1
1603 : 0
1604 : 1
1605 : 1
1606 : 0
1607 : 1
1608 : 1
1609 : 0
1610 : 1
1611 : 1
1612 : 0
1613 : 1
1614 : 1
1615 : 0
1616 : 1
1617 : 1
1618 : 0
1619 : 1
1620 : 1
1621 : 0
1622 : 1
1623 : 1
1624 : 0
1625 : 1
1626 : 1
1627 : 0
1628 : 1
1629 : 1
1630 : 0
1631 : 1
1632 : 1
1633 : 0
1634 : 1
1635 : 1
1636 : 0
1637 : 1
1638 : 1
1639 : 0
1640 : 1
1641 : 1
1642 : 0
1643 : 1
1644 : 1
1645 : 0
1646 : 1
1647 : 1
1648 : 0
1649 : 1
1650 : 1
1651 : 0
1652 : 1
1653 : 1
1654 : 0
1655 : 1
1656 : 1
1657 : 0
1658 : 1
1659 : 1
1660 : 0
1661 : 1
1662 : 1
1663 : 0
1664 : 1
1665 : 1
1666 : 0
1667 : 1
1668 : 1
1669 : 0
1670 : 1
1671 : 1
1672 : 0
1673 : 1
1674 : 1
1675 : 0
1676 : 1
1677 : 1
1678 : 0
1679 : 1
1680 : 1
1681 : 0
1682 : 1
1683 : 1
1684 : 0
1685 : 1
1686 : 1
1687 : 0
1688 : 1
1689 : 1
1690 : 0
1691 : 1
1692 : 1
1693 : 0
1694 : 1
1695 : 1
1696 : 0
1697 : 1
1698 : 1
1699 : 0
1700 : 1
1701 : 1
1702 : 0
1703 : 1
1704 : 1
1705 : 0
1706 : 1
1707 : 1
1708 : 0
1709 : 1
1710 : 1
1711 : 0
1712 : 1
1713 : 1
1714 : 0
1715 : 1
1716 : 1
1717 : 0
1718 : 1
1719 : 1
1720 : 0
1721 : 1
1722 : 1
1723 : 0
1724 : 1
1725 : 1
1726 : 0
1727 : 1
1728 : 1
1729 : 0
1730 : 1
1731 : 1
1732 : 0
1733 : 1
1734 : 1
1735 : 0
1736 : 1
1737 : 1
1738 : 0
1739 : 1
1740 : 1
1741 : 0
1742 : 1
1743 : 1
1744 : 0
1745 : 1
1746 : 1
1747 : 0
1748 : 1
1749 : 1
1750 : 0
1751 : 1
1752 : 1
1753 : 0
1754 : 1
1755 : 1
1756 : 0
1757 : 1
1758 : 1
1759 : 0
1760 : 1
1761 : 1
1762 : 0
1763 : 1
1764 : 1
1765 : 0
1766 : 1
1767 : 1
1768 : 0
1769 : 1
1770 : 1
1771 : 0
1772 : 1
1773 : 1
1774 : 0
1775 : 1
1776 : 1
1777 : 0
1778 : 1
1779 : 1
1780 : 0
1781 : 1
1782 : 1
1783 : 0
1784 : 1
1785 : 1
1786 : 0
1787 : 1
1788 : 1
1789 : 0
1790 : 1
1791 : 1
1792 : 0
1793 : 1
1794 : 1
1795 : 0
1796 : 1
1797 : 1
1798 : 0
1799 : 1
1800 : 1
1801 : 0
1802 : 1
1803 : 1
1804 : 0
1805 : 1
1806 : 1
1807 : 0
1808 : 1
1809 : 1
1810 : 0
1811 : 1
1812 : 1
1813 : 0
1814 : 1
1815 : 1
1816 : 0
1817 : 1
1818 : 1
1819 : 0
1820 : 1
1821 : 1
1822 : 0
1823 : 1
1824 : 1
1825 : 0
1826 : 1
1827 : 1
1828 : 0
1829 : 1
1830 : 1
1831 : 0
1832 : 1
1833 : 1
1834 : 0
1835 : 1
1836 : 1
1837 : 0
1838 : 1
1839 : 1
1840 : 0
1841 : 1
1842 : 1
1843 : 0
1844 : 1
1845 : 1
1846 : 0
1847 : 1
1848 : 1
1849 : 0
1850 : 1
1851 : 1
1852 : 0
1853 : 1
1854 : 1
1855 : 0
1856 : 1
1857 : 1
1858 : 0
1859 : 1
1860 : 1
1861 : 0
1862 : 1
1863 : 1
1864 : 0
1865 : 1
1866 : 1
1867 : 0
1868 : 1
1869 : 1
1870 : 0
1871 : 1
1872 : 1
1873 : 0
1874 : 1
1875 : 1
1876 : 0
1877 : 1
1878 : 1
1879 : 0
1880 : 1
1881 : 1
1882 : 0
1883 : 1
1884 : 1
1885 : 0
1886 : 1
1887 : 1
1888 : 0
1889 : 1
1890 : 1
1891 : 0
1892 : 1
1893 : 1
1894 : 0
1895 : 1
1896 : 1
1897 : 0
1898 : 1
1899 : 1
1900 : 0
1901 : 1
1902 : 1
1903 : 0
1904 : 1
1905 : 1
1906 : 0
1907 : 1
1908 : 1
1909 : 0
1910 : 1
1911 : 1
1912 : 0
1913 : 1
1914 : 1
1915 : 0
1916 : 1
1917 : 1
1918 : 0
1919 : 1
1920 : 1
1921 : 0
1922 : 1
1923 : 1
1924 : 0
1925 : 1
1926 : 1
1927 : 0
1928 : 1
1929 : 1
1930 : 0
1931 : 1
1932 : 1
1933 : 0
1934 : 1
1935 : 1
1936 : 0
1937 : 1
1938 : 1
1939 : 0
1940 : 1
1941 : 1
1942 : 0
1943 : 1
1944 : 1
1945 : 0
1946 : 1
1947 : 1
1948 : 0
1949 : 1
1950 : 1
1951 : 0
1952 : 1
1953 : 1
1954 : 0
1955 : 1
1956 : 1
1957 : 0
1958 : 1
1959 : 1
1960 : 0
1961 : 1
1962 : 1
1963 : 0
1964 : 1
1965 : 1
1966 : 0
1967 : 1
1968 : 1
1969 : 0
1970 : 1
1971 : 1
1972 : 0
1973 : 1
1974 : 1
1975 : 0
1976 : 1
1977 : 1
1978 : 0
1979 : 1
1980 : 1
1981 : 0
1982 : 1
1983 : 1
1984 : 0
1985 : 1
1986 : 1
1987 : 0
1988 : 1
1989 : 1
1990 : 0
1991 : 1
1992 : 1
1993 : 0
1994 : 1
1995 : 1
1996 : 0
1997 : 1
1998 : 1
1999 : 0
2000 : 1
2001 : 1
2002 : 0
2003 : 1
2004 : 1
2005 : 0
2006 : 1
2007 : 1
2008 : 0
2009 : 1
2010 : 1
2011 : 0
2012 : 1
2013 : 1
2014 : 0
2015 : 1
2016 : 1
2017 : 0
2018 : 1
2019 : 1
2020 : 0
2021 : 1
2022 : 1
2023 : 0
2024 : 1
2025 : 1
2026 : 0
2027 : 1
2028 : 1
2029 : 0
2030 : 1
2031 : 1
2032 : 0
2033 : 1
2034 : 1
2035 : 0
2036 : 1
2037 : 1
2038 : 0
2039 : 1
2040 : 1
2041 : 0
2042 : 1
2043 : 1
2044 : 0
2045 : 1
2046 : 1
2047 : 0
2048 : 1
2049 : 1
2050 : 0
2051 : 1
2052 : 1
2053 : 0
2054 : 1
2055 : 1
2056 : 0
2057 : 1
2058 : 1
2059 : 0
2060 : 1
2061 : 1
2062 : 0
2063 : 1
2064 : 1
2065 : 0
2066 : 1
2067 : 1
2068 : 0
2069 : 1
2070 : 1
2071 : 0
2072 : 1
2073 : 1
2074 : 0
2075 : 1
2076 : 1
2077 : 0
2078 : 1
2079 : 1
2080 : 0
2081 : 1
2082 : 1
2083 : 0
2084 : 1
2085 : 1
2086 : 0
2087 : 1
2088 : 1
2089 : 0
2090 : 1
2091 : 1
2092 : 0
2093 : 1
2094 : 1
2095 : 0
2096 : 1
2097 : 1
2098 : 0
2099 : 1
2100 : 1
2101 : 0
2102 : 1
2103 : 1
2104 : 0
2105 : 1
2106 : 1
2107 : 0
2108 : 1
2109 : 1
2110 : 0
2111 : 1
2112 : 1
2113 : 0
2114 : 1
2115 : 1
2116 : 0
2117 : 1
2118 : 1
2119 : 0
2120 : 1
2121 : 1
2122 : 0
2123 : 1
2124 : 1
2125 : 0
2126 : 1
2127 : 1
2128 : 0
2129 : 1
2130 : 1
2131 : 0
2132 : 1
2133 : 1
2134 : 0
2135 : 1
2136 : 1
2137 : 0
2138 : 1
2139 : 1
2140 : 0
2141 : 1
2142 : 1
2143 : 0
2144 : 1
2145 : 1
2146 : 0
2147 : 1
2148 : 1
2149 : 0
2150 : 1
2151 : 1
2152 : 0
2153 : 1
2154 : 1
2155 : 0
2156 : 1
2157 : 1
2158 : 0
2159 : 1
2160 : 1
2161 : 0
2162 : 1
2163 : 1
2164 : 0
2165 : 1
2166 : 1
2167 : 0
2168 : 1
2169 : 1
2170 : 0
2171 : 1
2172 : 1
2173 : 0
2174 : 1
2175 : 1
2176 : 0
2177 : 1
2178 : 1
2179 : 0
2180 : 1
2181 : 1
2182 : 0
2183 : 1
2184 : 1
2185 : 0
2186 : 1
2187 : 1
2188 : 0
2189 : 1
2190 : 1
2191 : 0
2192 : 1
2193 : 1
2194 : 0
2195 : 1
2196 : 1
2197 : 0
2198 : 1
2199 : 1
2200 : 0
2201 : 1
2202 : 1
2203 : 0
2204 : 1
2205 : 1
2206 : 0
2207 : 1
2208 : 1
2209 : 0
2210 : 1
2211 : 1
2212 : 0
2213 : 1
2214 : 1
2215 : 0
2216 : 1
2217 : 1
2218 : 0
2219 : 1
2220 : 1
2221 : 0
2222 : 1
2223 : 1
2224 : 0
2225 : 1
2226 : 1
2227 : 0
2228 : 1
2229 : 1
2230 : 0
2231 : 1
2232 : 1
2233 : 0
2234 : 1
2235 : 1
2236 : 0
2237 : 1
2238 : 1
2239 : 0
2240 : 1
2241 : 1
2242 : 0
2243 : 1
2244 : 1
2245 : 0
2246 : 1
2247 : 1
2248 : 0
2249 : 1
2250 : 1
2251 : 0
2252 : 1
2253 : 1
2254 : 0
2255 : 1
2256 : 1
2257 : 0
2258 : 1
2259 : 1
2260 : 0
2261 : 1
2262 : 1
2263 : 0
2264 : 1
2265 : 1
2266 : 0
2267 : 1
2268 : 1
2269 : 0
2270 : 1
2271 : 1
2272 : 0
2273 : 1
2274 : 1
2275 : 0
2276 : 1
2277 : 1
2278 : 0
2279 : 1
2280 : 1
2281 : 0
2282 : 1
2283 : 1
2284 : 0
2285 : 1
2286 : 1
2287 : 0
2288 : 1
2289 : 1
2290 : 0
2291 : 1
2292 : 1
2293 : 0
2294 : 1
2295 : 1
2296 : 0
2297 : 1
2298 : 1
2299 : 0
2300 : 1
2301 : 1
2302 : 0
2303 : 1
2304 : 1
2305 : 0
2306 : 1
2307 : 1
2308 : 0
2309 : 1
2310 : 1
2311 : 0
2312 : 1
2313 : 1
2314 : 0
2315 : 1
2316 : 1
2317 : 0
2318 : 1
2319 : 1
2320 : 0
2321 : 1
2322 : 1
2323 : 0
2324 : 1
2325 : 1
2326 : 0
2327 : 1
2328 : 1
2329 : 0
2330 : 1
2331 : 1
2332 : 0
2333 : 1
2334 : 1
2335 : 0
2336 : 1
2337 : 1
2338 : 0
2339 : 1
2340 : 1
2341 : 0
2342 : 1
2343 : 1
2344 : 0
2345 : 1
2346 : 1
2347 : 0
2348 : 1
2349 : 1
2350 : 0
2351 : 1
2352 : 1
2353 : 0
2354 : 1
2355 : 1
2356 : 0
2357 : 1
2358 : 1
2359 : 0
2360 : 1
2361 : 1
2362 : 0
2363 : 1
2364 : 1
2365 : 0
2366 : 1
2367 : 1
2368 : 0
2369 : 1
2370 : 1
2371 : 0
2372 : 1
2373 : 1
2374 : 0
2375 : 1
2376 : 1
2377 : 0
2378 : 1
2379 : 1
2380 : 0
2381 : 1
2382 : 1
2383 : 0
2384 : 1
2385 : 1
2386 : 0
2387 : 1
2388 : 1
2389 : 0
2390 : 1
2391 : 1
2392 : 0
2393 : 1
2394 : 1
2395 : 0
2396 : 1
2397 : 1
2398 : 0
2399 : 1
2400 : 1
2401 : 0
2402 : 1
2403 : 1
2404 : 0
2405 : 1
2406 : 1
2407 : 0
2408 : 1
2409 : 1
2410 : 0
2411 : 1
2412 : 1
2413 : 0
2414 : 1
2415 : 1
2416 : 0
2417 : 1
2418 : 1
2419 : 0
2420 : 1
2421 : 1
2422 : 0
2423 : 1
2424 : 1
2425 : 0
2426 : 1
2427 : 1
2428 : 0
2429 : 1
2430 : 1
2431 : 0
2432 : 1
2433 : 1
2434 : 0
2435 : 1
2436 : 1
2437 : 0
2438 : 1
2439 : 1
2440 : 0
2441 : 1
2442 : 1
2443 : 0
2444 : 1
2445 : 1
2446 : 0
2447 : 1
2448 : 1
2449 : 0
2450 : 1
2451 : 1
2452 : 0
2453 : 1
2454 : 1
2455 : 0
2456 : 1
2457 : 1
2458 : 0
2459 : 1
2460 : 1
2461 : 0
2462 : 1
2463 : 1
2464 : 0
2465 : 1
2466 : 1
2467 : 0
2468 : 1
2469 : 1
2470 : 0
2471 : 1
2472 : 1
2473 : 0
2474 : 1
2475 : 1
2476 : 0
2477 : 1
2478 : 1
2479 : 0
2480 : 1
2481 : 1
2482 : 0
2483 : 1
2484 : 1
2485 : 0
2486 : 1
2487 : 1
2488 : 0
2489 : 1
2490 : 1
2491 : 0
2492 : 1
2493 : 1
2494 : 0
2495 : 1
2496 : 1
2497 : 0
2498 : 1
2499 : 1
2500 : 0
2501 : 1
2502 : 1
2503 : 0
2504 : 1
2505 : 1
2506 : 0
2507 : 1
2508 : 1
2509 : 0
2510 : 1
2511 : 1
2512 : 0
2513 : 1
2514 : 1
2515 : 0
2516 : 1
2517 : 1
2518 : 0
2519 : 1
2520 : 1
2521 : 0
2522 : 1
2523 : 1
2524 : 0
2525 : 1
2526 : 1
2527 : 0
2528 : 1
2529 : 1
2530 : 0
2531 : 1
2532 : 1
2533 : 0
2534 : 1
2535 : 1
2536 : 0
2537 : 1
2538 : 1
2539 : 0
2540 : 1
2541 : 1
2542 : 0
2543 : 1
2544 : 1
2545 : 0
2546 : 1
2547 : 1
2548 : 0
2549 : 1
2550 : 1
2551 : 0
2552 : 1
2553 : 1
2554 : 0
2555 : 1
2556 : 1
2557 : 0
2558 : 1
2559 : 1
2560 : 0
2561 : 1
2562 : 1
2563 : 0
2564 : 1
2565 : 1
2566 : 0
2567 : 1
2568 : 1
2569 : 0
2570 : 1
2571 : 1
2572 : 0
2573 : 1
2574 : 1
2575 : 0
2576 : 1
2577 : 1
2578 : 0
2579 : 1
2580 : 1
2581 : 0
2582 : 1
2583 : 1
2584 : 0
2585 : 1
2586 : 1
2587 : 0
2588 : 1
2589 : 1
2590 : 0
2591 : 1
2592 : 1
2593 : 0
2594 : 1
2595 : 1
2596 : 0
2597 : 1
2598 : 1
2599 : 0
2600 : 1
2601 : 1
2602 : 0
2603 : 1
2604 : 1
2605 : 0
2606 : 1
2607 : 1
2608 : 0
2609 : 1
2610 : 1
2611 : 0
2612 : 1
2613 : 1
2614 : 0
2615 : 1
2616 : 1
2617 : 0
2618 : 1
2619 : 1
2620 : 0
2621 : 1
2622 : 1
2623 : 0
2624 : 1
2625 : 1
2626 : 0
2627 : 1
2628 : 1
2629 : 0
2630 : 1
2631 : 1
2632 : 0
2633 : 1
2634 : 1
2635 : 0
2636 : 1
2637 : 1
2638 : 0
2639 : 1
2640 : 1
2641 : 0
2642 : 1
2643 : 1
2644 : 0
2645 : 1
2646 : 1
2647 : 0
2648 : 1
2649 : 1
2650 : 0
2651 : 1
2652 : 1
2653 : 0
2654 : 1
2655 : 1
2656 : 0
2657 : 1
2658 : 1
2659 : 0
2660 : 1
2661 : 1
2662 : 0
2663 : 1
2664 : 1
2665 : 0
2666 : 1
2667 : 1
2668 : 0
2669 : 1
2670 : 1
2671 : 0
2672 : 1
2673 : 1
2674 : 0
2675 : 1
2676 : 1
2677 : 0
2678 : 1
2679 : 1
2680 : 0
2681 : 1
2682 : 1
2683 : 0
2684 : 1
2685 : 1
2686 : 0
2687 : 1
2688 : 1
2689 : 0
2690 : 1
2691 : 1
2692 : 0
2693 : 1
2694 : 1
2695 : 0
2696 : 1
2697 : 1
2698 : 0
2699 : 1
2700 : 1
2701 : 0
2702 : 1
2703 : 1
2704 : 0
2705 : 1
2706 : 1
2707 : 0
2708 : 1
2709 : 1
2710 : 0
2711 : 1
2712 : 1
2713 : 0
2714 : 1
2715 : 1
2716 : 0
2717 : 1
2718 : 1
2719 : 0
2720 : 1
2721 : 1
2722 : 0
2723 : 1
2724 : 1
2725 : 0
2726 : 1
2727 : 1
2728 : 0
2729 : 1
2730 : 1
2731 : 0
2732 : 1
2733 : 1
2734 : 0
2735 : 1
2736 : 1
2737 : 0
2738 : 1
2739 : 1
2740 : 0
2741 : 1
2742 : 1
2743 : 0
2744 : 1
2745 : 1
2746 : 0
2747 : 1
2748 : 1
2749 : 0
2750 : 1
2751 : 1
2752 : 0
2753 : 1
2754 : 1
2755 : 0
2756 : 1
2757 : 1
2758 : 0
2759 : 1
2760 : 1
2761 : 0
2762 : 1
2763 : 1
2764 : 0
2765 : 1
2766 : 1
2767 : 0
2768 : 1
2769 : 1
2770 : 0
2771 : 1
2772 : 1
2773 : 0
2774 : 1
2775 : 1
2776 : 0
2777 : 1
2778 : 1
2779 : 0
2780 : 1
2781 : 1
2782 : 0
2783 : 1
2784 : 1
2785 : 0
2786 : 1
2787 : 1
2788 : 0
2789 : 1
2790 : 1
2791 : 0
2792 : 1
2793 : 1
2794 : 0
2795 : 1
2796 : 1
2797 : 0
2798 : 1
2799 : 1
2800 : 0
2801 : 1
2802 : 1
2803 : 0
2804 : 1
2805 : 1
2806 : 0
2807 : 1
2808 : 1
2809 : 0
2810 : 1
2811 : 1
2812 : 0
2813 : 1
2814 : 1
2815 : 0
2816 : 1
2817 : 1
2818 : 0
2819 : 1
2820 : 1
2821 : 0
2822 : 1
2823 : 1
2824 : 0
2825 : 1
2826 : 1
2827 : 0
2828 : 1
2829 : 1
2830 : 0
2831 : 1
2832 : 1
2833 : 0
2834 : 1
2835 : 1
2836 : 0
2837 : 1
2838 : 1
2839 : 0
2840 : 1
2841 : 1
2842 : 0
2843 : 1
2844 : 1
2845 : 0
2846 : 1
2847 : 1
2848 : 0
2849 : 1
2850 : 1
2851 : 0
2852 : 1
2853 : 1
2854 : 0
2855 : 1
2856 : 1
2857 : 0
2858 : 1
2859 : 1
2860 : 0
2861 : 1
2862 : 1
2863 : 0
2864 : 1
2865 : 1
2866 : 0
2867 : 1
2868 : 1
2869 : 0
2870 : 1
2871 : 1
2872 : 0
2873 : 1
2874 : 1
2875 : 0
2876 : 1
2877 : 1
2878 : 0
2879 : 1
2880 : 1
2881 : 0
2882 : 1
2883 : 1
2884 : 0
2885 : 1
2886 : 1
2887 : 0
2888 : 1
2889 : 1
2890 : 0
2891 : 1
2892 : 1
2893 : 0
2894 : 1
2895 : 1
2896 : 0
2897 : 1
2898 : 1
2899 : 0
2900 : 1
2901 : 1
2902 : 0
2903 : 1
2904 : 1
2905 : 0
2906 : 1
2907 : 1
2908 : 0
2909 : 1
2910 : 1
2911 : 0
2912 : 1
2913 : 1
2914 : 0
2915 : 1
2916 : 1
2917 : 0
2918 : 1
2919 : 1
2920 : 0
2921 : 1
2922 : 1
2923 : 0
2924 : 1
2925 : 1
2926 : 0
2927 : 1
2928 : 1
2929 : 0
2930 : 1
2931 : 1
2932 : 0
2933 : 1
2934 : 1
2935 : 0
2936 : 1
2937 : 1
2938 : 0
2939 : 1
2940 : 1
2941 : 0
2942 : 1
2943 : 1
2944 : 0
2945 : 1
2946 : 1
2947 : 0
2948 : 1
2949 : 1
2950 : 0
2951 : 1
2952 : 1
2953 : 0
2954 : 1
2955 : 1
2956 : 0
2957 : 1
2958 : 1
2959 : 0
2960 : 1
2961 : 1
2962 : 0
2963 : 1
2964 : 1
2965 : 0
2966 : 1
2967 : 1
2968 : 0
2969 : 1
2970 : 1
2971 : 0
2972 : 1
2973 : 1
2974 : 0
2975 : 1
2976 : 1
2977 : 0
2978 : 1
2979 : 1
2980 : 0
2981 : 1
2982 : 1
2983 : 0
2984 : 1
2985 : 1
2986 : 0
2987 : 1
2988 : 1
2989 : 0
2990 : 1
2991 : 1
2992 : 0
2993 : 1
2994 : 1
2995 : 0
2996 : 1
2997 : 1
2998 : 0
2999 : 1
3000 : 1
3001 : 0
3002 : 1
3003 : 1
3004 : 0
3005 : 1
3006 : 1
3007 : 0
3008 : 1
3009 : 1
3010 : 0
3011 : 1
3012 : 1
3013 : 0
3014 : 1
3015 : 1
3016 : 0
3017 : 1
3018 : 1
3019 : 0
3020 : 1
3021 : 1
3022 : 0
3023 : 1
3024 : 1
3025 : 0
3026 : 1
3027 : 1
3028 : 0
3029 : 1
3030 : 1
3031 : 0
3032 : 1
3033 : 1
3034 : 0
3035 : 1
3036 : 1
3037 : 0
3038 : 1
3039 : 1
3040 : 0
3041 : 1
3042 : 1
3043 : 0
3044 : 1
3045 : 1
3046 : 0
3047 : 1
3048 : 1
3049 : 0
3050 : 1
3051 : 1
3052 : 0
3053 : 1
3054 : 1
3055 : 0
3056 : 1
3057 : 1
3058 : 0
3059 : 1
3060 : 1
3061 : 0
3062 : 1
3063 : 1
3064 : 0
3065 : 1
3066 : 1
3067 : 0
3068 : 1
3069 : 1
3070 : 0
3071 : 1
3072 : 1
3073 : 0
3074 : 1
3075 : 1
3076 : 0
3077 : 1
3078 : 1
3079 : 0
3080 : 1
3081 : 1
3082 : 0
3083 : 1
3084 : 1
3085 : 0
3086 : 1
3087 : 1
3088 : 0
3089 : 1
3090 : 1
3091 : 0
3092 : 1
3093 : 1
3094 : 0
3095 : 1
3096 : 1
3097 : 0
3098 : 1
3099 : 1
3100 : 0
3101 : 1
3102 : 1
3103 : 0
3104 : 1
3105 : 1
3106 : 0
3107 : 1
3108 : 1
3109 : 0
3110 : 1
3111 : 1
3112 : 0
3113 : 1
3114 : 1
3115 : 0
3116 : 1
3117 : 1
3118 : 0
3119 : 1
3120 : 1
3121 : 0
3122 : 1
3123 : 1
3124 : 0
3125 : 1
3126 : 1
3127 : 0
3128 : 1
3129 : 1
3130 : 0
3131 : 1
3132 : 1
3133 : 0
3134 : 1
3135 : 1
3136 : 0
3137 : 1
3138 : 1
3139 : 0
3140 : 1
3141 : 1
3142 : 0
3143 : 1
3144 : 1
3145 : 0
3146 : 1
3147 : 1
3148 : 0
3149 : 1
3150 : 1
3151 : 0
3152 : 1
3153 : 1
3154 : 0
3155 : 1
3156 : 1
3157 : 0
3158 : 1
3159 : 1
3160 : 0
3161 : 1
3162 : 1
3163 : 0
3164 : 1
3165 : 1
3166 : 0
3167 : 1
3168 : 1
3169 : 0
3170 : 1
3171 : 1
3172 : 0
3173 : 1
3174 : 1
3175 : 0
3176 : 1
3177 : 1
3178 : 0
3179 : 1
3180 : 1
3181 : 0
3182 : 1
3183 : 1
3184 : 0
3185 : 1
3186 : 1
3187 : 0
3188 : 1
3189 : 1
3190 : 0
3191 : 1
3192 : 1
3193 : 0
3194 : 1
3195 : 1
3196 : 0
3197 : 1
3198 : 1
3199 : 0
3200 : 1
3201 : 1
3202 : 0
3203 : 1
3204 : 1
3205 : 0
3206 : 1
3207 : 1
3208 : 0
3209 : 1
3210 : 1
3211 : 0
3212 : 1
3213 : 1
3214 : 0
3215 : 1
3216 : 1
3217 : 0
3218 : 1
3219 : 1
3220 : 0
3221 : 1
3222 : 1
3223 : 0
3224 : 1
3225 : 1
3226 : 0
3227 : 1
3228 : 1
3229 : 0
3230 : 1
3231 : 1
3232 : 0
3233 : 1
3234 : 1
3235 : 0
3236 : 1
3237 : 1
3238 : 0
3239 : 1
3240 : 1
3241 : 0
3242 : 1
3243 : 1
3244 : 0
3245 : 1
3246 : 1
3247 : 0
3248 : 1
3249 : 1
3250 : 0
3251 : 1
3252 : 1
3253 : 0
3254 : 1
3255 : 1
3256 : 0
3257 : 1
3258 : 1
3259 : 0
3260 : 1
3261 : 1
3262 : 0
3263 : 1
3264 : 1
3265 : 0
3266 : 1
3267 : 1
3268 : 0
3269 : 1
3270 : 1
3271 : 0
3272 : 1
3273 : 1
3274 : 0
3275 : 1
3276 : 1
3277 : 0
3278 : 1
3279 : 1
3280 : 0
3281 : 1
3282 : 1
3283 : 0
3284 : 1
3285 : 1
3286 : 0
3287 : 1
3288 : 1
3289 : 0
3290 : 1
3291 : 1
3292 : 0
3293 : 1
3294 : 1
3295 : 0
3296 : 1
3297 : 1
3298 : 0
3299 : 1
3300 : 1
3301 : 0
3302 : 1
3303 : 1
3304 : 0
3305 : 1
3306 : 1
3307 : 0
3308 : 1
3309 : 1
3310 : 0
3311 : 1
3312 : 1
3313 : 0
3314 : 1
3315 : 1
3316 : 0
3317 : 1
3318 : 1
3319 : 0
3320 : 1
3321 : 1
3322 : 0
3323 : 1
3324 : 1
3325 : 0
3326 : 1
3327 : 1
3328 : 0
3329 : 1
3330 : 1
3331 : 0
3332 : 1
3333 : 1
3334 : 0
3335 : 1
3336 : 1
3337 : 0
3338 : 1
3339 : 1
3340 : 0
3341 : 1
3342 : 1
3343 : 0
3344 : 1
3345 : 1
3346 : 0
3347 : 1
3348 : 1
3349 : 0
3350 : 1
3351 : 1
3352 : 0
3353 : 1
3354 : 1
3355 : 0
3356 : 1
3357 : 1
3358 : 0
3359 : 1
3360 : 1
3361 : 0
3362 : 1
3363 : 1
3364 : 0
3365 : 1
3366 : 1
3367 : 0
3368 : 1
3369 : 1
3370 : 0
3371 : 1
3372 : 1
3373 : 0
3374 : 1
3375 : 1
3376 : 0
3377 : 1
3378 : 1
3379 : 0
3380 : 1
3381 : 1
3382 : 0
3383 : 1
3384 : 1
3385 : 0
3386 : 1
3387 : 1
3388 : 0
3389 : 1
3390 : 1
3391 : 0
3392 : 1
3393 : 1
3394 : 0
3395 : 1
3396 : 1
3397 : 0
3398 : 1
3399 : 1
3400 : 0
3401 : 1
3402 : 1
3403 : 0
3404 : 1
3405 : 1
3406 : 0
3407 : 1
3408 : 1
3409 : 0
3410 : 1
3411 : 1
3412 : 0
3413 : 1
3414 : 1
3415 : 0
3416 : 1
3417 : 1
3418 : 0
3419 : 1
3420 : 1
3421 : 0
3422 : 1
3423 : 1
3424 : 0
3425 : 1
3426 : 1
3427 : 0
3428 : 1
3429 : 1
3430 : 0
3431 : 1
3432 : 1
3433 : 0
3434 : 1
3435 : 1
3436 : 0
3437 : 1
3438 : 1
3439 : 0
3440 : 1
3441 : 1
3442 : 0
3443 : 1
3444 : 1
3445 : 0
3446 : 1
3447 : 1
3448 : 0
3449 : 1
3450 : 1
3451 : 0
3452 : 1
3453 : 1
3454 : 0
3455 : 1
3456 : 1
3457 : 0
3458 : 1
3459 : 1
3460 : 0
3461 : 1
3462 : 1
3463 : 0
3464 : 1
3465 : 1
3466 : 0
3467 : 1
3468 : 1
3469 : 0
3470 : 1
3471 : 1
3472 : 0
3473 : 1
3474 : 1
3475 : 0
3476 : 1
3477 : 1
3478 : 0
3479 : 1
3480 : 1
3481 : 0
3482 : 1
3483 : 1
3484 : 0
3485 : 1
3486 : 1
3487 : 0
3488 : 1
3489 : 1
3490 : 0
3491 : 1
3492 : 1
3493 : 0
3494 : 1
3495 : 1
3496 : 0
3497 : 1
3498 : 1
3499 : 0
3500 : 1
3501 : 1
3502 : 0
3503 : 1
3504 : 1
3505 : 0
3506 : 1
3507 : 1
3508 : 0
3509 : 1
3510 : 1
3511 : 0
3512 : 1
3513 : 1
3514 : 0
3515 : 1
3516 : 1
3517 : 0
3518 : 1
3519 : 1
3520 : 0
3521 : 1
3522 : 1
3523 : 0
3524 : 1
3525 : 1
3526 : 0
3527 : 1
3528 : 1
3529 : 0
3530 : 1
3531 : 1
3532 : 0
3533 : 1
3534 : 1
3535 : 0
3536 : 1
3537 : 1
3538 : 0
3539 : 1
3540 : 1
3541 : 0
3542 : 1
3543 : 1
3544 : 0
3545 : 1
3546 : 1
3547 : 0
3548 : 1
3549 : 1
3550 : 0
3551 : 1
3552 : 1
3553 : 0
3554 : 1
3555 : 1
3556 : 0
3557 : 1
3558 : 1
3559 : 0
3560 : 1
3561 : 1
3562 : 0
3563 : 1
3564 : 1
3565 : 0
3566 : 1
3567 : 1
3568 : 0
3569 : 1
3570 : 1
3571 : 0
3572 : 1
3573 : 1
3574 : 0
3575 : 1
3576 : 1
3577 : 0
3578 : 1
3579 : 1
3580 : 0
3581 : 1
3582 : 1
3583 : 0
3584 : 1
3585 : 1
3586 : 0
3587 : 1
3588 : 1
3589 : 0
3590 : 1
3591 : 1
3592 : 0
3593 : 1
3594 : 1
3595 : 0
3596 : 1
3597 : 1
3598 : 0
3599 : 1
3600 : 1
3601 : 0
3602 : 1
3603 : 1
3604 : 0
3605 : 1
3606 : 1
3607 : 0
3608 : 1
3609 : 1
3610 : 0
3611 : 1
3612 : 1
3613 : 0
3614 : 1
3615 : 1
3616 : 0
3617 : 1
3618 : 1
3619 : 0
3620 : 1
3621 : 1
3622 : 0
3623 : 1
3624 : 1
3625 : 0
3626 : 1
3627 : 1
3628 : 0
3629 : 1
3630 : 1
3631 : 0
3632 : 1
3633 : 1
3634 : 0
3635 : 1
3636 : 1
3637 : 0
3638 : 1
3639 : 1
3640 : 0
3641 : 1
3642 : 1
3643 : 0
3644 : 1
3645 : 1
3646 : 0
3647 : 1
3648 : 1
3649 : 0
3650 : 1
3651 : 1
3652 : 0
3653 : 1
3654 : 1
3655 : 0
3656 : 1
3657 : 1
3658 : 0
3659 : 1
3660 : 1
3661 : 0
3662 : 1
3663 : 1
3664 : 0
3665 : 1
3666 : 1
3667 : 0
3668 : 1
3669 : 1
3670 : 0
3671 : 1
3672 : 1
3673 : 0
3674 : 1
3675 : 1
3676 : 0
3677 : 1
3678 : 1
3679 : 0
3680 : 1
3681 : 1
3682 : 0
3683 : 1
3684 : 1
3685 : 0
3686 : 1
3687 : 1
3688 : 0
3689 : 1
3690 : 1
3691 : 0
3692 : 1
3693 : 1
3694 : 0
3695 : 1
3696 : 1
3697 : 0
3698 : 1
3699 : 1
3700 : 0
3701 : 1
3702 : 1
3703 : 0
3704 : 1
3705 : 1
3706 : 0
3707 : 1
3708 : 1
3709 : 0
3710 : 1
3711 : 1
3712 : 0
3713 : 1
3714 : 1
3715 : 0
3716 : 1
3717 : 1
3718 : 0
3719 : 1
3720 : 1
3721 : 0
3722 : 1
3723 : 1
3724 : 0
3725 : 1
3726 : 1
3727 : 0
3728 : 1
3729 : 1
3730 : 0
3731 : 1
3732 : 1
3733 : 0
3734 : 1
3735 : 1
3736 : 0
3737 : 1
3738 : 1
3739 : 0
3740 : 1
3741 : 1
3742 : 0
3743 : 1
3744 : 1
3745 : 0
3746 : 1
3747 : 1
3748 : 0
3749 : 1
3750 : 1
3751 : 0
3752 : 1
3753 : 1
3754 : 0
3755 : 1
3756 : 1
3757 : 0
3758 : 1
3759 : 1
3760 : 0
3761 : 1
3762 : 1
3763 : 0
3764 : 1
3765 : 1
3766 : 0
3767 : 1
3768 : 1
3769 : 0
3770 : 1
3771 : 1
3772 : 0
3773 : 1
3774 : 1
3775 : 0
3776 : 1
3777 : 1
3778 : 0
3779 : 1
3780 : 1
3781 : 0
3782 : 1
3783 : 1
3784 : 0
3785 : 1
3786 : 1
3787 : 0
3788 : 1
3789 : 1
3790 : 0
3791 : 1
3792 : 1
3793 : 0
3794 : 1
3795 : 1
3796 : 0
3797 : 1
3798 : 1
3799 : 0
3800 : 1
3801 : 1
3802 : 0
3803 : 1
3804 : 1
3805 : 0
3806 : 1
3807 : 1
3808 : 0
3809 : 1
3810 : 1
3811 : 0
3812 : 1
3813 : 1
3814 : 0
3815 : 1
3816 : 1
3817 : 0
3818 : 1
3819 : 1
3820 : 0
3821 : 1
3822 : 1
3823 : 0
3824 : 1
3825 : 1
3826 : 0
3827 : 1
3828 : 1
3829 : 0
3830 : 1
3831 : 1
3832 : 0
3833 : 1
3834 : 1
3835 : 0
3836 : 1
3837 : 1
3838 : 0
3839 : 1
3840 : 1
3841 : 0
3842 : 1
3843 : 1
3844 : 0
3845 : 1
3846 : 1
3847 : 0
3848 : 1
3849 : 1
3850 : 0
3851 : 1
3852 : 1
3853 : 0
3854 : 1
3855 : 1
3856 : 0
3857 : 1
3858 : 1
3859 : 0
3860 : 1
3861 : 1
3862 : 0
3863 : 1
3864 : 1
3865 : 0
3866 : 1
3867 : 1
3868 : 0
3869 : 1
3870 : 1
3871 : 0
3872 : 1
3873 : 1
3874 : 0
3875 : 1
3876 : 1
3877 : 0
3878 : 1
3879 : 1
3880 : 0
3881 : 1
3882 : 1
3883 : 0
3884 : 1
3885 : 1
3886 : 0
3887 : 1
3888 : 1
3889 : 0
3890 : 1
3891 : 1
3892 : 0
3893 : 1
3894 : 1
3895 : 0
3896 : 1
3897 : 1
3898 : 0
3899 : 1
3900 : 1
3901 : 0
3902 : 1
3903 : 1
3904 : 0
3905 : 1
3906 : 1
3907 : 0
3908 : 1
3909 : 1
3910 : 0
3911 : 1
3912 : 1
3913 : 0
3914 : 1
3915 : 1
3916 : 0
3917 : 1
3918 : 1
3919 : 0
3920 : 1
3921 : 1
3922 : 0
3923 : 1
3924 : 1
3925 : 0
3926 : 1
3927 : 1
3928 : 0
3929 : 1
3930 : 1
3931 : 0
3932 : 1
3933 : 1
3934 : 0
3935 : 1
3936 : 1
3937 : 0
3938 : 1
3939 : 1
3940 : 0
3941 : 1
3942 : 1
3943 : 0
3944 : 1
3945 : 1
3946 : 0
3947 : 1
3948 : 1
3949 : 0
3950 : 1
3951 : 1
3952 : 0
3953 : 1
3954 : 1
3955 : 0
3956 : 1
3957 : 1
3958 : 0
3959 : 1
3960 : 1
3961 : 0
3962 : 1
3963 : 1
3964 : 0
3965 : 1
3966 : 1
3967 : 0
3968 : 1
3969 : 1
3970 : 0
3971 : 1
3972 : 1
3973 : 0
3974 : 1
3975 : 1
3976 : 0
3977 : 1
3978 : 1
3979 : 0
3980 : 1
3981 : 1
3982 : 0
3983 : 1
3984 : 1
3985 : 0
3986 : 1
3987 : 1
3988 : 0
3989 : 1
3990 : 1
3991 : 0
3992 : 1
3993 : 1
3994 : 0
3995 : 1
3996 : 1
3997 : 0
3998 : 1
3999 : 1
4000 : 0
4001 : 1
4002 : 1
4003 : 0
4004 : 1
4005 : 1
4006 : 0
4007 : 1
4008 : 1
4009 : 0
4010 : 1
4011 : 1
4012 : 0
4013 : 1
4014 : 1
4015 : 0
4016 : 1
4017 : 1
4018 : 0
4019 : 1
4020 : 1
4021 : 0
4022 : 1
4023 : 1
4024 : 0
4025 : 1
4026 : 1
4027 : 0
4028 : 1
4029 : 1
4030 : 0
4031 : 1
4032 : 1
4033 : 0
4034 : 1
4035 : 1
4036 : 0
4037 : 1
4038 : 1
4039 : 0
4040 : 1
4041 : 1
4042 : 0
4043 : 1
4044 : 1
4045 : 0
4046 : 1
4047 : 1
4048 : 0
4049 : 1
4050 : 1
4051 : 0
4052 : 1
4053 : 1
4054 : 0
4055 : 1
4056 : 1
4057 : 0
4058 : 1
4059 : 1
4060 : 0
4061 : 1
4062 : 1
4063 : 0
4064 : 1
4065 : 1
4066 : 0
4067 : 1
4068 : 1
4069 : 0
4070 : 1
4071 : 1
4072 : 0
4073 : 1
4074 : 1
4075 : 0
4076 : 1
4077 : 1
4078 : 0
4079 : 1
4080 : 1
4081 : 0
4082 : 1
4083 : 1
4084 : 0
4085 : 1
4086 : 1
4087 : 0
4088 : 1
4089 : 1
4090 : 0
4091 : 1
4092 : 1
4093 : 0
4094 : 1
4095 : 1
4096 : 0
4097 : 1
4098 : 1
4099 : 0
4100 : 1
4101 : 1
4102 : 0
4103 : 1
4104 : 1
4105 : 0
4106 : 1
4107 : 1
4108 : 0
4109 : 1
4110 : 1
4111 : 0
4112 : 1
4113 : 1
4114 : 0
4115 : 1
4116 : 1
4117 : 0
4118 : 1
4119 : 1
4120 : 0
4121 : 1
4122 : 1
4123 : 0
4124 : 1
4125 : 1
4126 : 0
4127 : 1
4128 : 1
4129 : 0
4130 : 1
4131 : 1
4132 : 0
4133 : 1
4134 : 1
4135 : 0
4136 : 1
4137 : 1
4138 : 0
4139 : 1
4140 : 1
4141 : 0
4142 : 1
4143 : 1
4144 : 0
4145 : 1
4146 : 1
4147 : 0
4148 : 1
4149 : 1
4150 : 0
4151 : 1
4152 : 1
4153 : 0
4154 : 1
4155 : 1
4156 : 0
4157 : 1
4158 : 1
4159 : 0
4160 : 1
4161 : 1
4162 : 0
4163 : 1
4164 : 1
4165 : 0
4166 : 1
4167 : 1
4168 : 0
4169 : 1
4170 : 1
4171 : 0
4172 : 1
4173 : 1
4174 : 0
4175 : 1
4176 : 1
4177 : 0
4178 : 1
4179 : 1
4180 : 0
4181 : 1
4182 : 1
4183 : 0
4184 : 1
4185 : 1
4186 : 0
4187 : 1
4188 : 1
4189 : 0
4190 : 1
4191 : 1
4192 : 0
4193 : 1
4194 : 1
4195 : 0
4196 : 1
4197 : 1
4198 : 0
4199 : 1
4200 : 1
4201 : 0
4202 : 1
4203 : 1
4204 : 0
4205 : 1
4206 : 1
4207 : 0
4208 : 1
4209 : 1
4210 : 0
4211 : 1
4212 : 1
4213 : 0
4214 : 1
4215 : 1
4216 : 0
4217 : 1
4218 : 1
4219 : 0
4220 : 1
4221 : 1
4222 : 0
4223 : 1
4224 : 1
4225 : 0
4226 : 1
4227 : 1
4228 : 0
4229 : 1
4230 : 1
4231 : 0
4232 : 1
4233 : 1
4234 : 0
4235 : 1
4236 : 1
4237 : 0
4238 : 1
4239 : 1
4240 : 0
4241 : 1
4242 : 1
4243 : 0
4244 : 1
4245 : 1
4246 : 0
4247 : 1
4248 : 1
4249 : 0
4250 : 1
4251 : 1
4252 : 0
4253 : 1
4254 : 1
4255 : 0
4256 : 1
4257 : 1
4258 : 0
4259 : 1
4260 : 1
4261 : 0
4262 : 1
4263 : 1
4264 : 0
4265 : 1
4266 : 1
4267 : 0
4268 : 1
4269 : 1
4270 : 0
4271 : 1
4272 : 1
4273 : 0
4274 : 1
4275 : 1
4276 : 0
4277 : 1
4278 : 1
4279 : 0
4280 : 1
4281 : 1
4282 : 0
4283 : 1
4284 : 1
4285 : 0
4286 : 1
4287 : 1
4288 : 0
4289 : 1
4290 : 1
4291 : 0
4292 : 1
4293 : 1
4294 : 0
4295 : 1
4296 : 1
4297 : 0
4298 : 1
4299 : 1
4300 : 0
4301 : 1
4302 : 1
4303 : 0
4304 : 1
4305 : 1
4306 : 0
4307 : 1
4308 : 1
4309 : 0
4310 : 1
4311 : 1
4312 : 0
4313 : 1
4314 : 1
4315 : 0
4316 : 1
4317 : 1
4318 : 0
4319 : 1
4320 : 1
4321 : 0
4322 : 1
4323 : 1
4324 : 0
4325 : 1
4326 : 1
4327 : 0
4328 : 1
4329 : 1
4330 : 0
4331 : 1
4332 : 1
4333 : 0
4334 : 1
4335 : 1
4336 : 0
4337 : 1
4338 : 1
4339 : 0
4340 : 1
4341 : 1
4342 : 0
4343 : 1
4344 : 1
4345 : 0
4346 : 1
4347 : 1
4348 : 0
4349 : 1
4350 : 1
4351 : 0
4352 : 1
4353 : 1
4354 : 0
4355 : 1
4356 : 1
4357 : 0
4358 : 1
4359 : 1
4360 : 0
4361 : 1
4362 : 1
4363 : 0
4364 : 1
4365 : 1
4366 : 0
4367 : 1
4368 : 1
4369 : 0
4370 : 1
4371 : 1
4372 : 0
4373 : 1
4374 : 1
4375 : 0
4376 : 1
4377 : 1
4378 : 0
4379 : 1
4380 : 1
4381 : 0
4382 : 1
4383 : 1
4384 : 0
4385 : 1
4386 : 1
4387 : 0
4388 : 1
4389 : 1
4390 : 0
4391 : 1
4392 : 1
4393 : 0
4394 : 1
4395 : 1
4396 : 0
4397 : 1
4398 : 1
4399 : 0
4400 : 1
4401 : 1
4402 : 0
4403 : 1
4404 : 1
4405 : 0
4406 : 1
4407 : 1
4408 : 0
4409 : 1
4410 : 1
4411 : 0
4412 : 1
4413 : 1
4414 : 0
4415 : 1
4416 : 1
4417 : 0
4418 : 1
4419 : 1
4420 : 0
4421 : 1
4422 : 1
4423 : 0
4424 : 1
4425 : 1
4426 : 0
4427 : 1
4428 : 1
4429 : 0
4430 : 1
4431 : 1
4432 : 0
4433 : 1
4434 : 1
4435 : 0
4436 : 1
4437 : 1
4438 : 0
4439 : 1
4440 : 1
4441 : 0
4442 : 1
4443 : 1
4444 : 0
4445 : 1
4446 : 1
4447 : 0
4448 : 1
4449 : 1
4450 : 0
4451 : 1
4452 : 1
4453 : 0
4454 : 1
4455 : 1
4456 : 0
4457 : 1
4458 : 1
4459 : 0
4460 : 1
4461 : 1
4462 : 0
4463 : 1
4464 : 1
4465 : 0
4466 : 1
4467 : 1
4468 : 0
4469 : 1
4470 : 1
4471 : 0
4472 : 1
4473 : 1
4474 : 0
4475 : 1
4476 : 1
4477 : 0
4478 : 1
4479 : 1
4480 : 0
4481 : 1
4482 : 1
4483 : 0
4484 : 1
4485 : 1
4486 : 0
4487 : 1
4488 : 1
4489 : 0
4490 : 1
4491 : 1
4492 : 0
4493 : 1
4494 : 1
4495 : 0
4496 : 1
4497 : 1
4498 : 0
4499 : 1
4500 : 1
4501 : 0
4502 : 1
4503 : 1
4504 : 0
4505 : 1
4506 : 1
4507 : 0
4508 : 1
4509 : 1
4510 : 0
4511 : 1
4512 : 1
4513 : 0
4514 : 1
4515 : 1
4516 : 0
4517 : 1
4518 : 1
4519 : 0
4520 : 1
4521 : 1
4522 : 0
4523 : 1
4524 : 1
4525 : 0
4526 : 1
4527 : 1
4528 : 0
4529 : 1
4530 : 1
4531 : 0
4532 : 1
4533 : 1
4534 : 0
4535 : 1
4536 : 1
4537 : 0
4538 : 1
4539 : 1
4540 : 0
4541 : 1
4542 : 1
4543 : 0
4544 : 1
4545 : 1
4546 : 0
4547 : 1
4548 : 1
4549 : 0
4550 : 1
4551 : 1
4552 : 0
4553 : 1
4554 : 1
4555 : 0
4556 : 1
4557 : 1
4558 : 0
4559 : 1
4560 : 1
4561 : 0
4562 : 1
4563 : 1
4564 : 0
4565 : 1
4566 : 1
4567 : 0
4568 : 1
4569 : 1
4570 : 0
4571 : 1
4572 : 1
4573 : 0
4574 : 1
4575 : 1
4576 : 0
4577 : 1
4578 : 1
4579 : 0
4580 : 1
4581 : 1
4582 : 0
4583 : 1
4584 : 1
4585 : 0
4586 : 1
4587 : 1
4588 : 0
4589 : 1
4590 : 1
4591 : 0
4592 : 1
4593 : 1
4594 : 0
4595 : 1
4596 : 1
4597 : 0
4598 : 1
4599 : 1
4600 : 0
4601 : 1
4602 : 1
4603 : 0
4604 : 1
4605 : 1
4606 : 0
4607 : 1
4608 : 1
4609 : 0
4610 : 1
4611 : 1
4612 : 0
4613 : 1
4614 : 1
4615 : 0
4616 : 1
4617 : 1
4618 : 0
4619 : 1
4620 : 1
4621 : 0
4622 : 1
4623 : 1
4624 : 0
4625 : 1
4626 : 1
4627 : 0
4628 : 1
4629 : 1
4630 : 0
4631 : 1
4632 : 1
4633 : 0
4634 : 1
4635 : 1
4636 : 0
4637 : 1
4638 : 1
4639 : 0
4640 : 1
4641 : 1
4642 : 0
4643 : 1
4644 : 1
4645 : 0
4646 : 1
4647 : 1
4648 : 0
4649 : 1
4650 : 1
4651 : 0
4652 : 1
4653 : 1
4654 : 0
4655 : 1
4656 : 1
4657 : 0
4658 : 1
4659 : 1
4660 : 0
4661 : 1
4662 : 1
4663 : 0
4664 : 1
4665 : 1
4666 : 0
4667 : 1
4668 : 1
4669 : 0
4670 : 1
4671 : 1
4672 : 0
4673 : 1
4674 : 1
4675 : 0
4676 : 1
4677 : 1
4678 : 0
4679 : 1
4680 : 1
4681 : 0
4682 : 1
4683 : 1
4684 : 0
4685 : 1
4686 : 1
4687 : 0
4688 : 1
4689 : 1
4690 : 0
4691 : 1
4692 : 1
4693 : 0
4694 : 1
4695 : 1
4696 : 0
4697 : 1
4698 : 1
4699 : 0
4700 : 1
4701 : 1
4702 : 0
4703 : 1
4704 : 1
4705 : 0
4706 : 1
4707 : 1
4708 : 0
4709 : 1
4710 : 1
4711 : 0
4712 : 1
4713 : 1
4714 : 0
4715 : 1
4716 : 1
4717 : 0
4718 : 1
4719 : 1
4720 : 0
4721 : 1
4722 : 1
4723 : 0
4724 : 1
4725 : 1
4726 : 0
4727 : 1
4728 : 1
4729 : 0
4730 : 1
4731 : 1
4732 : 0
4733 : 1
4734 : 1
4735 : 0
4736 : 1
4737 : 1
4738 : 0
4739 : 1
4740 : 1
4741 : 0
4742 : 1
4743 : 1
4744 : 0
4745 : 1
4746 : 1
4747 : 0
4748 : 1
4749 : 1
4750 : 0
4751 : 1
4752 : 1
4753 : 0
4754 : 1
4755 : 1
4756 : 0
4757 : 1
4758 : 1
4759 : 0
4760 : 1
4761 : 1
4762 : 0
4763 : 1
4764 : 1
4765 : 0
4766 : 1
4767 : 1
4768 : 0
4769 : 1
4770 : 1
4771 : 0
4772 : 1
4773 : 1
4774 : 0
4775 : 1
4776 : 1
4777 : 0
4778 : 1
4779 : 1
4780 : 0
4781 : 1
4782 : 1
4783 : 0
4784 : 1
4785 : 1
4786 : 0
4787 : 1
4788 : 1
4789 : 0
4790 : 1
4791 : 1
4792 : 0
4793 : 1
4794 : 1
4795 : 0
4796 : 1
4797 : 1
4798 : 0
4799 : 1
4800 : 1
4801 : 0
4802 : 1
4803 : 1
4804 : 0
4805 : 1
4806 : 1
4807 : 0
4808 : 1
4809 : 1
4810 : 0
4811 : 1
4812 : 1
4813 : 0
4814 : 1
4815 : 1
4816 : 0
4817 : 1
4818 : 1
4819 : 0
4820 : 1
4821 : 1
4822 : 0
4823 : 1
4824 : 1
4825 : 0
4826 : 1
4827 : 1
4828 : 0
4829 : 1
4830 : 1
4831 : 0
4832 : 1
4833 : 1
4834 : 0
4835 : 1
4836 : 1
4837 : 0
4838 : 1
4839 : 1
4840 : 0
4841 : 1
4842 : 1
4843 : 0
4844 : 1
4845 : 1
4846 : 0
4847 : 1
4848 : 1
4849 : 0
4850 : 1
4851 : 1
4852 : 0
4853 : 1
4854 : 1
4855 : 0
4856 : 1
4857 : 1
4858 : 0
4859 : 1
4860 : 1
4861 : 0
4862 : 1
4863 : 1
4864 : 0
4865 : 1
4866 : 1
4867 : 0
4868 : 1
4869 : 1
4870 : 0
4871 : 1
4872 : 1
4873 : 0
4874 : 1
4875 : 1
4876 : 0
4877 : 1
4878 : 1
4879 : 0
4880 : 1
4881 : 1
4882 : 0
4883 : 1
4884 : 1
4885 : 0
4886 : 1
4887 : 1
4888 : 0
4889 : 1
4890 : 1
4891 : 0
4892 : 1
4893 : 1
4894 : 0
4895 : 1
4896 : 1
4897 : 0
4898 : 1
4899 : 1
4900 : 0
4901 : 1
4902 : 1
4903 : 0
4904 : 1
4905 : 1
4906 : 0
4907 : 1
4908 : 1
4909 : 0
4910 : 1
4911 : 1
4912 : 0
4913 : 1
4914 : 1
4915 : 0
4916 : 1
4917 : 1
4918 : 0
4919 : 1
4920 : 1
4921 : 0
4922 : 1
4923 : 1
4924 : 0
4925 : 1
4926 : 1
4927 : 0
4928 : 1
4929 : 1
4930 : 0
4931 : 1
4932 : 1
4933 : 0
4934 : 1
4935 : 1
4936 : 0
4937 : 1
4938 : 1
4939 : 0
4940 : 1
4941 : 1
4942 : 0
4943 : 1
4944 : 1
4945 : 0
4946 : 1
4947 : 1
4948 : 0
4949 : 1
4950 : 1
4951 : 0
4952 : 1
4953 : 1
4954 : 0
4955 : 1
4956 : 1
4957 : 0
4958 : 1
4959 : 1
4960 : 0
4961 : 1
4962 : 1
4963 : 0
4964 : 1
4965 : 1
4966 : 0
4967 : 1
4968 : 1
4969 : 0
4970 : 1
4971 : 1
4972 : 0
4973 : 1
4974 : 1
4975 : 0
4976 : 1
4977 : 1
4978 : 0
4979 : 1
4980 : 1
4981 : 0
4982 : 1
4983 : 1
4984 : 0
4985 : 1
4986 : 1
4987 : 0
4988 : 1
4989 : 1
4990 : 0
4991 : 1
4992 : 1
4993 : 0
4994 : 1
4995 : 1
4996 : 0
4997 : 1
4998 : 1
4999 : 0
5000 : 1
5001 : 1
5002 : 0
5003 : 1
5004 : 1
5005 : 0
5006 : 1
5007 : 1
5008 : 0
5009 : 1
5010 : 1
5011 : 0
5012 : 1
5013 : 1
5014 : 0
5015 : 1
5016 : 1
5017 : 0
5018 : 1
5019 : 1
5020 : 0
5021 : 1
5022 : 1
5023 : 0
5024 : 1
5025 : 1
5026 : 0
5027 : 1
5028 : 1
5029 : 0
5030 : 1
5031 : 1
5032 : 0
5033 : 1
5034 : 1
5035 : 0
5036 : 1
5037 : 1
5038 : 0
5039 : 1
5040 : 1
5041 : 0
5042 : 1
5043 : 1
5044 : 0
5045 : 1
5046 : 1
5047 : 0
5048 : 1
5049 : 1
5050 : 0
5051 : 1
5052 : 1
5053 : 0
5054 : 1
5055 : 1
5056 : 0
5057 : 1
5058 : 1
5059 : 0
5060 : 1
5061 : 1
5062 : 0
5063 : 1
5064 : 1
5065 : 0
5066 : 1
5067 : 1
5068 : 0
5069 : 1
5070 : 1
5071 : 0
5072 : 1
5073 : 1
5074 : 0
5075 : 1
5076 : 1
5077 : 0
5078 : 1
5079 : 1
5080 : 0
5081 : 1
5082 : 1
5083 : 0
5084 : 1
5085 : 1
5086 : 0
5087 : 1
5088 : 1
5089 : 0
5090 : 1
5091 : 1
5092 : 0
5093 : 1
5094 : 1
5095 : 0
5096 : 1
5097 : 1
5098 : 0
5099 : 1
5100 : 1
5101 : 0
5102 : 1
5103 : 1
5104 : 0
5105 : 1
5106 : 1
5107 : 0
5108 : 1
5109 : 1
5110 : 0
5111 : 1
5112 : 1
5113 : 0
5114 : 1
5115 : 1
5116 : 0
5117 : 1
5118 : 1
5119 : 0
5120 : 1
5121 : 1
5122 : 0
5123 : 1
5124 : 1
5125 : 0
5126 : 1
5127 : 1
5128 : 0
5129 : 1
5130 : 1
5131 : 0
5132 : 1
5133 : 1
5134 : 0
5135 : 1
5136 : 1
5137 : 0
5138 : 1
5139 : 1
5140 : 0
5141 : 1
5142 : 1
5143 : 0
5144 : 1
5145 : 1
5146 : 0
5147 : 1
5148 : 1
5149 : 0
5150 : 1
5151 : 1
5152 : 0
5153 : 1
5154 : 1
5155 : 0
5156 : 1
5157 : 1
5158 : 0
5159 : 1
5160 : 1
5161 : 0
5162 : 1
5163 : 1
5164 : 0
5165 : 1
5166 : 1
5167 : 0
5168 : 1
5169 : 1
5170 : 0
5171 : 1
5172 : 1
5173 : 0
5174 : 1
5175 : 1
5176 : 0
5177 : 1
5178 : 1
5179 : 0
5180 : 1
5181 : 1
5182 : 0
5183 : 1
5184 : 1
5185 : 0
5186 : 1
5187 : 1
5188 : 0
5189 : 1
5190 : 1
5191 : 0
5192 : 1
5193 : 1
5194 : 0
5195 : 1
5196 : 1
5197 : 0
5198 : 1
5199 : 1
5200 : 0
5201 : 1
5202 : 1
5203 : 0
5204 : 1
5205 : 1
5206 : 0
5207 : 1
5208 : 1
5209 : 0
5210 : 1
5211 : 1
5212 : 0
5213 : 1
5214 : 1
5215 : 0
5216 : 1
5217 : 1
5218 : 0
5219 : 1
5220 : 1
5221 : 0
5222 : 1
5223 : 1
5224 : 0
5225 : 1
5226 : 1
5227 : 0
5228 : 1
5229 : 1
5230 : 0
5231 : 1
5232 : 1
5233 : 0
5234 : 1
5235 : 1
5236 : 0
5237 : 1
5238 : 1
5239 : 0
5240 : 1
5241 : 1
5242 : 0
5243 : 1
5244 : 1
5245 : 0
5246 : 1
5247 : 1
5248 : 0
5249 : 1
5250 : 1
5251 : 0
5252 : 1
5253 : 1
5254 : 0
5255 : 1
5256 : 1
5257 : 0
5258 : 1
5259 : 1
5260 : 0
5261 : 1
5262 : 1
5263 : 0
5264 : 1
5265 : 1
5266 : 0
5267 : 1
5268 : 1
5269 : 0
5270 : 1
5271 : 1
5272 : 0
5273 : 1
5274 : 1
5275 : 0
5276 : 1
5277 : 1
5278 : 0
5279 : 1
5280 : 1
5281 : 0
5282 : 1
5283 : 1
5284 : 0
5285 : 1
5286 : 1
5287 : 0
5288 : 1
5289 : 1
5290 : 0
5291 : 1
5292 : 1
5293 : 0
5294 : 1
5295 : 1
5296 : 0
5297 : 1
5298 : 1
5299 : 0
5300 : 1
5301 : 1
5302 : 0
5303 : 1
5304 : 1
5305 : 0
5306 : 1
5307 : 1
5308 : 0
5309 : 1
5310 : 1
5311 : 0
5312 : 1
5313 : 1
5314 : 0
5315 : 1
5316 : 1
5317 : 0
5318 : 1
5319 : 1
5320 : 0
5321 : 1
5322 : 1
5323 : 0
5324 : 1
5325 : 1
5326 : 0
5327 : 1
5328 : 1
5329 : 0
5330 : 1
5331 : 1
5332 : 0
5333 : 1
5334 : 1
5335 : 0
5336 : 1
5337 : 1
5338 : 0
5339 : 1
5340 : 1
5341 : 0
5342 : 1
5343 : 1
5344 : 0
5345 : 1
5346 : 1
5347 : 0
5348 : 1
5349 : 1
5350 : 0
5351 : 1
5352 : 1
5353 : 0
5354 : 1
5355 : 1
5356 : 0
5357 : 1
5358 : 1
5359 : 0
5360 : 1
5361 : 1
5362 : 0
5363 : 1
5364 : 1
5365 : 0
5366 : 1
5367 : 1
5368 : 0
5369 : 1
5370 : 1
5371 : 0
5372 : 1
5373 : 1
5374 : 0
5375 : 1
5376 : 1
5377 : 0
5378 : 1
5379 : 1
5380 : 0
5381 : 1
5382 : 1
5383 : 0
5384 : 1
5385 : 1
5386 : 0
5387 : 1
5388 : 1
5389 : 0
5390 : 1
5391 : 1
5392 : 0
5393 : 1
5394 : 1
5395 : 0
5396 : 1
5397 : 1
5398 : 0
5399 : 1
5400 : 1
5401 : 0
5402 : 1
5403 : 1
5404 : 0
5405 : 1
5406 : 1
5407 : 0
5408 : 1
5409 : 1
5410 : 0
5411 : 1
5412 : 1
5413 : 0
5414 : 1
5415 : 1
5416 : 0
5417 : 1
5418 : 1
5419 : 0
5420 : 1
5421 : 1
5422 : 0
5423 : 1
5424 : 1
5425 : 0
5426 : 1
5427 : 1
5428 : 0
5429 : 1
5430 : 1
5431 : 0
5432 : 1
5433 : 1
5434 : 0
5435 : 1
5436 : 1
5437 : 0
5438 : 1
5439 : 1
5440 : 0
5441 : 1
5442 : 1
5443 : 0
5444 : 1
5445 : 1
5446 : 0
5447 : 1
5448 : 1
5449 : 0
5450 : 1
5451 : 1
5452 : 0
5453 : 1
5454 : 1
5455 : 0
5456 : 1
5457 : 1
5458 : 0
5459 : 1
5460 : 1
5461 : 0
5462 : 1
5463 : 1
5464 : 0
5465 : 1
5466 : 1
5467 : 0
5468 : 1
5469 : 1
5470 : 0
5471 : 1
5472 : 1
5473 : 0
5474 : 1
5475 : 1
5476 : 0
5477 : 1
5478 : 1
5479 : 0
5480 : 1
5481 : 1
5482 : 0
5483 : 1
5484 : 1
5485 : 0
5486 : 1
5487 : 1
5488 : 0
5489 : 1
5490 : 1
5491 : 0
5492 : 1
5493 : 1
5494 : 0
5495 : 1
5496 : 1
5497 : 0
5498 : 1
5499 : 1
5500 : 0
5501 : 1
5502 : 1
5503 : 0
5504 : 1
5505 : 1
5506 : 0
5507 : 1
5508 : 1
5509 : 0
5510 : 1
5511 : 1
5512 : 0
5513 : 1
5514 : 1
5515 : 0
5516 : 1
5517 : 1
5518 : 0
5519 : 1
5520 : 1
5521 : 0
5522 : 1
5523 : 1
5524 : 0
5525 : 1
5526 : 1
5527 : 0
5528 : 1
5529 : 1
5530 : 0
5531 : 1
5532 : 1
5533 : 0
5534 : 1
5535 : 1
5536 : 0
5537 : 1
5538 : 1
5539 : 0
5540 : 1
5541 : 1
5542 : 0
5543 : 1
5544 : 1
5545 : 0
5546 : 1
5547 : 1
5548 : 0
5549 : 1
5550 : 1
5551 : 0
5552 : 1
5553 : 1
5554 : 0
5555 : 1
5556 : 1
5557 : 0
5558 : 1
5559 : 1
5560 : 0
5561 : 1
5562 : 1
5563 : 0
5564 : 1
5565 : 1
5566 : 0
5567 : 1
5568 : 1
5569 : 0
5570 : 1
5571 : 1
5572 : 0
5573 : 1
5574 : 1
5575 : 0
5576 : 1
5577 : 1
5578 : 0
5579 : 1
5580 : 1
5581 : 0
5582 : 1
5583 : 1
5584 : 0
5585 : 1
5586 : 1
5587 : 0
5588 : 1
5589 : 1
5590 : 0
5591 : 1
5592 : 1
5593 : 0
5594 : 1
5595 : 1
5596 : 0
5597 : 1
5598 : 1
5599 : 0
5600 : 1
5601 : 1
5602 : 0
5603 : 1
5604 : 1
5605 : 0
5606 : 1
5607 : 1
5608 : 0
5609 : 1
5610 : 1
5611 : 0
5612 : 1
5613 : 1
5614 : 0
5615 : 1
5616 : 1
5617 : 0
5618 : 1
5619 : 1
5620 : 0
5621 : 1
5622 : 1
5623 : 0
5624 : 1
5625 : 1
5626 : 0
5627 : 1
5628 : 1
5629 : 0
5630 : 1
5631 : 1
5632 : 0
5633 : 1
5634 : 1
5635 : 0
5636 : 1
5637 : 1
5638 : 0
5639 : 1
5640 : 1
5641 : 0
5642 : 1
5643 : 1
5644 : 0
5645 : 1
5646 : 1
5647 : 0
5648 : 1
5649 : 1
5650 : 0
5651 : 1
5652 : 1
5653 : 0
5654 : 1
5655 : 1
5656 : 0
5657 : 1
5658 : 1
5659 : 0
5660 : 1
5661 : 1
5662 : 0
5663 : 1
5664 : 1
5665 : 0
5666 : 1
5667 : 1
5668 : 0
5669 : 1
5670 : 1
5671 : 0
5672 : 1
5673 : 1
5674 : 0
5675 : 1
5676 : 1
5677 : 0
5678 : 1
5679 : 1
5680 : 0
5681 : 1
5682 : 1
5683 : 0
5684 : 1
5685 : 1
5686 : 0
5687 : 1
5688 : 1
5689 : 0
5690 : 1
5691 : 1
5692 : 0
5693 : 1
5694 : 1
5695 : 0
5696 : 1
5697 : 1
5698 : 0
5699 : 1
5700 : 1
5701 : 0
5702 : 1
5703 : 1
5704 : 0
5705 : 1
5706 : 1
5707 : 0
5708 : 1
5709 : 1
5710 : 0
5711 : 1
5712 : 1
5713 : 0
5714 : 1
5715 : 1
5716 : 0
5717 : 1
5718 : 1
5719 : 0
5720 : 1
5721 : 1
5722 : 0
5723 : 1
5724 : 1
5725 : 0
5726 : 1
5727 : 1
5728 : 0
5729 : 1
5730 : 1
5731 : 0
5732 : 1
5733 : 1
5734 : 0
5735 : 1
5736 : 1
5737 : 0
5738 : 1
5739 : 1
5740 : 0
5741 : 1
5742 : 1
5743 : 0
5744 : 1
5745 : 1
5746 : 0
5747 : 1
5748 : 1
5749 : 0
5750 : 1
5751 : 1
5752 : 0
5753 : 1
5754 : 1
5755 : 0
5756 : 1
5757 : 1
5758 : 0
5759 : 1
5760 : 1
5761 : 0
5762 : 1
5763 : 1
5764 : 0
5765 : 1
5766 : 1
5767 : 0
5768 : 1
5769 : 1
5770 : 0
5771 : 1
5772 : 1
5773 : 0
5774 : 1
5775 : 1
5776 : 0
5777 : 1
5778 : 1
5779 : 0
5780 : 1
5781 : 1
5782 : 0
5783 : 1
5784 : 1
5785 : 0
5786 : 1
5787 : 1
5788 : 0
5789 : 1
5790 : 1
5791 : 0
5792 : 1
5793 : 1
5794 : 0
5795 : 1
5796 : 1
5797 : 0
5798 : 1
5799 : 1
5800 : 0
5801 : 1
5802 : 1
5803 : 0
5804 : 1
5805 : 1
5806 : 0
5807 : 1
5808 : 1
5809 : 0
5810 : 1
5811 : 1
5812 : 0
5813 : 1
5814 : 1
5815 : 0
5816 : 1
5817 : 1
5818 : 0
5819 : 1
5820 : 1
5821 : 0
5822 : 1
5823 : 1
5824 : 0
5825 : 1
5826 : 1
5827 : 0
5828 : 1
5829 : 1
5830 : 0
5831 : 1
5832 : 1
5833 : 0
5834 : 1
5835 : 1
5836 : 0
5837 : 1
5838 : 1
5839 : 0
5840 : 1
5841 : 1
5842 : 0
5843 : 1
5844 : 1
5845 : 0
5846 : 1
5847 : 1
5848 : 0
5849 : 1
5850 : 1
5851 : 0
5852 : 1
5853 : 1
5854 : 0
5855 : 1
5856 : 1
5857 : 0
5858 : 1
5859 : 1
5860 : 0
5861 : 1
5862 : 1
5863 : 0
5864 : 1
5865 : 1
5866 : 0
5867 : 1
5868 : 1
5869 : 0
5870 : 1
5871 : 1
5872 : 0
5873 : 1
5874 : 1
5875 : 0
5876 : 1
5877 : 1
5878 : 0
5879 : 1
5880 : 1
5881 : 0
5882 : 1
5883 : 1
5884 : 0
5885 : 1
5886 : 1
5887 : 0
5888 : 1
5889 : 1
5890 : 0
5891 : 1
5892 : 1
5893 : 0
5894 : 1
5895 : 1
5896 : 0
5897 : 1
5898 : 1
5899 : 0
5900 : 1
5901 : 1
5902 : 0
5903 : 1
5904 : 1
5905 : 0
5906 : 1
5907 : 1
5908 : 0
5909 : 1
5910 : 1
5911 : 0
5912 : 1
5913 : 1
5914 : 0
5915 : 1
5916 : 1
5917 : 0
5918 : 1
5919 : 1
5920 : 0
5921 : 1
5922 : 1
5923 : 0
5924 : 1
5925 : 1
5926 : 0
5927 : 1
5928 : 1
5929 : 0
5930 : 1
5931 : 1
5932 : 0
5933 : 1
5934 : 1
5935 : 0
5936 : 1
5937 : 1
5938 : 0
5939 : 1
5940 : 1
5941 : 0
5942 : 1
5943 : 1
5944 : 0
5945 : 1
5946 : 1
5947 : 0
5948 : 1
5949 : 1
5950 : 0
5951 : 1
5952 : 1
5953 : 0
5954 : 1
5955 : 1
5956 : 0
5957 : 1
5958 : 1
5959 : 0
5960 : 1
5961 : 1
5962 : 0
5963 : 1
5964 : 1
5965 : 0
5966 : 1
5967 : 1
5968 : 0
5969 : 1
5970 : 1
5971 : 0
5972 : 1
5973 : 1
5974 : 0
5975 : 1
5976 : 1
5977 : 0
5978 : 1
5979 : 1
5980 : 0
5981 : 1
5982 : 1
5983 : 0
5984 : 1
5985 : 1
5986 : 0
5987 : 1
5988 : 1
5989 : 0
5990 : 1
5991 : 1
5992 : 0
5993 : 1
5994 : 1
5995 : 0
5996 : 1
5997 : 1
5998 : 0
5999 : 1
6000 : 1
6001 : 0
6002 : 1
6003 : 1
6004 : 0
6005 : 1
6006 : 1
6007 : 0
6008 : 1
6009 : 1
6010 : 0
6011 : 1
6012 : 1
6013 : 0
6014 : 1
6015 : 1
6016 : 0
6017 : 1
6018 : 1
6019 : 0
6020 : 1
6021 : 1
6022 : 0
6023 : 1
6024 : 1
6025 : 0
6026 : 1
6027 : 1
6028 : 0
6029 : 1
6030 : 1
6031 : 0
6032 : 1
6033 : 1
6034 : 0
6035 : 1
6036 : 1
6037 : 0
6038 : 1
6039 : 1
6040 : 0
6041 : 1
6042 : 1
6043 : 0
6044 : 1
6045 : 1
6046 : 0
6047 : 1
6048 : 1
6049 : 0
6050 : 1
6051 : 1
6052 : 0
6053 : 1
6054 : 1
6055 : 0
6056 : 1
6057 : 1
6058 : 0
6059 : 1
6060 : 1
6061 : 0
6062 : 1
6063 : 1
6064 : 0
6065 : 1
6066 : 1
6067 : 0
6068 : 1
6069 : 1
6070 : 0
6071 : 1
6072 : 1
6073 : 0
6074 : 1
6075 : 1
6076 : 0
6077 : 1
6078 : 1
6079 : 0
6080 : 1
6081 : 1
6082 : 0
6083 : 1
6084 : 1
6085 : 0
6086 : 1
6087 : 1
6088 : 0
6089 : 1
6090 : 1
6091 : 0
6092 : 1
6093 : 1
6094 : 0
6095 : 1
6096 : 1
6097 : 0
6098 : 1
6099 : 1
6100 : 0
6101 : 1
6102 : 1
6103 : 0
6104 : 1
6105 : 1
6106 : 0
6107 : 1
6108 : 1
6109 : 0
6110 : 1
6111 : 1
6112 : 0
6113 : 1
6114 : 1
6115 : 0
6116 : 1
6117 : 1
6118 : 0
6119 : 1
6120 : 1
6121 : 0
6122 : 1
6123 : 1
6124 : 0
6125 : 1
6126 : 1
6127 : 0
6128 : 1
6129 : 1
6130 : 0
6131 : 1
6132 : 1
6133 : 0
6134 : 1
6135 : 1
6136 : 0
6137 : 1
6138 : 1
6139 : 0
6140 : 1
6141 : 1
6142 : 0
6143 : 1
6144 : 1
6145 : 0
6146 : 1
6147 : 1
6148 : 0
6149 : 1
6150 : 1
6151 : 0
6152 : 1
6153 : 1
6154 : 0
6155 : 1
6156 : 1
6157 : 0
6158 : 1
6159 : 1
6160 : 0
6161 : 1
6162 : 1
6163 : 0
6164 : 1
6165 : 1
6166 : 0
6167 : 1
6168 : 1
6169 : 0
6170 : 1
6171 : 1
6172 : 0
6173 : 1
6174 : 1
6175 : 0
6176 : 1
6177 : 1
6178 : 0
6179 : 1
6180 : 1
6181 : 0
6182 : 1
6183 : 1
6184 : 0
6185 : 1
6186 : 1
6187 : 0
6188 : 1
6189 : 1
6190 : 0
6191 : 1
6192 : 1
6193 : 0
6194 : 1
6195 : 1
6196 : 0
6197 : 1
6198 : 1
6199 : 0
6200 : 1
6201 : 1
6202 : 0
6203 : 1
6204 : 1
6205 : 0
6206 : 1
6207 : 1
6208 : 0
6209 : 1
6210 : 1
6211 : 0
6212 : 1
6213 : 1
6214 : 0
6215 : 1
6216 : 1
6217 : 0
6218 : 1
6219 : 1
6220 : 0
6221 : 1
6222 : 1
6223 : 0
6224 : 1
6225 : 1
6226 : 0
6227 : 1
6228 : 1
6229 : 0
6230 : 1
6231 : 1
6232 : 0
6233 : 1
6234 : 1
6235 : 0
6236 : 1
6237 : 1
6238 : 0
6239 : 1
6240 : 1
6241 : 0
6242 : 1
6243 : 1
6244 : 0
6245 : 1
6246 : 1
6247 : 0
6248 : 1
6249 : 1
6250 : 0
6251 : 1
6252 : 1
6253 : 0
6254 : 1
6255 : 1
6256 : 0
6257 : 1
6258 : 1
6259 : 0
6260 : 1
6261 : 1
6262 : 0
6263 : 1
6264 : 1
6265 : 0
6266 : 1
6267 : 1
6268 : 0
6269 : 1
6270 : 1
6271 : 0
6272 : 1
6273 : 1
6274 : 0
6275 : 1
6276 : 1
6277 : 0
6278 : 1
6279 : 1
6280 : 0
6281 : 1
6282 : 1
6283 : 0
6284 : 1
6285 : 1
6286 : 0
6287 : 1
6288 : 1
6289 : 0
6290 : 1
6291 : 1
6292 : 0
6293 : 1
6294 : 1
6295 : 0
6296 : 1
6297 : 1
6298 : 0
6299 : 1
6300 : 1
6301 : 0
6302 : 1
6303 : 1
6304 : 0
6305 : 1
6306 : 1
6307 : 0
6308 : 1
6309 : 1
6310 : 0
6311 : 1
6312 : 1
6313 : 0
6314 : 1
6315 : 1
6316 : 0
6317 : 1
6318 : 1
6319 : 0
6320 : 1
6321 : 1
6322 : 0
6323 : 1
6324 : 1
6325 : 0
6326 : 1
6327 : 1
6328 : 0
6329 : 1
6330 : 1
6331 : 0
6332 : 1
6333 : 1
6334 : 0
6335 : 1
6336 : 1
6337 : 0
6338 : 1
6339 : 1
6340 : 0
6341 : 1
6342 : 1
6343 : 0
6344 : 1
6345 : 1
6346 : 0
6347 : 1
6348 : 1
6349 : 0
6350 : 1
6351 : 1
6352 : 0
6353 : 1
6354 : 1
6355 : 0
6356 : 1
6357 : 1
6358 : 0
6359 : 1
6360 : 1
6361 : 0
6362 : 1
6363 : 1
6364 : 0
6365 : 1
6366 : 1
6367 : 0
6368 : 1
6369 : 1
6370 : 0
6371 : 1
6372 : 1
6373 : 0
6374 : 1
6375 : 1
6376 : 0
6377 : 1
6378 : 1
6379 : 0
6380 : 1
6381 : 1
6382 : 0
6383 : 1
6384 : 1
6385 : 0
6386 : 1
6387 : 1
6388 : 0
6389 : 1
6390 : 1
6391 : 0
6392 : 1
6393 : 1
6394 : 0
6395 : 1
6396 : 1
6397 : 0
6398 : 1
6399 : 1
6400 : 0
6401 : 1
6402 : 1
6403 : 0
6404 : 1
6405 : 1
6406 : 0
6407 : 1
6408 : 1
6409 : 0
6410 : 1
6411 : 1
6412 : 0
6413 : 1
6414 : 1
6415 : 0
6416 : 1
6417 : 1
6418 : 0
6419 : 1
6420 : 1
6421 : 0
6422 : 1
6423 : 1
6424 : 0
6425 : 1
6426 : 1
6427 : 0
6428 : 1
6429 : 1
6430 : 0
6431 : 1
6432 : 1
6433 : 0
6434 : 1
6435 : 1
6436 : 0
6437 : 1
6438 : 1
6439 : 0
6440 : 1
6441 : 1
6442 : 0
6443 : 1
6444 : 1
6445 : 0
6446 : 1
6447 : 1
6448 : 0
6449 : 1
6450 : 1
6451 : 0
6452 : 1
6453 : 1
6454 : 0
6455 : 1
6456 : 1
6457 : 0
6458 : 1
6459 : 1
6460 : 0
6461 : 1
6462 : 1
6463 : 0
6464 : 1
6465 : 1
6466 : 0
6467 : 1
6468 : 1
6469 : 0
6470 : 1
6471 : 1
6472 : 0
6473 : 1
6474 : 1
6475 : 0
6476 : 1
6477 : 1
6478 : 0
6479 : 1
6480 : 1
6481 : 0
6482 : 1
6483 : 1
6484 : 0
6485 : 1
6486 : 1
6487 : 0
6488 : 1
6489 : 1
6490 : 0
6491 : 1
6492 : 1
6493 : 0
6494 : 1
6495 : 1
6496 : 0
6497 : 1
6498 : 1
6499 : 0
6500 : 1
6501 : 1
6502 : 0
6503 : 1
6504 : 1
6505 : 0
6506 : 1
6507 : 1
6508 : 0
6509 : 1
6510 : 1
6511 : 0
6512 : 1
6513 : 1
6514 : 0
6515 : 1
6516 : 1
6517 : 0
6518 : 1
6519 : 1
6520 : 0
6521 : 1
6522 : 1
6523 : 0
6524 : 1
6525 : 1
6526 : 0
6527 : 1
6528 : 1
6529 : 0
6530 : 1
6531 : 1
6532 : 0
6533 : 1
6534 : 1
6535 : 0
6536 : 1
6537 : 1
6538 : 0
6539 : 1
6540 : 1
6541 : 0
6542 : 1
6543 : 1
6544 : 0
6545 : 1
6546 : 1
6547 : 0
6548 : 1
6549 : 1
6550 : 0
6551 : 1
6552 : 1
6553 : 0
6554 : 1
6555 : 1
6556 : 0
6557 : 1
6558 : 1
6559 : 0
6560 : 1
6561 : 1
6562 : 0
6563 : 1
6564 : 1
6565 : 0
6566 : 1
6567 : 1
6568 : 0
6569 : 1
6570 : 1
6571 : 0
6572 : 1
6573 : 1
6574 : 0
6575 : 1
6576 : 1
6577 : 0
6578 : 1
6579 : 1
6580 : 0
6581 : 1
6582 : 1
6583 : 0
6584 : 1
6585 : 1
6586 : 0
6587 : 1
6588 : 1
6589 : 0
6590 : 1
6591 : 1
6592 : 0
6593 : 1
6594 : 1
6595 : 0
6596 : 1
6597 : 1
6598 : 0
6599 : 1
6600 : 1
6601 : 0
6602 : 1
6603 : 1
6604 : 0
6605 : 1
6606 : 1
6607 : 0
6608 : 1
6609 : 1
6610 : 0
6611 : 1
6612 : 1
6613 : 0
6614 : 1
6615 : 1
6616 : 0
6617 : 1
6618 : 1
6619 : 0
6620 : 1
6621 : 1
6622 : 0
6623 : 1
6624 : 1
6625 : 0
6626 : 1
6627 : 1
6628 : 0
6629 : 1
6630 : 1
6631 : 0
6632 : 1
6633 : 1
6634 : 0
6635 : 1
6636 : 1
6637 : 0
6638 : 1
6639 : 1
6640 : 0
6641 : 1
6642 : 1
6643 : 0
6644 : 1
6645 : 1
6646 : 0
6647 : 1
6648 : 1
6649 : 0
6650 : 1
6651 : 1
6652 : 0
6653 : 1
6654 : 1
6655 : 0
6656 : 1
6657 : 1
6658 : 0
6659 : 1
6660 : 1
6661 : 0
6662 : 1
6663 : 1
6664 : 0
6665 : 1
6666 : 1
6667 : 0
6668 : 1
6669 : 1
6670 : 0
6671 : 1
6672 : 1
6673 : 0
6674 : 1
6675 : 1
6676 : 0
6677 : 1
6678 : 1
6679 : 0
6680 : 1
6681 : 1
6682 : 0
6683 : 1
6684 : 1
6685 : 0
6686 : 1
6687 : 1
6688 : 0
6689 : 1
6690 : 1
6691 : 0
6692 : 1
6693 : 1
6694 : 0
6695 : 1
6696 : 1
6697 : 0
6698 : 1
6699 : 1
6700 : 0
6701 : 1
6702 : 1
6703 : 0
6704 : 1
6705 : 1
6706 : 0
6707 : 1
6708 : 1
6709 : 0
6710 : 1
6711 : 1
6712 : 0
6713 : 1
6714 : 1
6715 : 0
6716 : 1
6717 : 1
6718 : 0
6719 : 1
6720 : 1
6721 : 0
6722 : 1
6723 : 1
6724 : 0
6725 : 1
6726 : 1
6727 : 0
6728 : 1
6729 : 1
6730 : 0
6731 : 1
6732 : 1
6733 : 0
6734 : 1
6735 : 1
6736 : 0
6737 : 1
6738 : 1
6739 : 0
6740 : 1
6741 : 1
6742 : 0
6743 : 1
6744 : 1
6745 : 0
6746 : 1
6747 : 1
6748 : 0
6749 : 1
6750 : 1
6751 : 0
6752 : 1
6753 : 1
6754 : 0
6755 : 1
6756 : 1
6757 : 0
6758 : 1
6759 : 1
6760 : 0
6761 : 1
6762 : 1
6763 : 0
6764 : 1
6765 : 1
6766 : 0
6767 : 1
6768 : 1
6769 : 0
6770 : 1
6771 : 1
6772 : 0
6773 : 1
6774 : 1
6775 : 0
6776 : 1
6777 : 1
6778 : 0
6779 : 1
6780 : 1
6781 : 0
6782 : 1
6783 : 1
6784 : 0
6785 : 1
6786 : 1
6787 : 0
6788 : 1
6789 : 1
6790 : 0
6791 : 1
6792 : 1
6793 : 0
6794 : 1
6795 : 1
6796 : 0
6797 : 1
6798 : 1
6799 : 0
6800 : 1
6801 : 1
6802 : 0
6803 : 1
6804 : 1
6805 : 0
6806 : 1
6807 : 1
6808 : 0
6809 : 1
6810 : 1
6811 : 0
6812 : 1
6813 : 1
6814 : 0
6815 : 1
6816 : 1
6817 : 0
6818 : 1
6819 : 1
6820 : 0
6821 : 1
6822 : 1
6823 : 0
6824 : 1
6825 : 1
6826 : 0
6827 : 1
6828 : 1
6829 : 0
6830 : 1
6831 : 1
6832 : 0
6833 : 1
6834 : 1
6835 : 0
6836 : 1
6837 : 1
6838 : 0
6839 : 1
6840 : 1
6841 : 0
6842 : 1
6843 : 1
6844 : 0
6845 : 1
6846 : 1
6847 : 0
6848 : 1
6849 : 1
6850 : 0
6851 : 1
6852 : 1
6853 : 0
6854 : 1
6855 : 1
6856 : 0
6857 : 1
6858 : 1
6859 : 0
6860 : 1
6861 : 1
6862 : 0
6863 : 1
6864 : 1
6865 : 0
6866 : 1
6867 : 1
6868 : 0
6869 : 1
6870 : 1
6871 : 0
6872 : 1
6873 : 1
6874 : 0
6875 : 1
6876 : 1
6877 : 0
6878 : 1
6879 : 1
6880 : 0
6881 : 1
6882 : 1
6883 : 0
6884 : 1
6885 : 1
6886 : 0
6887 : 1
6888 : 1
6889 : 0
6890 : 1
6891 : 1
6892 : 0
6893 : 1
6894 : 1
6895 : 0
6896 : 1
6897 : 1
6898 : 0
6899 : 1
6900 : 1
6901 : 0
6902 : 1
6903 : 1
6904 : 0
6905 : 1
6906 : 1
6907 : 0
6908 : 1
6909 : 1
6910 : 0
6911 : 1
6912 : 1
6913 : 0
6914 : 1
6915 : 1
6916 : 0
6917 : 1
6918 : 1
6919 : 0
6920 : 1
6921 : 1
6922 : 0
6923 : 1
6924 : 1
6925 : 0
6926 : 1
6927 : 1
6928 : 0
6929 : 1
6930 : 1
6931 : 0
6932 : 1
6933 : 1
6934 : 0
6935 : 1
6936 : 1
6937 : 0
6938 : 1
6939 : 1
6940 : 0
6941 : 1
6942 : 1
6943 : 0
6944 : 1
6945 : 1
6946 : 0
6947 : 1
6948 : 1
6949 : 0
6950 : 1
6951 : 1
6952 : 0
6953 : 1
6954 : 1
6955 : 0
6956 : 1
6957 : 1
6958 : 0
6959 : 1
6960 : 1
6961 : 0
6962 : 1
6963 : 1
6964 : 0
6965 : 1
6966 : 1
6967 : 0
6968 : 1
6969 : 1
6970 : 0
6971 : 1
6972 : 1
6973 : 0
6974 : 1
6975 : 1
6976 : 0
6977 : 1
6978 : 1
6979 : 0
6980 : 1
6981 : 1
6982 : 0
6983 : 1
6984 : 1
6985 : 0
6986 : 1
6987 : 1
6988 : 0
6989 : 1
6990 : 1
6991 : 0
6992 : 1
6993 : 1
6994 : 0
6995 : 1
6996 : 1
6997 : 0
6998 : 1
6999 : 1
7000 : 0
7001 : 1
7002 : 1
7003 : 0
7004 : 1
7005 : 1
7006 : 0
7007 : 1
7008 : 1
7009 : 0
7010 : 1
7011 : 1
7012 : 0
7013 : 1
7014 : 1
7015 : 0
7016 : 1
7017 : 1
7018 : 0
7019 : 1
7020 : 1
7021 : 0
7022 : 1
7023 : 1
7024 : 0
7025 : 1
7026 : 1
7027 : 0
7028 : 1
7029 : 1
7030 : 0
7031 : 1
7032 : 1
7033 : 0
7034 : 1
7035 : 1
7036 : 0
7037 : 1
7038 : 1
7039 : 0
7040 : 1
7041 : 1
7042 : 0
7043 : 1
7044 : 1
7045 : 0
7046 : 1
7047 : 1
7048 : 0
7049 : 1
7050 : 1
7051 : 0
7052 : 1
7053 : 1
7054 : 0
7055 : 1
7056 : 1
7057 : 0
7058 : 1
7059 : 1
7060 : 0
7061 : 1
7062 : 1
7063 : 0
7064 : 1
7065 : 1
7066 : 0
7067 : 1
7068 : 1
7069 : 0
7070 : 1
7071 : 1
7072 : 0
7073 : 1
7074 : 1
7075 : 0
7076 : 1
7077 : 1
7078 : 0
7079 : 1
7080 : 1
7081 : 0
7082 : 1
7083 : 1
7084 : 0
7085 : 1
7086 : 1
7087 : 0
7088 : 1
7089 : 1
7090 : 0
7091 : 1
7092 : 1
7093 : 0
7094 : 1
7095 : 1
7096 : 0
7097 : 1
7098 : 1
7099 : 0
7100 : 1
7101 : 1
7102 : 0
7103 : 1
7104 : 1
7105 : 0
7106 : 1
7107 : 1
7108 : 0
7109 : 1
7110 : 1
7111 : 0
7112 : 1
7113 : 1
7114 : 0
7115 : 1
7116 : 1
7117 : 0
7118 : 1
7119 : 1
7120 : 0
7121 : 1
7122 : 1
7123 : 0
7124 : 1
7125 : 1
7126 : 0
7127 : 1
7128 : 1
7129 : 0
7130 : 1
7131 : 1
7132 : 0
7133 : 1
7134 : 1
7135 : 0
7136 : 1
7137 : 1
7138 : 0
7139 : 1
7140 : 1
7141 : 0
7142 : 1
7143 : 1
7144 : 0
7145 : 1
7146 : 1
7147 : 0
7148 : 1
7149 : 1
7150 : 0
7151 : 1
7152 : 1
7153 : 0
7154 : 1
7155 : 1
7156 : 0
7157 : 1
7158 : 1
7159 : 0
7160 : 1
7161 : 1
7162 : 0
7163 : 1
7164 : 1
7165 : 0
7166 : 1
7167 : 1
7168 : 0
7169 : 1
7170 : 1
7171 : 0
7172 : 1
7173 : 1
7174 : 0
7175 : 1
7176 : 1
7177 : 0
7178 : 1
7179 : 1
7180 : 0
7181 : 1
7182 : 1
7183 : 0
7184 : 1
7185 : 1
7186 : 0
7187 : 1
7188 : 1
7189 : 0
7190 : 1
7191 : 1
7192 : 0
7193 : 1
7194 : 1
7195 : 0
7196 : 1
7197 : 1
7198 : 0
7199 : 1
7200 : 1
7201 : 0
7202 : 1
7203 : 1
7204 : 0
7205 : 1
7206 : 1
7207 : 0
7208 : 1
7209 : 1
7210 : 0
7211 : 1
7212 : 1
7213 : 0
7214 : 1
7215 : 1
7216 : 0
7217 : 1
7218 : 1
7219 : 0
7220 : 1
7221 : 1
7222 : 0
7223 : 1
7224 : 1
7225 : 0
7226 : 1
7227 : 1
7228 : 0
7229 : 1
7230 : 1
7231 : 0
7232 : 1
7233 : 1
7234 : 0
7235 : 1
7236 : 1
7237 : 0
7238 : 1
7239 : 1
7240 : 0
7241 : 1
7242 : 1
7243 : 0
7244 : 1
7245 : 1
7246 : 0
7247 : 1
7248 : 1
7249 : 0
7250 : 1
7251 : 1
7252 : 0
7253 : 1
7254 : 1
7255 : 0
7256 : 1
7257 : 1
7258 : 0
7259 : 1
7260 : 1
7261 : 0
7262 : 1
7263 : 1
7264 : 0
7265 : 1
7266 : 1
7267 : 0
7268 : 1
7269 : 1
7270 : 0
7271 : 1
7272 : 1
7273 : 0
7274 : 1
7275 : 1
7276 : 0
7277 : 1
7278 : 1
7279 : 0
7280 : 1
7281 : 1
7282 : 0
7283 : 1
7284 : 1
7285 : 0
7286 : 1
7287 : 1
7288 : 0
7289 : 1
7290 : 1
7291 : 0
7292 : 1
7293 : 1
7294 : 0
7295 : 1
7296 : 1
7297 : 0
7298 : 1
7299 : 1
7300 : 0
7301 : 1
7302 : 1
7303 : 0
7304 : 1
7305 : 1
7306 : 0
7307 : 1
7308 : 1
7309 : 0
7310 : 1
7311 : 1
7312 : 0
7313 : 1
7314 : 1
7315 : 0
7316 : 1
7317 : 1
7318 : 0
7319 : 1
7320 : 1
7321 : 0
7322 : 1
7323 : 1
7324 : 0
7325 : 1
7326 : 1
7327 : 0
7328 : 1
7329 : 1
7330 : 0
7331 : 1
7332 : 1
7333 : 0
7334 : 1
7335 : 1
7336 : 0
7337 : 1
7338 : 1
7339 : 0
7340 : 1
7341 : 1
7342 : 0
7343 : 1
7344 : 1
7345 : 0
7346 : 1
7347 : 1
7348 : 0
7349 : 1
7350 : 1
7351 : 0
7352 : 1
7353 : 1
7354 : 0
7355 : 1
7356 : 1
7357 : 0
7358 : 1
7359 : 1
7360 : 0
7361 : 1
7362 : 1
7363 : 0
7364 : 1
7365 : 1
7366 : 0
7367 : 1
7368 : 1
7369 : 0
7370 : 1
7371 : 1
7372 : 0
7373 : 1
7374 : 1
7375 : 0
7376 : 1
7377 : 1
7378 : 0
7379 : 1
7380 : 1
7381 : 0
7382 : 1
7383 : 1
7384 : 0
7385 : 1
7386 : 1
7387 : 0
7388 : 1
7389 : 1
7390 : 0
7391 : 1
7392 : 1
7393 : 0
7394 : 1
7395 : 1
7396 : 0
7397 : 1
7398 : 1
7399 : 0
7400 : 1
7401 : 1
7402 : 0
7403 : 1
7404 : 1
7405 : 0
7406 : 1
7407 : 1
7408 : 0
7409 : 1
7410 : 1
7411 : 0
7412 : 1
7413 : 1
7414 : 0
7415 : 1
7416 : 1
7417 : 0
7418 : 1
7419 : 1
7420 : 0
7421 : 1
7422 : 1
7423 : 0
7424 : 1
7425 : 1
7426 : 0
7427 : 1
7428 : 1
7429 : 0
7430 : 1
7431 : 1
7432 : 0
7433 : 1
7434 : 1
7435 : 0
7436 : 1
7437 : 1
7438 : 0
7439 : 1
7440 : 1
7441 : 0
7442 : 1
7443 : 1
7444 : 0
7445 : 1
7446 : 1
7447 : 0
7448 : 1
7449 : 1
7450 : 0
7451 : 1
7452 : 1
7453 : 0
7454 : 1
7455 : 1
7456 : 0
7457 : 1
7458 : 1
7459 : 0
7460 : 1
7461 : 1
7462 : 0
7463 : 1
7464 : 1
7465 : 0
7466 : 1
7467 : 1
7468 : 0
7469 : 1
7470 : 1
7471 : 0
7472 : 1
7473 : 1
7474 : 0
7475 : 1
7476 : 1
7477 : 0
7478 : 1
7479 : 1
7480 : 0
7481 : 1
7482 : 1
7483 : 0
7484 : 1
7485 : 1
7486 : 0
7487 : 1
7488 : 1
7489 : 0
7490 : 1
7491 : 1
7492 : 0
7493 : 1
7494 : 1
7495 : 0
7496 : 1
7497 : 1
7498 : 0
7499 : 1
7500 : 1
7501 : 0
7502 : 1
7503 : 1
7504 : 0
7505 : 1
7506 : 1
7507 : 0
7508 : 1
7509 : 1
7510 : 0
7511 : 1
7512 : 1
7513 : 0
7514 : 1
7515 : 1
7516 : 0
7517 : 1
7518 : 1
7519 : 0
7520 : 1
7521 : 1
7522 : 0
7523 : 1
7524 : 1
7525 : 0
7526 : 1
7527 : 1
7528 : 0
7529 : 1
7530 : 1
7531 : 0
7532 : 1
7533 : 1
7534 : 0
7535 : 1
7536 : 1
7537 : 0
7538 : 1
7539 : 1
7540 : 0
7541 : 1
7542 : 1
7543 : 0
7544 : 1
7545 : 1
7546 : 0
7547 : 1
7548 : 1
7549 : 0
7550 : 1
7551 : 1
7552 : 0
7553 : 1
7554 : 1
7555 : 0
7556 : 1
7557 : 1
7558 : 0
7559 : 1
7560 : 1
7561 : 0
7562 : 1
7563 : 1
7564 : 0
7565 : 1
7566 : 1
7567 : 0
7568 : 1
7569 : 1
7570 : 0
7571 : 1
7572 : 1
7573 : 0
7574 : 1
7575 : 1
7576 : 0
7577 : 1
7578 : 1
7579 : 0
7580 : 1
7581 : 1
7582 : 0
7583 : 1
7584 : 1
7585 : 0
7586 : 1
7587 : 1
7588 : 0
7589 : 1
7590 : 1
7591 : 0
7592 : 1
7593 : 1
7594 : 0
7595 : 1
7596 : 1
7597 : 0
7598 : 1
7599 : 1
7600 : 0
7601 : 1
7602 : 1
7603 : 0
7604 : 1
7605 : 1
7606 : 0
7607 : 1
7608 : 1
7609 : 0
7610 : 1
7611 : 1
7612 : 0
7613 : 1
7614 : 1
7615 : 0
7616 : 1
7617 : 1
7618 : 0
7619 : 1
7620 : 1
7621 : 0
7622 : 1
7623 : 1
7624 : 0
7625 : 1
7626 : 1
7627 : 0
7628 : 1
7629 : 1
7630 : 0
7631 : 1
7632 : 1
7633 : 0
7634 : 1
7635 : 1
7636 : 0
7637 : 1
7638 : 1
7639 : 0
7640 : 1
7641 : 1
7642 : 0
7643 : 1
7644 : 1
7645 : 0
7646 : 1
7647 : 1
7648 : 0
7649 : 1
7650 : 1
7651 : 0
7652 : 1
7653 : 1
7654 : 0
7655 : 1
7656 : 1
7657 : 0
7658 : 1
7659 : 1
7660 : 0
7661 : 1
7662 : 1
7663 : 0
7664 : 1
7665 : 1
7666 : 0
7667 : 1
7668 : 1
7669 : 0
7670 : 1
7671 : 1
7672 : 0
7673 : 1
7674 : 1
7675 : 0
7676 : 1
7677 : 1
7678 : 0
7679 : 1
7680 : 1
7681 : 0
7682 : 1
7683 : 1
7684 : 0
7685 : 1
7686 : 1
7687 : 0
7688 : 1
7689 : 1
7690 : 0
7691 : 1
7692 : 1
7693 : 0
7694 : 1
7695 : 1
7696 : 0
7697 : 1
7698 : 1
7699 : 0
7700 : 1
7701 : 1
7702 : 0
7703 : 1
7704 : 1
7705 : 0
7706 : 1
7707 : 1
7708 : 0
7709 : 1
7710 : 1
7711 : 0
7712 : 1
7713 : 1
7714 : 0
7715 : 1
7716 : 1
7717 : 0
7718 : 1
7719 : 1
7720 : 0
7721 : 1
7722 : 1
7723 : 0
7724 : 1
7725 : 1
7726 : 0
7727 : 1
7728 : 1
7729 : 0
7730 : 1
7731 : 1
7732 : 0
7733 : 1
7734 : 1
7735 : 0
7736 : 1
7737 : 1
7738 : 0
7739 : 1
7740 : 1
7741 : 0
7742 : 1
7743 : 1
7744 : 0
7745 : 1
7746 : 1
7747 : 0
7748 : 1
7749 : 1
7750 : 0
7751 : 1
7752 : 1
7753 : 0
7754 : 1
7755 : 1
7756 : 0
7757 : 1
7758 : 1
7759 : 0
7760 : 1
7761 : 1
7762 : 0
7763 : 1
7764 : 1
7765 : 0
7766 : 1
7767 : 1
7768 : 0
7769 : 1
7770 : 1
7771 : 0
7772 : 1
7773 : 1
7774 : 0
7775 : 1
7776 : 1
7777 : 0
7778 : 1
7779 : 1
7780 : 0
7781 : 1
7782 : 1
7783 : 0
7784 : 1
7785 : 1
7786 : 0
7787 : 1
7788 : 1
7789 : 0
7790 : 1
7791 : 1
7792 : 0
7793 : 1
7794 : 1
7795 : 0
7796 : 1
7797 : 1
7798 : 0
7799 : 1
7800 : 1
7801 : 0
7802 : 1
7803 : 1
7804 : 0
7805 : 1
7806 : 1
7807 : 0
7808 : 1
7809 : 1
7810 : 0
7811 : 1
7812 : 1
7813 : 0
7814 : 1
7815 : 1
7816 : 0
7817 : 1
7818 : 1
7819 : 0
7820 : 1
7821 : 1
7822 : 0
7823 : 1
7824 : 1
7825 : 0
7826 : 1
7827 : 1
7828 : 0
7829 : 1
7830 : 1
7831 : 0
7832 : 1
7833 : 1
7834 : 0
7835 : 1
7836 : 1
7837 : 0
7838 : 1
7839 : 1
7840 : 0
7841 : 1
7842 : 1
7843 : 0
7844 : 1
7845 : 1
7846 : 0
7847 : 1
7848 : 1
7849 : 0
7850 : 1
7851 : 1
7852 : 0
7853 : 1
7854 : 1
7855 : 0
7856 : 1
7857 : 1
7858 : 0
7859 : 1
7860 : 1
7861 : 0
7862 : 1
7863 : 1
7864 : 0
7865 : 1
7866 : 1
7867 : 0
7868 : 1
7869 : 1
7870 : 0
7871 : 1
7872 : 1
7873 : 0
7874 : 1
7875 : 1
7876 : 0
7877 : 1
7878 : 1
7879 : 0
7880 : 1
7881 : 1
7882 : 0
7883 : 1
7884 : 1
7885 : 0
7886 : 1
7887 : 1
7888 : 0
7889 : 1
7890 : 1
7891 : 0
7892 : 1
7893 : 1
7894 : 0
7895 : 1
7896 : 1
7897 : 0
7898 : 1
7899 : 1
7900 : 0
7901 : 1
7902 : 1
7903 : 0
7904 : 1
7905 : 1
7906 : 0
7907 : 1
7908 : 1
7909 : 0
7910 : 1
7911 : 1
7912 : 0
7913 : 1
7914 : 1
7915 : 0
7916 : 1
7917 : 1
7918 : 0
7919 : 1
7920 : 1
7921 : 0
7922 : 1
7923 : 1
7924 : 0
7925 : 1
7926 : 1
7927 : 0
7928 : 1
7929 : 1
7930 : 0
7931 : 1
7932 : 1
7933 : 0
7934 : 1
7935 : 1
7936 : 0
7937 : 1
7938 : 1
7939 : 0
7940 : 1
7941 : 1
7942 : 0
7943 : 1
7944 : 1
7945 : 0
7946 : 1
7947 : 1
7948 : 0
7949 : 1
7950 : 1
7951 : 0
7952 : 1
7953 : 1
7954 : 0
7955 : 1
7956 : 1
7957 : 0
7958 : 1
7959 : 1
7960 : 0
7961 : 1
7962 : 1
7963 : 0
7964 : 1
7965 : 1
7966 : 0
7967 : 1
7968 : 1
7969 : 0
7970 : 1
7971 : 1
7972 : 0
7973 : 1
7974 : 1
7975 : 0
7976 : 1
7977 : 1
7978 : 0
7979 : 1
7980 : 1
7981 : 0
7982 : 1
7983 : 1
7984 : 0
7985 : 1
7986 : 1
7987 : 0
7988 : 1
7989 : 1
7990 : 0
7991 : 1
7992 : 1
7993 : 0
7994 : 1
7995 : 1
7996 : 0
7997 : 1
7998 : 1
7999 : 0
8000 : 1
8001 : 1
8002 : 0
8003 : 1
8004 : 1
8005 : 0
8006 : 1
8007 : 1
8008 : 0
8009 : 1
8010 : 1
8011 : 0
8012 : 1
8013 : 1
8014 : 0
8015 : 1
8016 : 1
8017 : 0
8018 : 1
8019 : 1
8020 : 0
8021 : 1
8022 : 1
8023 : 0
8024 : 1
8025 : 1
8026 : 0
8027 : 1
8028 : 1
8029 : 0
8030 : 1
8031 : 1
8032 : 0
8033 : 1
8034 : 1
8035 : 0
8036 : 1
8037 : 1
8038 : 0
8039 : 1
8040 : 1
8041 : 0
8042 : 1
8043 : 1
8044 : 0
8045 : 1
8046 : 1
8047 : 0
8048 : 1
8049 : 1
8050 : 0
8051 : 1
8052 : 1
8053 : 0
8054 : 1
8055 : 1
8056 : 0
8057 : 1
8058 : 1
8059 : 0
8060 : 1
8061 : 1
8062 : 0
8063 : 1
8064 : 1
8065 : 0
8066 : 1
8067 : 1
8068 : 0
8069 : 1
8070 : 1
8071 : 0
8072 : 1
8073 : 1
8074 : 0
8075 : 1
8076 : 1
8077 : 0
8078 : 1
8079 : 1
8080 : 0
8081 : 1
8082 : 1
8083 : 0
8084 : 1
8085 : 1
8086 : 0
8087 : 1
8088 : 1
8089 : 0
8090 : 1
8091 : 1
8092 : 0
8093 : 1
8094 : 1
8095 : 0
8096 : 1
8097 : 1
8098 : 0
8099 : 1
8100 : 1
8101 : 0
8102 : 1
8103 : 1
8104 : 0
8105 : 1
8106 : 1
8107 : 0
8108 : 1
8109 : 1
8110 : 0
8111 : 1
8112 : 1
8113 : 0
8114 : 1
8115 : 1
8116 : 0
8117 : 1
8118 : 1
8119 : 0
8120 : 1
8121 : 1
8122 : 0
8123 : 1
8124 : 1
8125 : 0
8126 : 1
8127 : 1
8128 : 0
8129 : 1
8130 : 1
8131 : 0
8132 : 1
8133 : 1
8134 : 0
8135 : 1
8136 : 1
8137 : 0
8138 : 1
8139 : 1
8140 : 0
8141 : 1
8142 : 1
8143 : 0
8144 : 1
8145 : 1
8146 : 0
8147 : 1
8148 : 1
8149 : 0
8150 : 1
8151 : 1
8152 : 0
8153 : 1
8154 : 1
8155 : 0
8156 : 1
8157 : 1
8158 : 0
8159 : 1
8160 : 1
8161 : 0
8162 : 1
8163 : 1
8164 : 0
8165 : 1
8166 : 1
8167 : 0
8168 : 1
8169 : 1
8170 : 0
8171 : 1
8172 : 1
8173 : 0
8174 : 1
8175 : 1
8176 : 0
8177 : 1
8178 : 1
8179 : 0
8180 : 1
8181 : 1
8182 : 0
8183 : 1
8184 : 1
8185 : 0
8186 : 1
8187 : 1
8188 : 0
8189 : 1
8190 : 1
8191 : 0
8192 : 1
8193 : 1
8194 : 0
8195 : 1
8196 : 1
8197 : 0
8198 : 1
8199 : 1
8200 : 0
8201 : 1
8202 : 1
8203 : 0
8204 : 1
8205 : 1
8206 : 0
8207 : 1
8208 : 1
8209 : 0
8210 : 1
8211 : 1
8212 : 0
8213 : 1
8214 : 1
8215 : 0
8216 : 1
8217 : 1
8218 : 0
8219 : 1
8220 : 1
8221 : 0
8222 : 1
8223 : 1
8224 : 0
8225 : 1
8226 : 1
8227 : 0
8228 : 1
8229 : 1
8230 : 0
8231 : 1
8232 : 1
8233 : 0
8234 : 1
8235 : 1
8236 : 0
8237 : 1
8238 : 1
8239 : 0
8240 : 1
8241 : 1
8242 : 0
8243 : 1
8244 : 1
8245 : 0
8246 : 1
8247 : 1
8248 : 0
8249 : 1
8250 : 1
8251 : 0
8252 : 1
8253 : 1
8254 : 0
8255 : 1
8256 : 1
8257 : 0
8258 : 1
8259 : 1
8260 : 0
8261 : 1
8262 : 1
8263 : 0
8264 : 1
8265 : 1
8266 : 0
8267 : 1
8268 : 1
8269 : 0
8270 : 1
8271 : 1
8272 : 0
8273 : 1
8274 : 1
8275 : 0
8276 : 1
8277 : 1
8278 : 0
8279 : 1
8280 : 1
8281 : 0
8282 : 1
8283 : 1
8284 : 0
8285 : 1
8286 : 1
8287 : 0
8288 : 1
8289 : 1
8290 : 0
8291 : 1
8292 : 1
8293 : 0
8294 : 1
8295 : 1
8296 : 0
8297 : 1
8298 : 1
8299 : 0
8300 : 1
8301 : 1
8302 : 0
8303 : 1
8304 : 1
8305 : 0
8306 : 1
8307 : 1
8308 : 0
8309 : 1
8310 : 1
8311 : 0
8312 : 1
8313 : 1
8314 : 0
8315 : 1
8316 : 1
8317 : 0
8318 : 1
8319 : 1
8320 : 0
8321 : 1
8322 : 1
8323 : 0
8324 : 1
8325 : 1
8326 : 0
8327 : 1
8328 : 1
8329 : 0
8330 : 1
8331 : 1
8332 : 0
8333 : 1
8334 : 1
8335 : 0
8336 : 1
8337 : 1
8338 : 0
8339 : 1
8340 : 1
8341 : 0
8342 : 1
8343 : 1
8344 : 0
8345 : 1
8346 : 1
8347 : 0
8348 : 1
8349 : 1
8350 : 0
8351 : 1
8352 : 1
8353 : 0
8354 : 1
8355 : 1
8356 : 0
8357 : 1
8358 : 1
8359 : 0
8360 : 1
8361 : 1
8362 : 0
8363 : 1
8364 : 1
8365 : 0
8366 : 1
8367 : 1
8368 : 0
8369 : 1
8370 : 1
8371 : 0
8372 : 1
8373 : 1
8374 : 0
8375 : 1
8376 : 1
8377 : 0
8378 : 1
8379 : 1
8380 : 0
8381 : 1
8382 : 1
8383 : 0
8384 : 1
8385 : 1
8386 : 0
8387 : 1
8388 : 1
8389 : 0
8390 : 1
8391 : 1
8392 : 0
8393 : 1
8394 : 1
8395 : 0
8396 : 1
8397 : 1
8398 : 0
8399 : 1
8400 : 1
8401 : 0
8402 : 1
8403 : 1
8404 : 0
8405 : 1
8406 : 1
8407 : 0
8408 : 1
8409 : 1
8410 : 0
8411 : 1
8412 : 1
8413 : 0
8414 : 1
8415 : 1
8416 : 0
8417 : 1
8418 : 1
8419 : 0
8420 : 1
8421 : 1
8422 : 0
8423 : 1
8424 : 1
8425 : 0
8426 : 1
8427 : 1
8428 : 0
8429 : 1
8430 : 1
8431 : 0
8432 : 1
8433 : 1
8434 : 0
8435 : 1
8436 : 1
8437 : 0
8438 : 1
8439 : 1
8440 : 0
8441 : 1
8442 : 1
8443 : 0
8444 : 1
8445 : 1
8446 : 0
8447 : 1
8448 : 1
8449 : 0
8450 : 1
8451 : 1
8452 : 0
8453 : 1
8454 : 1
8455 : 0
8456 : 1
8457 : 1
8458 : 0
8459 : 1
8460 : 1
8461 : 0
8462 : 1
8463 : 1
8464 : 0
8465 : 1
8466 : 1
8467 : 0
8468 : 1
8469 : 1
8470 : 0
8471 : 1
8472 : 1
8473 : 0
8474 : 1
8475 : 1
8476 : 0
8477 : 1
8478 : 1
8479 : 0
8480 : 1
8481 : 1
8482 : 0
8483 : 1
8484 : 1
8485 : 0
8486 : 1
8487 : 1
8488 : 0
8489 : 1
8490 : 1
8491 : 0
8492 : 1
8493 : 1
8494 : 0
8495 : 1
8496 : 1
8497 : 0
8498 : 1
8499 : 1
8500 : 0
8501 : 1
8502 : 1
8503 : 0
8504 : 1
8505 : 1
8506 : 0
8507 : 1
8508 : 1
8509 : 0
8510 : 1
8511 : 1
8512 : 0
8513 : 1
8514 : 1
8515 : 0
8516 : 1
8517 : 1
8518 : 0
8519 : 1
8520 : 1
8521 : 0
8522 : 1
8523 : 1
8524 : 0
8525 : 1
8526 : 1
8527 : 0
8528 : 1
8529 : 1
8530 : 0
8531 : 1
8532 : 1
8533 : 0
8534 : 1
8535 : 1
8536 : 0
8537 : 1
8538 : 1
8539 : 0
8540 : 1
8541 : 1
8542 : 0
8543 : 1
8544 : 1
8545 : 0
8546 : 1
8547 : 1
8548 : 0
8549 : 1
8550 : 1
8551 : 0
8552 : 1
8553 : 1
8554 : 0
8555 : 1
8556 : 1
8557 : 0
8558 : 1
8559 : 1
8560 : 0
8561 : 1
8562 : 1
8563 : 0
8564 : 1
8565 : 1
8566 : 0
8567 : 1
8568 : 1
8569 : 0
8570 : 1
8571 : 1
8572 : 0
8573 : 1
8574 : 1
8575 : 0
8576 : 1
8577 : 1
8578 : 0
8579 : 1
8580 : 1
8581 : 0
8582 : 1
8583 : 1
8584 : 0
8585 : 1
8586 : 1
8587 : 0
8588 : 1
8589 : 1
8590 : 0
8591 : 1
8592 : 1
8593 : 0
8594 : 1
8595 : 1
8596 : 0
8597 : 1
8598 : 1
8599 : 0
8600 : 1
8601 : 1
8602 : 0
8603 : 1
8604 : 1
8605 : 0
8606 : 1
8607 : 1
8608 : 0
8609 : 1
8610 : 1
8611 : 0
8612 : 1
8613 : 1
8614 : 0
8615 : 1
8616 : 1
8617 : 0
8618 : 1
8619 : 1
8620 : 0
8621 : 1
8622 : 1
8623 : 0
8624 : 1
8625 : 1
8626 : 0
8627 : 1
8628 : 1
8629 : 0
8630 : 1
8631 : 1
8632 : 0
8633 : 1
8634 : 1
8635 : 0
8636 : 1
8637 : 1
8638 : 0
8639 : 1
8640 : 1
8641 : 0
8642 : 1
8643 : 1
8644 : 0
8645 : 1
8646 : 1
8647 : 0
8648 : 1
8649 : 1
8650 : 0
8651 : 1
8652 : 1
8653 : 0
8654 : 1
8655 : 1
8656 : 0
8657 : 1
8658 : 1
8659 : 0
8660 : 1
8661 : 1
8662 : 0
8663 : 1
8664 : 1
8665 : 0
8666 : 1
8667 : 1
8668 : 0
8669 : 1
8670 : 1
8671 : 0
8672 : 1
8673 : 1
8674 : 0
8675 : 1
8676 : 1
8677 : 0
8678 : 1
8679 : 1
8680 : 0
8681 : 1
8682 : 1
8683 : 0
8684 : 1
8685 : 1
8686 : 0
8687 : 1
8688 : 1
8689 : 0
8690 : 1
8691 : 1
8692 : 0
8693 : 1
8694 : 1
8695 : 0
8696 : 1
8697 : 1
8698 : 0
8699 : 1
8700 : 1
8701 : 0
8702 : 1
8703 : 1
8704 : 0
8705 : 1
8706 : 1
8707 : 0
8708 : 1
8709 : 1
8710 : 0
8711 : 1
8712 : 1
8713 : 0
8714 : 1
8715 : 1
8716 : 0
8717 : 1
8718 : 1
8719 : 0
8720 : 1
8721 : 1
8722 : 0
8723 : 1
8724 : 1
8725 : 0
8726 : 1
8727 : 1
8728 : 0
8729 : 1
8730 : 1
8731 : 0
8732 : 1
8733 : 1
8734 : 0
8735 : 1
8736 : 1
8737 : 0
8738 : 1
8739 : 1
8740 : 0
8741 : 1
8742 : 1
8743 : 0
8744 : 1
8745 : 1
8746 : 0
8747 : 1
8748 : 1
8749 : 0
8750 : 1
8751 : 1
8752 : 0
8753 : 1
8754 : 1
8755 : 0
8756 : 1
8757 : 1
8758 : 0
8759 : 1
8760 : 1
8761 : 0
8762 : 1
8763 : 1
8764 : 0
8765 : 1
8766 : 1
8767 : 0
8768 : 1
8769 : 1
8770 : 0
8771 : 1
8772 : 1
8773 : 0
8774 : 1
8775 : 1
8776 : 0
8777 : 1
8778 : 1
8779 : 0
8780 : 1
8781 : 1
8782 : 0
8783 : 1
8784 : 1
8785 : 0
8786 : 1
8787 : 1
8788 : 0
8789 : 1
8790 : 1
8791 : 0
8792 : 1
8793 : 1
8794 : 0
8795 : 1
8796 : 1
8797 : 0
8798 : 1
8799 : 1
8800 : 0
8801 : 1
8802 : 1
8803 : 0
8804 : 1
8805 : 1
8806 : 0
8807 : 1
8808 : 1
8809 : 0
8810 : 1
8811 : 1
8812 : 0
8813 : 1
8814 : 1
8815 : 0
8816 : 1
8817 : 1
8818 : 0
8819 : 1
8820 : 1
8821 : 0
8822 : 1
8823 : 1
8824 : 0
8825 : 1
8826 : 1
8827 : 0
8828 : 1
8829 : 1
8830 : 0
8831 : 1
8832 : 1
8833 : 0
8834 : 1
8835 : 1
8836 : 0
8837 : 1
8838 : 1
8839 : 0
8840 : 1
8841 : 1
8842 : 0
8843 : 1
8844 : 1
8845 : 0
8846 : 1
8847 : 1
8848 : 0
8849 : 1
8850 : 1
8851 : 0
8852 : 1
8853 : 1
8854 : 0
8855 : 1
8856 : 1
8857 : 0
8858 : 1
8859 : 1
8860 : 0
8861 : 1
8862 : 1
8863 : 0
8864 : 1
8865 : 1
8866 : 0
8867 : 1
8868 : 1
8869 : 0
8870 : 1
8871 : 1
8872 : 0
8873 : 1
8874 : 1
8875 : 0
8876 : 1
8877 : 1
8878 : 0
8879 : 1
8880 : 1
8881 : 0
8882 : 1
8883 : 1
8884 : 0
8885 : 1
8886 : 1
8887 : 0
8888 : 1
8889 : 1
8890 : 0
8891 : 1
8892 : 1
8893 : 0
8894 : 1
8895 : 1
8896 : 0
8897 : 1
8898 : 1
8899 : 0
8900 : 1
8901 : 1
8902 : 0
8903 : 1
8904 : 1
8905 : 0
8906 : 1
8907 : 1
8908 : 0
8909 : 1
8910 : 1
8911 : 0
8912 : 1
8913 : 1
8914 : 0
8915 : 1
8916 : 1
8917 : 0
8918 : 1
8919 : 1
8920 : 0
8921 : 1
8922 : 1
8923 : 0
8924 : 1
8925 : 1
8926 : 0
8927 : 1
8928 : 1
8929 : 0
8930 : 1
8931 : 1
8932 : 0
8933 : 1
8934 : 1
8935 : 0
8936 : 1
8937 : 1
8938 : 0
8939 : 1
8940 : 1
8941 : 0
8942 : 1
8943 : 1
8944 : 0
8945 : 1
8946 : 1
8947 : 0
8948 : 1
8949 : 1
8950 : 0
8951 : 1
8952 : 1
8953 : 0
8954 : 1
8955 : 1
8956 : 0
8957 : 1
8958 : 1
8959 : 0
8960 : 1
8961 : 1
8962 : 0
8963 : 1
8964 : 1
8965 : 0
8966 : 1
8967 : 1
8968 : 0
8969 : 1
8970 : 1
8971 : 0
8972 : 1
8973 : 1
8974 : 0
8975 : 1
8976 : 1
8977 : 0
8978 : 1
8979 : 1
8980 : 0
8981 : 1
8982 : 1
8983 : 0
8984 : 1
8985 : 1
8986 : 0
8987 : 1
8988 : 1
8989 : 0
8990 : 1
8991 : 1
8992 : 0
8993 : 1
8994 : 1
8995 : 0
8996 : 1
8997 : 1
8998 : 0
8999 : 1
9000 : 1
9001 : 0
9002 : 1
9003 : 1
9004 : 0
9005 : 1
9006 : 1
9007 : 0
9008 : 1
9009 : 1
9010 : 0
9011 : 1
9012 : 1
9013 : 0
9014 : 1
9015 : 1
9016 : 0
9017 : 1
9018 : 1
9019 : 0
9020 : 1
9021 : 1
9022 : 0
9023 : 1
9024 : 1
9025 : 0
9026 : 1
9027 : 1
9028 : 0
9029 : 1
9030 : 1
9031 : 0
9032 : 1
9033 : 1
9034 : 0
9035 : 1
9036 : 1
9037 : 0
9038 : 1
9039 : 1
9040 : 0
9041 : 1
9042 : 1
9043 : 0
9044 : 1
9045 : 1
9046 : 0
9047 : 1
9048 : 1
9049 : 0
9050 : 1
9051 : 1
9052 : 0
9053 : 1
9054 : 1
9055 : 0
9056 : 1
9057 : 1
9058 : 0
9059 : 1
9060 : 1
9061 : 0
9062 : 1
9063 : 1
9064 : 0
9065 : 1
9066 : 1
9067 : 0
9068 : 1
9069 : 1
9070 : 0
9071 : 1
9072 : 1
9073 : 0
9074 : 1
9075 : 1
9076 : 0
9077 : 1
9078 : 1
9079 : 0
9080 : 1
9081 : 1
9082 : 0
9083 : 1
9084 : 1
9085 : 0
9086 : 1
9087 : 1
9088 : 0
9089 : 1
9090 : 1
9091 : 0
9092 : 1
9093 : 1
9094 : 0
9095 : 1
9096 : 1
9097 : 0
9098 : 1
9099 : 1
9100 : 0
9101 : 1
9102 : 1
9103 : 0
9104 : 1
9105 : 1
9106 : 0
9107 : 1
9108 : 1
9109 : 0
9110 : 1
9111 : 1
9112 : 0
9113 : 1
9114 : 1
9115 : 0
9116 : 1
9117 : 1
9118 : 0
9119 : 1
9120 : 1
9121 : 0
9122 : 1
9123 : 1
9124 : 0
9125 : 1
9126 : 1
9127 : 0
9128 : 1
9129 : 1
9130 : 0
9131 : 1
9132 : 1
9133 : 0
9134 : 1
9135 : 1
9136 : 0
9137 : 1
9138 : 1
9139 : 0
9140 : 1
9141 : 1
9142 : 0
9143 : 1
9144 : 1
9145 : 0
9146 : 1
9147 : 1
9148 : 0
9149 : 1
9150 : 1
9151 : 0
9152 : 1
9153 : 1
9154 : 0
9155 : 1
9156 : 1
9157 : 0
9158 : 1
9159 : 1
9160 : 0
9161 : 1
9162 : 1
9163 : 0
9164 : 1
9165 : 1
9166 : 0
9167 : 1
9168 : 1
9169 : 0
9170 : 1
9171 : 1
9172 : 0
9173 : 1
9174 : 1
9175 : 0
9176 : 1
9177 : 1
9178 : 0
9179 : 1
9180 : 1
9181 : 0
9182 : 1
9183 : 1
9184 : 0
9185 : 1
9186 : 1
9187 : 0
9188 : 1
9189 : 1
9190 : 0
9191 : 1
9192 : 1
9193 : 0
9194 : 1
9195 : 1
9196 : 0
9197 : 1
9198 : 1
9199 : 0
9200 : 1
9201 : 1
9202 : 0
9203 : 1
9204 : 1
9205 : 0
9206 : 1
9207 : 1
9208 : 0
9209 : 1
9210 : 1
9211 : 0
9212 : 1
9213 : 1
9214 : 0
9215 : 1
9216 : 1
9217 : 0
9218 : 1
9219 : 1
9220 : 0
9221 : 1
9222 : 1
9223 : 0
9224 : 1
9225 : 1
9226 : 0
9227 : 1
9228 : 1
9229 : 0
9230 : 1
9231 : 1
9232 : 0
9233 : 1
9234 : 1
9235 : 0
9236 : 1
9237 : 1
9238 : 0
9239 : 1
9240 : 1
9241 : 0
9242 : 1
9243 : 1
9244 : 0
9245 : 1
9246 : 1
9247 : 0
9248 : 1
9249 : 1
9250 : 0
9251 : 1
9252 : 1
9253 : 0
9254 : 1
9255 : 1
9256 : 0
9257 : 1
9258 : 1
9259 : 0
9260 : 1
9261 : 1
9262 : 0
9263 : 1
9264 : 1
9265 : 0
9266 : 1
9267 : 1
9268 : 0
9269 : 1
9270 : 1
9271 : 0
9272 : 1
9273 : 1
9274 : 0
9275 : 1
9276 : 1
9277 : 0
9278 : 1
9279 : 1
9280 : 0
9281 : 1
9282 : 1
9283 : 0
9284 : 1
9285 : 1
9286 : 0
9287 : 1
9288 : 1
9289 : 0
9290 : 1
9291 : 1
9292 : 0
9293 : 1
9294 : 1
9295 : 0
9296 : 1
9297 : 1
9298 : 0
9299 : 1
9300 : 1
9301 : 0
9302 : 1
9303 : 1
9304 : 0
9305 : 1
9306 : 1
9307 : 0
9308 : 1
9309 : 1
9310 : 0
9311 : 1
9312 : 1
9313 : 0
9314 : 1
9315 : 1
9316 : 0
9317 : 1
9318 : 1
9319 : 0
9320 : 1
9321 : 1
9322 : 0
9323 : 1
9324 : 1
9325 : 0
9326 : 1
9327 : 1
9328 : 0
9329 : 1
9330 : 1
9331 : 0
9332 : 1
9333 : 1
9334 : 0
9335 : 1
9336 : 1
9337 : 0
9338 : 1
9339 : 1
9340 : 0
9341 : 1
9342 : 1
9343 : 0
9344 : 1
9345 : 1
9346 : 0
9347 : 1
9348 : 1
9349 : 0
9350 : 1
9351 : 1
9352 : 0
9353 : 1
9354 : 1
9355 : 0
9356 : 1
9357 : 1
9358 : 0
9359 : 1
9360 : 1
9361 : 0
9362 : 1
9363 : 1
9364 : 0
9365 : 1
9366 : 1
9367 : 0
9368 : 1
9369 : 1
9370 : 0
9371 : 1
9372 : 1
9373 : 0
9374 : 1
9375 : 1
9376 : 0
9377 : 1
9378 : 1
9379 : 0
9380 : 1
9381 : 1
9382 : 0
9383 : 1
9384 : 1
9385 : 0
9386 : 1
9387 : 1
9388 : 0
9389 : 1
9390 : 1
9391 : 0
9392 : 1
9393 : 1
9394 : 0
9395 : 1
9396 : 1
9397 : 0
9398 : 1
9399 : 1
9400 : 0
9401 : 1
9402 : 1
9403 : 0
9404 : 1
9405 : 1
9406 : 0
9407 : 1
9408 : 1
9409 : 0
9410 : 1
9411 : 1
9412 : 0
9413 : 1
9414 : 1
9415 : 0
9416 : 1
9417 : 1
9418 : 0
9419 : 1
9420 : 1
9421 : 0
9422 : 1
9423 : 1
9424 : 0
9425 : 1
9426 : 1
9427 : 0
9428 : 1
9429 : 1
9430 : 0
9431 : 1
9432 : 1
9433 : 0
9434 : 1
9435 : 1
9436 : 0
9437 : 1
9438 : 1
9439 : 0
9440 : 1
9441 : 1
9442 : 0
9443 : 1
9444 : 1
9445 : 0
9446 : 1
9447 : 1
9448 : 0
9449 : 1
9450 : 1
9451 : 0
9452 : 1
9453 : 1
9454 : 0
9455 : 1
9456 : 1
9457 : 0
9458 : 1
9459 : 1
9460 : 0
9461 : 1
9462 : 1
9463 : 0
9464 : 1
9465 : 1
9466 : 0
9467 : 1
9468 : 1
9469 : 0
9470 : 1
9471 : 1
9472 : 0
9473 : 1
9474 : 1
9475 : 0
9476 : 1
9477 : 1
9478 : 0
9479 : 1
9480 : 1
9481 : 0
9482 : 1
9483 : 1
9484 : 0
9485 : 1
9486 : 1
9487 : 0
9488 : 1
9489 : 1
9490 : 0
9491 : 1
9492 : 1
9493 : 0
9494 : 1
9495 : 1
9496 : 0
9497 : 1
9498 : 1
9499 : 0
9500 : 1
9501 : 1
9502 : 0
9503 : 1
9504 : 1
9505 : 0
9506 : 1
9507 : 1
9508 : 0
9509 : 1
9510 : 1
9511 : 0
9512 : 1
9513 : 1
9514 : 0
9515 : 1
9516 : 1
9517 : 0
9518 : 1
9519 : 1
9520 : 0
9521 : 1
9522 : 1
9523 : 0
9524 : 1
9525 : 1
9526 : 0
9527 : 1
9528 : 1
9529 : 0
9530 : 1
9531 : 1
9532 : 0
9533 : 1
9534 : 1
9535 : 0
9536 : 1
9537 : 1
9538 : 0
9539 : 1
9540 : 1
9541 : 0
9542 : 1
9543 : 1
9544 : 0
9545 : 1
9546 : 1
9547 : 0
9548 : 1
9549 : 1
9550 : 0
9551 : 1
9552 : 1
9553 : 0
9554 : 1
9555 : 1
9556 : 0
9557 : 1
9558 : 1
9559 : 0
9560 : 1
9561 : 1
9562 : 0
9563 : 1
9564 : 1
9565 : 0
9566 : 1
9567 : 1
9568 : 0
9569 : 1
9570 : 1
9571 : 0
9572 : 1
9573 : 1
9574 : 0
9575 : 1
9576 : 1
9577 : 0
9578 : 1
9579 : 1
9580 : 0
9581 : 1
9582 : 1
9583 : 0
9584 : 1
9585 : 1
9586 : 0
9587 : 1
9588 : 1
9589 : 0
9590 : 1
9591 : 1
9592 : 0
9593 : 1
9594 : 1
9595 : 0
9596 : 1
9597 : 1
9598 : 0
9599 : 1
9600 : 1
9601 : 0
9602 : 1
9603 : 1
9604 : 0
9605 : 1
9606 : 1
9607 : 0
9608 : 1
9609 : 1
9610 : 0
9611 : 1
9612 : 1
9613 : 0
9614 : 1
9615 : 1
9616 : 0
9617 : 1
9618 : 1
9619 : 0
9620 : 1
9621 : 1
9622 : 0
9623 : 1
9624 : 1
9625 : 0
9626 : 1
9627 : 1
9628 : 0
9629 : 1
9630 : 1
9631 : 0
9632 : 1
9633 : 1
9634 : 0
9635 : 1
9636 : 1
9637 : 0
9638 : 1
9639 : 1
9640 : 0
9641 : 1
9642 : 1
9643 : 0
9644 : 1
9645 : 1
9646 : 0
9647 : 1
9648 : 1
9649 : 0
9650 : 1
9651 : 1
9652 : 0
9653 : 1
9654 : 1
9655 : 0
9656 : 1
9657 : 1
9658 : 0
9659 : 1
9660 : 1
9661 : 0
9662 : 1
9663 : 1
9664 : 0
9665 : 1
9666 : 1
9667 : 0
9668 : 1
9669 : 1
9670 : 0
9671 : 1
9672 : 1
9673 : 0
9674 : 1
9675 : 1
9676 : 0
9677 : 1
9678 : 1
9679 : 0
9680 : 1
9681 : 1
9682 : 0
9683 : 1
9684 : 1
9685 : 0
9686 : 1
9687 : 1
9688 : 0
9689 : 1
9690 : 1
9691 : 0
9692 : 1
9693 : 1
9694 : 0
9695 : 1
9696 : 1
9697 : 0
9698 : 1
9699 : 1
9700 : 0
9701 : 1
9702 : 1
9703 : 0
9704 : 1
9705 : 1
9706 : 0
9707 : 1
9708 : 1
9709 : 0
9710 : 1
9711 : 1
9712 : 0
9713 : 1
9714 : 1
9715 : 0
9716 : 1
9717 : 1
9718 : 0
9719 : 1
9720 : 1
9721 : 0
9722 : 1
9723 : 1
9724 : 0
9725 : 1
9726 : 1
9727 : 0
9728 : 1
9729 : 1
9730 : 0
9731 : 1
9732 : 1
9733 : 0
9734 : 1
9735 : 1
9736 : 0
9737 : 1
9738 : 1
9739 : 0
9740 : 1
9741 : 1
9742 : 0
9743 : 1
9744 : 1
9745 : 0
9746 : 1
9747 : 1
9748 : 0
9749 : 1
9750 : 1
9751 : 0
9752 : 1
9753 : 1
9754 : 0
9755 : 1
9756 : 1
9757 : 0
9758 : 1
9759 : 1
9760 : 0
9761 : 1
9762 : 1
9763 : 0
9764 : 1
9765 : 1
9766 : 0
9767 : 1
9768 : 1
9769 : 0
9770 : 1
9771 : 1
9772 : 0
9773 : 1
9774 : 1
9775 : 0
9776 : 1
9777 : 1
9778 : 0
9779 : 1
9780 : 1
9781 : 0
9782 : 1
9783 : 1
9784 : 0
9785 : 1
9786 : 1
9787 : 0
9788 : 1
9789 : 1
9790 : 0
9791 : 1
9792 : 1
9793 : 0
9794 : 1
9795 : 1
9796 : 0
9797 : 1
9798 : 1
9799 : 0
9800 : 1
9801 : 1
9802 : 0
9803 : 1
9804 : 1
9805 : 0
9806 : 1
9807 : 1
9808 : 0
9809 : 1
9810 : 1
9811 : 0
9812 : 1
9813 : 1
9814 : 0
9815 : 1
9816 : 1
9817 : 0
9818 : 1
9819 : 1
9820 : 0
9821 : 1
9822 : 1
9823 : 0
9824 : 1
9825 : 1
9826 : 0
9827 : 1
9828 : 1
9829 : 0
9830 : 1
9831 : 1
9832 : 0
9833 : 1
9834 : 1
9835 : 0
9836 : 1
9837 : 1
9838 : 0
9839 : 1
9840 : 1
9841 : 0
9842 : 1
9843 : 1
9844 : 0
9845 : 1
9846 : 1
9847 : 0
9848 : 1
9849 : 1
9850 : 0
9851 : 1
9852 : 1
9853 : 0
9854 : 1
9855 : 1
9856 : 0
9857 : 1
9858 : 1
9859 : 0
9860 : 1
9861 : 1
9862 : 0
9863 : 1
9864 : 1
9865 : 0
9866 : 1
9867 : 1
9868 : 0
9869 : 1
9870 : 1
9871 : 0
9872 : 1
9873 : 1
9874 : 0
9875 : 1
9876 : 1
9877 : 0
9878 : 1
9879 : 1
9880 : 0
9881 : 1
9882 : 1
9883 : 0
9884 : 1
9885 : 1
9886 : 0
9887 : 1
9888 : 1
9889 : 0
9890 : 1
9891 : 1
9892 : 0
9893 : 1
9894 : 1
9895 : 0
9896 : 1
9897 : 1
9898 : 0
9899 : 1
9900 : 1
9901 : 0
9902 : 1
9903 : 1
9904 : 0
9905 : 1
9906 : 1
9907 : 0
9908 : 1
9909 : 1
9910 : 0
9911 : 1
9912 : 1
9913 : 0
9914 : 1
9915 : 1
9916 : 0
9917 : 1
9918 : 1
9919 : 0
9920 : 1
9921 : 1
9922 : 0
9923 : 1
9924 : 1
9925 : 0
9926 : 1
9927 : 1
9928 : 0
9929 : 1
9930 : 1
9931 : 0
9932 : 1
9933 : 1
9934 : 0
9935 : 1
9936 : 1
9937 : 0
9938 : 1
9939 : 1
9940 : 0
9941 : 1
9942 : 1
9943 : 0
9944 : 1
9945 : 1
9946 : 0
9947 : 1
9948 : 1
9949 : 0
9950 : 1
9951 : 1
9952 : 0
9953 : 1
9954 : 1
9955 : 0
9956 : 1
9957 : 1
9958 : 0
9959 : 1
9960 : 1
9961 : 0
9962 : 1
9963 : 1
9964 : 0
9965 : 1
9966 : 1
9967 : 0
9968 : 1
9969 : 1
9970 : 0
9971 : 1
9972 : 1
9973 : 0
9974 : 1
9975 : 1
9976 : 0
9977 : 1
9978 : 1
9979 : 0
9980 : 1
9981 : 1
9982 : 0
9983 : 1
9984 : 1
9985 : 0
9986 : 1
9987 : 1
9988 : 0
9989 : 1
9990 : 1
9991 : 0
9992 : 1
9993 : 1
9994 : 0
9995 : 1
9996 : 1
9997 : 0
9998 : 1
9999 : 1
10000 : 0
