1273.499117
793.015290
807.402006
693.492610
473.342371
1089.148750
1548.798567
873.886148
1498.384463
1456.457689
821.711020
946.052853
958.488915
1656.457968
846.934472
838.127675
1191.926172
1754.796854
1354.920662
942.821298
798.820380
1021.070517
1301.768413
885.014124
1249.933198
615.552597
367.413936
844.810630
999.490370
1049.687573
762.623105
503.563303
1154.670949
1475.280312
316.291005
611.478536
492.284471
1519.434105
957.564097
495.290824
437.154435
935.307971
424.643380
725.724466
1437.993741
894.343335
655.890997
1524.842615
815.268361
761.037450
1158.552545
914.685738
874.725671
782.586098
575.586657
909.077004
